<?xml version="1.0" encoding="UTF-8"?>
<testng-results skipped="0" failed="18" ignored="0" total="21" passed="3">
  <reporter-output>
  </reporter-output>
  <suite name="Default suite" duration-ms="777208" started-at="2019-01-03T11:30:42Z" finished-at="2019-01-03T11:43:39Z">
    <groups>
    </groups>
    <test name="Default test" duration-ms="777208" started-at="2019-01-03T11:30:42Z" finished-at="2019-01-03T11:43:39Z">
      <class name="Tests.testCreateAccount">
        <test-method status="PASS" signature="setUp()[pri:0, instance:Tests.testCreateAccount@239963d8]" name="setUp" is-config="true" duration-ms="12101" started-at="2019-01-03T11:30:42Z" finished-at="2019-01-03T11:30:54Z">
          <reporter-output>
          </reporter-output>
        </test-method> <!-- setUp -->
        <test-method status="PASS" signature="testCreateAccountButtonWorking()[pri:0, instance:Tests.testCreateAccount@239963d8]" name="testCreateAccountButtonWorking" duration-ms="11539" started-at="2019-01-03T11:30:54Z" finished-at="2019-01-03T11:31:06Z">
          <reporter-output>
          </reporter-output>
        </test-method> <!-- testCreateAccountButtonWorking -->
        <test-method status="PASS" signature="testInternationalTeamSelected()[pri:1, instance:Tests.testCreateAccount@239963d8]" name="testInternationalTeamSelected" duration-ms="16361" started-at="2019-01-03T11:31:06Z" finished-at="2019-01-03T11:31:22Z">
          <reporter-output>
          </reporter-output>
        </test-method> <!-- testInternationalTeamSelected -->
        <test-method status="PASS" signature="testLeagueSelected()[pri:2, instance:Tests.testCreateAccount@239963d8]" name="testLeagueSelected" duration-ms="5887" started-at="2019-01-03T11:31:22Z" finished-at="2019-01-03T11:31:28Z">
          <reporter-output>
          </reporter-output>
        </test-method> <!-- testLeagueSelected -->
        <test-method status="FAIL" signature="testDomesticTeamSelected()[pri:3, instance:Tests.testCreateAccount@239963d8]" name="testDomesticTeamSelected" duration-ms="618055" started-at="2019-01-03T11:31:28Z" finished-at="2019-01-03T11:41:46Z">
          <exception class="org.openqa.selenium.WebDriverException">
            <message>
              <![CDATA[java.io.IOException: unexpected end of stream on Connection{0.0.0.0:4723, proxy=DIRECT hostAddress=/0.0.0.0:4723 cipherSuite=none protocol=http/1.1}
Build info: version: '3.141.59', revision: 'e82be7d358', time: '2018-11-14T08:17:03'
System info: host: 'ucreate8-All-Series', ip: '127.0.1.1', os.name: 'Linux', os.arch: 'amd64', os.version: '4.15.0-43-generic', java.version: '1.8.0_191'
Driver info: driver.version: AppiumDriver]]>
            </message>
            <full-stacktrace>
              <![CDATA[org.openqa.selenium.WebDriverException: java.io.IOException: unexpected end of stream on Connection{0.0.0.0:4723, proxy=DIRECT hostAddress=/0.0.0.0:4723 cipherSuite=none protocol=http/1.1}
Build info: version: '3.141.59', revision: 'e82be7d358', time: '2018-11-14T08:17:03'
System info: host: 'ucreate8-All-Series', ip: '127.0.1.1', os.name: 'Linux', os.arch: 'amd64', os.version: '4.15.0-43-generic', java.version: '1.8.0_191'
Driver info: driver.version: AppiumDriver
at io.appium.java_client.remote.AppiumCommandExecutor.execute(AppiumCommandExecutor.java:233)
at org.openqa.selenium.remote.RemoteWebDriver.execute(RemoteWebDriver.java:552)
at io.appium.java_client.DefaultGenericMobileDriver.execute(DefaultGenericMobileDriver.java:42)
at io.appium.java_client.AppiumDriver.execute(AppiumDriver.java:1)
at org.openqa.selenium.remote.RemoteWebDriver.findElement(RemoteWebDriver.java:323)
at io.appium.java_client.DefaultGenericMobileDriver.findElement(DefaultGenericMobileDriver.java:62)
at io.appium.java_client.AppiumDriver.findElement(AppiumDriver.java:1)
at org.openqa.selenium.remote.RemoteWebDriver.findElementByXPath(RemoteWebDriver.java:428)
at io.appium.java_client.DefaultGenericMobileDriver.findElementByXPath(DefaultGenericMobileDriver.java:152)
at io.appium.java_client.AppiumDriver.findElementByXPath(AppiumDriver.java:1)
at Tests.testCreateAccount.testDomesticTeamSelected(testCreateAccount.java:84)
at sun.reflect.NativeMethodAccessorImpl.invoke0(Native Method)
at sun.reflect.NativeMethodAccessorImpl.invoke(NativeMethodAccessorImpl.java:62)
at sun.reflect.DelegatingMethodAccessorImpl.invoke(DelegatingMethodAccessorImpl.java:43)
at java.lang.reflect.Method.invoke(Method.java:498)
at org.testng.internal.MethodInvocationHelper.invokeMethod(MethodInvocationHelper.java:124)
at org.testng.internal.Invoker.invokeMethod(Invoker.java:583)
at org.testng.internal.Invoker.invokeTestMethod(Invoker.java:719)
at org.testng.internal.Invoker.invokeTestMethods(Invoker.java:989)
at org.testng.internal.TestMethodWorker.invokeTestMethods(TestMethodWorker.java:125)
at org.testng.internal.TestMethodWorker.run(TestMethodWorker.java:109)
at org.testng.TestRunner.privateRun(TestRunner.java:648)
at org.testng.TestRunner.run(TestRunner.java:505)
at org.testng.SuiteRunner.runTest(SuiteRunner.java:455)
at org.testng.SuiteRunner.runSequentially(SuiteRunner.java:450)
at org.testng.SuiteRunner.privateRun(SuiteRunner.java:415)
at org.testng.SuiteRunner.run(SuiteRunner.java:364)
at org.testng.SuiteRunnerWorker.runSuite(SuiteRunnerWorker.java:52)
at org.testng.SuiteRunnerWorker.run(SuiteRunnerWorker.java:84)
at org.testng.TestNG.runSuitesSequentially(TestNG.java:1208)
at org.testng.TestNG.runSuitesLocally(TestNG.java:1137)
at org.testng.TestNG.runSuites(TestNG.java:1049)
at org.testng.TestNG.run(TestNG.java:1017)
at org.testng.remote.AbstractRemoteTestNG.run(AbstractRemoteTestNG.java:114)
at org.testng.remote.RemoteTestNG.initAndRun(RemoteTestNG.java:251)
at org.testng.remote.RemoteTestNG.main(RemoteTestNG.java:77)
Caused by: java.io.IOException: unexpected end of stream on Connection{0.0.0.0:4723, proxy=DIRECT hostAddress=/0.0.0.0:4723 cipherSuite=none protocol=http/1.1}
at okhttp3.internal.http1.Http1Codec.readResponseHeaders(Http1Codec.java:208)
at okhttp3.internal.http.CallServerInterceptor.intercept(CallServerInterceptor.java:88)
at okhttp3.internal.http.RealInterceptorChain.proceed(RealInterceptorChain.java:147)
at okhttp3.internal.http.RealInterceptorChain.proceed(RealInterceptorChain.java:121)
at org.openqa.selenium.remote.internal.OkHttpClient$Factory$1.lambda$createClient$1(OkHttpClient.java:152)
at okhttp3.internal.http.RealInterceptorChain.proceed(RealInterceptorChain.java:147)
at okhttp3.internal.connection.ConnectInterceptor.intercept(ConnectInterceptor.java:45)
at okhttp3.internal.http.RealInterceptorChain.proceed(RealInterceptorChain.java:147)
at okhttp3.internal.http.RealInterceptorChain.proceed(RealInterceptorChain.java:121)
at okhttp3.internal.cache.CacheInterceptor.intercept(CacheInterceptor.java:93)
at okhttp3.internal.http.RealInterceptorChain.proceed(RealInterceptorChain.java:147)
at okhttp3.internal.http.RealInterceptorChain.proceed(RealInterceptorChain.java:121)
at okhttp3.internal.http.BridgeInterceptor.intercept(BridgeInterceptor.java:93)
at okhttp3.internal.http.RealInterceptorChain.proceed(RealInterceptorChain.java:147)
at okhttp3.internal.http.RetryAndFollowUpInterceptor.intercept(RetryAndFollowUpInterceptor.java:126)
at okhttp3.internal.http.RealInterceptorChain.proceed(RealInterceptorChain.java:147)
at okhttp3.internal.http.RealInterceptorChain.proceed(RealInterceptorChain.java:121)
at okhttp3.RealCall.getResponseWithInterceptorChain(RealCall.java:200)
at okhttp3.RealCall.execute(RealCall.java:77)
at org.openqa.selenium.remote.internal.OkHttpClient.execute(OkHttpClient.java:103)
at org.openqa.selenium.remote.HttpCommandExecutor.execute(HttpCommandExecutor.java:155)
at io.appium.java_client.remote.AppiumCommandExecutor.execute(AppiumCommandExecutor.java:218)
... 35 more
Caused by: java.io.EOFException: \n not found: limit=0 content=…
at okio.RealBufferedSource.readUtf8LineStrict(RealBufferedSource.java:237)
at okhttp3.internal.http1.Http1Codec.readHeaderLine(Http1Codec.java:215)
at okhttp3.internal.http1.Http1Codec.readResponseHeaders(Http1Codec.java:189)
... 56 more
]]>
            </full-stacktrace>
          </exception> <!-- org.openqa.selenium.WebDriverException -->
          <reporter-output>
          </reporter-output>
        </test-method> <!-- testDomesticTeamSelected -->
        <test-method status="FAIL" signature="testTermsCondAccpeted()[pri:4, instance:Tests.testCreateAccount@239963d8]" name="testTermsCondAccpeted" duration-ms="113092" started-at="2019-01-03T11:41:46Z" finished-at="2019-01-03T11:43:39Z">
          <exception class="org.openqa.selenium.NoSuchSessionException">
            <message>
              <![CDATA[A session is either terminated or not started
Build info: version: '3.141.59', revision: 'e82be7d358', time: '2018-11-14T08:17:03'
System info: host: 'ucreate8-All-Series', ip: '127.0.1.1', os.name: 'Linux', os.arch: 'amd64', os.version: '4.15.0-43-generic', java.version: '1.8.0_191'
Driver info: io.appium.java_client.AppiumDriver
Capabilities {appActivity: com.imfootball.ui.activitie..., appPackage: com.imfootball, databaseEnabled: false, desired: {appActivity: com.imfootball.ui.activitie..., appPackage: com.imfootball, deviceName: ZY223D4K34, platformName: android, platformVersion: 7.0, resetKeyboard: true, unicodeKeyboard: true}, deviceManufacturer: motorola, deviceModel: Moto G (4), deviceName: ZY223D4K34, deviceScreenSize: 1080x1920, deviceUDID: ZY223D4K34, javascriptEnabled: true, locationContextEnabled: false, networkConnectionEnabled: true, platform: LINUX, platformName: LINUX, platformVersion: 7.0, resetKeyboard: true, takesScreenshot: true, unicodeKeyboard: true, warnings: {}, webStorageEnabled: false}
Session ID: 85cbc7db-432a-42bd-a7fb-b2b46037c115]]>
            </message>
            <full-stacktrace>
              <![CDATA[org.openqa.selenium.NoSuchSessionException: A session is either terminated or not started
Build info: version: '3.141.59', revision: 'e82be7d358', time: '2018-11-14T08:17:03'
System info: host: 'ucreate8-All-Series', ip: '127.0.1.1', os.name: 'Linux', os.arch: 'amd64', os.version: '4.15.0-43-generic', java.version: '1.8.0_191'
Driver info: io.appium.java_client.AppiumDriver
Capabilities {appActivity: com.imfootball.ui.activitie..., appPackage: com.imfootball, databaseEnabled: false, desired: {appActivity: com.imfootball.ui.activitie..., appPackage: com.imfootball, deviceName: ZY223D4K34, platformName: android, platformVersion: 7.0, resetKeyboard: true, unicodeKeyboard: true}, deviceManufacturer: motorola, deviceModel: Moto G (4), deviceName: ZY223D4K34, deviceScreenSize: 1080x1920, deviceUDID: ZY223D4K34, javascriptEnabled: true, locationContextEnabled: false, networkConnectionEnabled: true, platform: LINUX, platformName: LINUX, platformVersion: 7.0, resetKeyboard: true, takesScreenshot: true, unicodeKeyboard: true, warnings: {}, webStorageEnabled: false}
Session ID: 85cbc7db-432a-42bd-a7fb-b2b46037c115
at sun.reflect.NativeConstructorAccessorImpl.newInstance0(Native Method)
at sun.reflect.NativeConstructorAccessorImpl.newInstance(NativeConstructorAccessorImpl.java:62)
at sun.reflect.DelegatingConstructorAccessorImpl.newInstance(DelegatingConstructorAccessorImpl.java:45)
at java.lang.reflect.Constructor.newInstance(Constructor.java:423)
at org.openqa.selenium.remote.http.W3CHttpResponseCodec.createException(W3CHttpResponseCodec.java:187)
at org.openqa.selenium.remote.http.W3CHttpResponseCodec.decode(W3CHttpResponseCodec.java:122)
at org.openqa.selenium.remote.http.W3CHttpResponseCodec.decode(W3CHttpResponseCodec.java:49)
at org.openqa.selenium.remote.HttpCommandExecutor.execute(HttpCommandExecutor.java:158)
at io.appium.java_client.remote.AppiumCommandExecutor.execute(AppiumCommandExecutor.java:218)
at org.openqa.selenium.remote.RemoteWebDriver.execute(RemoteWebDriver.java:552)
at io.appium.java_client.DefaultGenericMobileDriver.execute(DefaultGenericMobileDriver.java:46)
at io.appium.java_client.AppiumDriver.execute(AppiumDriver.java:1)
at io.appium.java_client.HasSessionDetails.getSessionDetails(HasSessionDetails.java:39)
at io.appium.java_client.HasSessionDetails.getSessionDetail(HasSessionDetails.java:56)
at io.appium.java_client.HasSessionDetails.isBrowser(HasSessionDetails.java:86)
at io.appium.java_client.AppiumDriver.isBrowser(AppiumDriver.java:271)
at io.appium.java_client.pagefactory.utils.WebDriverUnpackUtility.lambda$0(WebDriverUnpackUtility.java:87)
at java.util.Optional.map(Optional.java:215)
at io.appium.java_client.pagefactory.utils.WebDriverUnpackUtility.getCurrentContentType(WebDriverUnpackUtility.java:83)
at io.appium.java_client.pagefactory.AppiumElementLocator.getBy(AppiumElementLocator.java:90)
at io.appium.java_client.pagefactory.AppiumElementLocator.findElement(AppiumElementLocator.java:117)
at io.appium.java_client.pagefactory.interceptors.InterceptorOfASingleElement.intercept(InterceptorOfASingleElement.java:60)
at io.appium.java_client.android.AndroidElement$$EnhancerByCGLIB$$b598166c.click(<generated>)
at createAccountPages.Terms.clickContinue1(Terms.java:26)
at Tests.testCreateAccount.testTermsCondAccpeted(testCreateAccount.java:93)
at sun.reflect.NativeMethodAccessorImpl.invoke0(Native Method)
at sun.reflect.NativeMethodAccessorImpl.invoke(NativeMethodAccessorImpl.java:62)
at sun.reflect.DelegatingMethodAccessorImpl.invoke(DelegatingMethodAccessorImpl.java:43)
at java.lang.reflect.Method.invoke(Method.java:498)
at org.testng.internal.MethodInvocationHelper.invokeMethod(MethodInvocationHelper.java:124)
at org.testng.internal.Invoker.invokeMethod(Invoker.java:583)
at org.testng.internal.Invoker.invokeTestMethod(Invoker.java:719)
at org.testng.internal.Invoker.invokeTestMethods(Invoker.java:989)
at org.testng.internal.TestMethodWorker.invokeTestMethods(TestMethodWorker.java:125)
at org.testng.internal.TestMethodWorker.run(TestMethodWorker.java:109)
at org.testng.TestRunner.privateRun(TestRunner.java:648)
at org.testng.TestRunner.run(TestRunner.java:505)
at org.testng.SuiteRunner.runTest(SuiteRunner.java:455)
at org.testng.SuiteRunner.runSequentially(SuiteRunner.java:450)
at org.testng.SuiteRunner.privateRun(SuiteRunner.java:415)
at org.testng.SuiteRunner.run(SuiteRunner.java:364)
at org.testng.SuiteRunnerWorker.runSuite(SuiteRunnerWorker.java:52)
at org.testng.SuiteRunnerWorker.run(SuiteRunnerWorker.java:84)
at org.testng.TestNG.runSuitesSequentially(TestNG.java:1208)
at org.testng.TestNG.runSuitesLocally(TestNG.java:1137)
at org.testng.TestNG.runSuites(TestNG.java:1049)
at org.testng.TestNG.run(TestNG.java:1017)
at org.testng.remote.AbstractRemoteTestNG.run(AbstractRemoteTestNG.java:114)
at org.testng.remote.RemoteTestNG.initAndRun(RemoteTestNG.java:251)
at org.testng.remote.RemoteTestNG.main(RemoteTestNG.java:77)
]]>
            </full-stacktrace>
          </exception> <!-- org.openqa.selenium.NoSuchSessionException -->
          <reporter-output>
          </reporter-output>
        </test-method> <!-- testTermsCondAccpeted -->
        <test-method status="FAIL" signature="testCreateAccountWithoutMobileNumber()[pri:5, instance:Tests.testCreateAccount@239963d8]" name="testCreateAccountWithoutMobileNumber" duration-ms="12" started-at="2019-01-03T11:43:39Z" finished-at="2019-01-03T11:43:39Z">
          <exception class="org.openqa.selenium.NoSuchSessionException">
            <message>
              <![CDATA[A session is either terminated or not started
Build info: version: '3.141.59', revision: 'e82be7d358', time: '2018-11-14T08:17:03'
System info: host: 'ucreate8-All-Series', ip: '127.0.1.1', os.name: 'Linux', os.arch: 'amd64', os.version: '4.15.0-43-generic', java.version: '1.8.0_191'
Driver info: io.appium.java_client.AppiumDriver
Capabilities {appActivity: com.imfootball.ui.activitie..., appPackage: com.imfootball, databaseEnabled: false, desired: {appActivity: com.imfootball.ui.activitie..., appPackage: com.imfootball, deviceName: ZY223D4K34, platformName: android, platformVersion: 7.0, resetKeyboard: true, unicodeKeyboard: true}, deviceManufacturer: motorola, deviceModel: Moto G (4), deviceName: ZY223D4K34, deviceScreenSize: 1080x1920, deviceUDID: ZY223D4K34, javascriptEnabled: true, locationContextEnabled: false, networkConnectionEnabled: true, platform: LINUX, platformName: LINUX, platformVersion: 7.0, resetKeyboard: true, takesScreenshot: true, unicodeKeyboard: true, warnings: {}, webStorageEnabled: false}
Session ID: 85cbc7db-432a-42bd-a7fb-b2b46037c115]]>
            </message>
            <full-stacktrace>
              <![CDATA[org.openqa.selenium.NoSuchSessionException: A session is either terminated or not started
Build info: version: '3.141.59', revision: 'e82be7d358', time: '2018-11-14T08:17:03'
System info: host: 'ucreate8-All-Series', ip: '127.0.1.1', os.name: 'Linux', os.arch: 'amd64', os.version: '4.15.0-43-generic', java.version: '1.8.0_191'
Driver info: io.appium.java_client.AppiumDriver
Capabilities {appActivity: com.imfootball.ui.activitie..., appPackage: com.imfootball, databaseEnabled: false, desired: {appActivity: com.imfootball.ui.activitie..., appPackage: com.imfootball, deviceName: ZY223D4K34, platformName: android, platformVersion: 7.0, resetKeyboard: true, unicodeKeyboard: true}, deviceManufacturer: motorola, deviceModel: Moto G (4), deviceName: ZY223D4K34, deviceScreenSize: 1080x1920, deviceUDID: ZY223D4K34, javascriptEnabled: true, locationContextEnabled: false, networkConnectionEnabled: true, platform: LINUX, platformName: LINUX, platformVersion: 7.0, resetKeyboard: true, takesScreenshot: true, unicodeKeyboard: true, warnings: {}, webStorageEnabled: false}
Session ID: 85cbc7db-432a-42bd-a7fb-b2b46037c115
at sun.reflect.NativeConstructorAccessorImpl.newInstance0(Native Method)
at sun.reflect.NativeConstructorAccessorImpl.newInstance(NativeConstructorAccessorImpl.java:62)
at sun.reflect.DelegatingConstructorAccessorImpl.newInstance(DelegatingConstructorAccessorImpl.java:45)
at java.lang.reflect.Constructor.newInstance(Constructor.java:423)
at org.openqa.selenium.remote.http.W3CHttpResponseCodec.createException(W3CHttpResponseCodec.java:187)
at org.openqa.selenium.remote.http.W3CHttpResponseCodec.decode(W3CHttpResponseCodec.java:122)
at org.openqa.selenium.remote.http.W3CHttpResponseCodec.decode(W3CHttpResponseCodec.java:49)
at org.openqa.selenium.remote.HttpCommandExecutor.execute(HttpCommandExecutor.java:158)
at io.appium.java_client.remote.AppiumCommandExecutor.execute(AppiumCommandExecutor.java:218)
at org.openqa.selenium.remote.RemoteWebDriver.execute(RemoteWebDriver.java:552)
at io.appium.java_client.DefaultGenericMobileDriver.execute(DefaultGenericMobileDriver.java:46)
at io.appium.java_client.AppiumDriver.execute(AppiumDriver.java:1)
at io.appium.java_client.HasSessionDetails.getSessionDetails(HasSessionDetails.java:39)
at io.appium.java_client.HasSessionDetails.getSessionDetail(HasSessionDetails.java:56)
at io.appium.java_client.HasSessionDetails.getPlatformName(HasSessionDetails.java:65)
at io.appium.java_client.pagefactory.AppiumFieldDecorator.<init>(AppiumFieldDecorator.java:96)
at io.appium.java_client.pagefactory.AppiumFieldDecorator.<init>(AppiumFieldDecorator.java:144)
at createAccountPages.enterYourMobile.<init>(enterYourMobile.java:24)
at Tests.testCreateAccount.testCreateAccountWithoutMobileNumber(testCreateAccount.java:104)
at sun.reflect.NativeMethodAccessorImpl.invoke0(Native Method)
at sun.reflect.NativeMethodAccessorImpl.invoke(NativeMethodAccessorImpl.java:62)
at sun.reflect.DelegatingMethodAccessorImpl.invoke(DelegatingMethodAccessorImpl.java:43)
at java.lang.reflect.Method.invoke(Method.java:498)
at org.testng.internal.MethodInvocationHelper.invokeMethod(MethodInvocationHelper.java:124)
at org.testng.internal.Invoker.invokeMethod(Invoker.java:583)
at org.testng.internal.Invoker.invokeTestMethod(Invoker.java:719)
at org.testng.internal.Invoker.invokeTestMethods(Invoker.java:989)
at org.testng.internal.TestMethodWorker.invokeTestMethods(TestMethodWorker.java:125)
at org.testng.internal.TestMethodWorker.run(TestMethodWorker.java:109)
at org.testng.TestRunner.privateRun(TestRunner.java:648)
at org.testng.TestRunner.run(TestRunner.java:505)
at org.testng.SuiteRunner.runTest(SuiteRunner.java:455)
at org.testng.SuiteRunner.runSequentially(SuiteRunner.java:450)
at org.testng.SuiteRunner.privateRun(SuiteRunner.java:415)
at org.testng.SuiteRunner.run(SuiteRunner.java:364)
at org.testng.SuiteRunnerWorker.runSuite(SuiteRunnerWorker.java:52)
at org.testng.SuiteRunnerWorker.run(SuiteRunnerWorker.java:84)
at org.testng.TestNG.runSuitesSequentially(TestNG.java:1208)
at org.testng.TestNG.runSuitesLocally(TestNG.java:1137)
at org.testng.TestNG.runSuites(TestNG.java:1049)
at org.testng.TestNG.run(TestNG.java:1017)
at org.testng.remote.AbstractRemoteTestNG.run(AbstractRemoteTestNG.java:114)
at org.testng.remote.RemoteTestNG.initAndRun(RemoteTestNG.java:251)
at org.testng.remote.RemoteTestNG.main(RemoteTestNG.java:77)
]]>
            </full-stacktrace>
          </exception> <!-- org.openqa.selenium.NoSuchSessionException -->
          <reporter-output>
          </reporter-output>
        </test-method> <!-- testCreateAccountWithoutMobileNumber -->
        <test-method status="FAIL" signature="testCreateAccountWithValidMobileNumber()[pri:6, instance:Tests.testCreateAccount@239963d8]" name="testCreateAccountWithValidMobileNumber" duration-ms="6" started-at="2019-01-03T11:43:39Z" finished-at="2019-01-03T11:43:39Z">
          <exception class="org.openqa.selenium.NoSuchSessionException">
            <message>
              <![CDATA[A session is either terminated or not started
Build info: version: '3.141.59', revision: 'e82be7d358', time: '2018-11-14T08:17:03'
System info: host: 'ucreate8-All-Series', ip: '127.0.1.1', os.name: 'Linux', os.arch: 'amd64', os.version: '4.15.0-43-generic', java.version: '1.8.0_191'
Driver info: io.appium.java_client.AppiumDriver
Capabilities {appActivity: com.imfootball.ui.activitie..., appPackage: com.imfootball, databaseEnabled: false, desired: {appActivity: com.imfootball.ui.activitie..., appPackage: com.imfootball, deviceName: ZY223D4K34, platformName: android, platformVersion: 7.0, resetKeyboard: true, unicodeKeyboard: true}, deviceManufacturer: motorola, deviceModel: Moto G (4), deviceName: ZY223D4K34, deviceScreenSize: 1080x1920, deviceUDID: ZY223D4K34, javascriptEnabled: true, locationContextEnabled: false, networkConnectionEnabled: true, platform: LINUX, platformName: LINUX, platformVersion: 7.0, resetKeyboard: true, takesScreenshot: true, unicodeKeyboard: true, warnings: {}, webStorageEnabled: false}
Session ID: 85cbc7db-432a-42bd-a7fb-b2b46037c115]]>
            </message>
            <full-stacktrace>
              <![CDATA[org.openqa.selenium.NoSuchSessionException: A session is either terminated or not started
Build info: version: '3.141.59', revision: 'e82be7d358', time: '2018-11-14T08:17:03'
System info: host: 'ucreate8-All-Series', ip: '127.0.1.1', os.name: 'Linux', os.arch: 'amd64', os.version: '4.15.0-43-generic', java.version: '1.8.0_191'
Driver info: io.appium.java_client.AppiumDriver
Capabilities {appActivity: com.imfootball.ui.activitie..., appPackage: com.imfootball, databaseEnabled: false, desired: {appActivity: com.imfootball.ui.activitie..., appPackage: com.imfootball, deviceName: ZY223D4K34, platformName: android, platformVersion: 7.0, resetKeyboard: true, unicodeKeyboard: true}, deviceManufacturer: motorola, deviceModel: Moto G (4), deviceName: ZY223D4K34, deviceScreenSize: 1080x1920, deviceUDID: ZY223D4K34, javascriptEnabled: true, locationContextEnabled: false, networkConnectionEnabled: true, platform: LINUX, platformName: LINUX, platformVersion: 7.0, resetKeyboard: true, takesScreenshot: true, unicodeKeyboard: true, warnings: {}, webStorageEnabled: false}
Session ID: 85cbc7db-432a-42bd-a7fb-b2b46037c115
at sun.reflect.NativeConstructorAccessorImpl.newInstance0(Native Method)
at sun.reflect.NativeConstructorAccessorImpl.newInstance(NativeConstructorAccessorImpl.java:62)
at sun.reflect.DelegatingConstructorAccessorImpl.newInstance(DelegatingConstructorAccessorImpl.java:45)
at java.lang.reflect.Constructor.newInstance(Constructor.java:423)
at org.openqa.selenium.remote.http.W3CHttpResponseCodec.createException(W3CHttpResponseCodec.java:187)
at org.openqa.selenium.remote.http.W3CHttpResponseCodec.decode(W3CHttpResponseCodec.java:122)
at org.openqa.selenium.remote.http.W3CHttpResponseCodec.decode(W3CHttpResponseCodec.java:49)
at org.openqa.selenium.remote.HttpCommandExecutor.execute(HttpCommandExecutor.java:158)
at io.appium.java_client.remote.AppiumCommandExecutor.execute(AppiumCommandExecutor.java:218)
at org.openqa.selenium.remote.RemoteWebDriver.execute(RemoteWebDriver.java:552)
at io.appium.java_client.DefaultGenericMobileDriver.execute(DefaultGenericMobileDriver.java:46)
at io.appium.java_client.AppiumDriver.execute(AppiumDriver.java:1)
at io.appium.java_client.HasSessionDetails.getSessionDetails(HasSessionDetails.java:39)
at io.appium.java_client.HasSessionDetails.getSessionDetail(HasSessionDetails.java:56)
at io.appium.java_client.HasSessionDetails.getPlatformName(HasSessionDetails.java:65)
at io.appium.java_client.pagefactory.AppiumFieldDecorator.<init>(AppiumFieldDecorator.java:96)
at io.appium.java_client.pagefactory.AppiumFieldDecorator.<init>(AppiumFieldDecorator.java:144)
at createAccountPages.enterYourMobile.<init>(enterYourMobile.java:24)
at Tests.testCreateAccount.testCreateAccountWithValidMobileNumber(testCreateAccount.java:115)
at sun.reflect.NativeMethodAccessorImpl.invoke0(Native Method)
at sun.reflect.NativeMethodAccessorImpl.invoke(NativeMethodAccessorImpl.java:62)
at sun.reflect.DelegatingMethodAccessorImpl.invoke(DelegatingMethodAccessorImpl.java:43)
at java.lang.reflect.Method.invoke(Method.java:498)
at org.testng.internal.MethodInvocationHelper.invokeMethod(MethodInvocationHelper.java:124)
at org.testng.internal.Invoker.invokeMethod(Invoker.java:583)
at org.testng.internal.Invoker.invokeTestMethod(Invoker.java:719)
at org.testng.internal.Invoker.invokeTestMethods(Invoker.java:989)
at org.testng.internal.TestMethodWorker.invokeTestMethods(TestMethodWorker.java:125)
at org.testng.internal.TestMethodWorker.run(TestMethodWorker.java:109)
at org.testng.TestRunner.privateRun(TestRunner.java:648)
at org.testng.TestRunner.run(TestRunner.java:505)
at org.testng.SuiteRunner.runTest(SuiteRunner.java:455)
at org.testng.SuiteRunner.runSequentially(SuiteRunner.java:450)
at org.testng.SuiteRunner.privateRun(SuiteRunner.java:415)
at org.testng.SuiteRunner.run(SuiteRunner.java:364)
at org.testng.SuiteRunnerWorker.runSuite(SuiteRunnerWorker.java:52)
at org.testng.SuiteRunnerWorker.run(SuiteRunnerWorker.java:84)
at org.testng.TestNG.runSuitesSequentially(TestNG.java:1208)
at org.testng.TestNG.runSuitesLocally(TestNG.java:1137)
at org.testng.TestNG.runSuites(TestNG.java:1049)
at org.testng.TestNG.run(TestNG.java:1017)
at org.testng.remote.AbstractRemoteTestNG.run(AbstractRemoteTestNG.java:114)
at org.testng.remote.RemoteTestNG.initAndRun(RemoteTestNG.java:251)
at org.testng.remote.RemoteTestNG.main(RemoteTestNG.java:77)
]]>
            </full-stacktrace>
          </exception> <!-- org.openqa.selenium.NoSuchSessionException -->
          <reporter-output>
          </reporter-output>
        </test-method> <!-- testCreateAccountWithValidMobileNumber -->
        <test-method status="FAIL" signature="testCreateAccountWithInvalidPin()[pri:7, instance:Tests.testCreateAccount@239963d8]" name="testCreateAccountWithInvalidPin" duration-ms="7" started-at="2019-01-03T11:43:39Z" finished-at="2019-01-03T11:43:39Z">
          <exception class="org.openqa.selenium.NoSuchSessionException">
            <message>
              <![CDATA[A session is either terminated or not started
Build info: version: '3.141.59', revision: 'e82be7d358', time: '2018-11-14T08:17:03'
System info: host: 'ucreate8-All-Series', ip: '127.0.1.1', os.name: 'Linux', os.arch: 'amd64', os.version: '4.15.0-43-generic', java.version: '1.8.0_191'
Driver info: io.appium.java_client.AppiumDriver
Capabilities {appActivity: com.imfootball.ui.activitie..., appPackage: com.imfootball, databaseEnabled: false, desired: {appActivity: com.imfootball.ui.activitie..., appPackage: com.imfootball, deviceName: ZY223D4K34, platformName: android, platformVersion: 7.0, resetKeyboard: true, unicodeKeyboard: true}, deviceManufacturer: motorola, deviceModel: Moto G (4), deviceName: ZY223D4K34, deviceScreenSize: 1080x1920, deviceUDID: ZY223D4K34, javascriptEnabled: true, locationContextEnabled: false, networkConnectionEnabled: true, platform: LINUX, platformName: LINUX, platformVersion: 7.0, resetKeyboard: true, takesScreenshot: true, unicodeKeyboard: true, warnings: {}, webStorageEnabled: false}
Session ID: 85cbc7db-432a-42bd-a7fb-b2b46037c115]]>
            </message>
            <full-stacktrace>
              <![CDATA[org.openqa.selenium.NoSuchSessionException: A session is either terminated or not started
Build info: version: '3.141.59', revision: 'e82be7d358', time: '2018-11-14T08:17:03'
System info: host: 'ucreate8-All-Series', ip: '127.0.1.1', os.name: 'Linux', os.arch: 'amd64', os.version: '4.15.0-43-generic', java.version: '1.8.0_191'
Driver info: io.appium.java_client.AppiumDriver
Capabilities {appActivity: com.imfootball.ui.activitie..., appPackage: com.imfootball, databaseEnabled: false, desired: {appActivity: com.imfootball.ui.activitie..., appPackage: com.imfootball, deviceName: ZY223D4K34, platformName: android, platformVersion: 7.0, resetKeyboard: true, unicodeKeyboard: true}, deviceManufacturer: motorola, deviceModel: Moto G (4), deviceName: ZY223D4K34, deviceScreenSize: 1080x1920, deviceUDID: ZY223D4K34, javascriptEnabled: true, locationContextEnabled: false, networkConnectionEnabled: true, platform: LINUX, platformName: LINUX, platformVersion: 7.0, resetKeyboard: true, takesScreenshot: true, unicodeKeyboard: true, warnings: {}, webStorageEnabled: false}
Session ID: 85cbc7db-432a-42bd-a7fb-b2b46037c115
at sun.reflect.NativeConstructorAccessorImpl.newInstance0(Native Method)
at sun.reflect.NativeConstructorAccessorImpl.newInstance(NativeConstructorAccessorImpl.java:62)
at sun.reflect.DelegatingConstructorAccessorImpl.newInstance(DelegatingConstructorAccessorImpl.java:45)
at java.lang.reflect.Constructor.newInstance(Constructor.java:423)
at org.openqa.selenium.remote.http.W3CHttpResponseCodec.createException(W3CHttpResponseCodec.java:187)
at org.openqa.selenium.remote.http.W3CHttpResponseCodec.decode(W3CHttpResponseCodec.java:122)
at org.openqa.selenium.remote.http.W3CHttpResponseCodec.decode(W3CHttpResponseCodec.java:49)
at org.openqa.selenium.remote.HttpCommandExecutor.execute(HttpCommandExecutor.java:158)
at io.appium.java_client.remote.AppiumCommandExecutor.execute(AppiumCommandExecutor.java:218)
at org.openqa.selenium.remote.RemoteWebDriver.execute(RemoteWebDriver.java:552)
at io.appium.java_client.DefaultGenericMobileDriver.execute(DefaultGenericMobileDriver.java:46)
at io.appium.java_client.AppiumDriver.execute(AppiumDriver.java:1)
at io.appium.java_client.HasSessionDetails.getSessionDetails(HasSessionDetails.java:39)
at io.appium.java_client.HasSessionDetails.getSessionDetail(HasSessionDetails.java:56)
at io.appium.java_client.HasSessionDetails.getPlatformName(HasSessionDetails.java:65)
at io.appium.java_client.pagefactory.AppiumFieldDecorator.<init>(AppiumFieldDecorator.java:96)
at io.appium.java_client.pagefactory.AppiumFieldDecorator.<init>(AppiumFieldDecorator.java:144)
at createAccountPages.verifyMobileNumber.<init>(verifyMobileNumber.java:26)
at Tests.testCreateAccount.testCreateAccountWithInvalidPin(testCreateAccount.java:128)
at sun.reflect.NativeMethodAccessorImpl.invoke0(Native Method)
at sun.reflect.NativeMethodAccessorImpl.invoke(NativeMethodAccessorImpl.java:62)
at sun.reflect.DelegatingMethodAccessorImpl.invoke(DelegatingMethodAccessorImpl.java:43)
at java.lang.reflect.Method.invoke(Method.java:498)
at org.testng.internal.MethodInvocationHelper.invokeMethod(MethodInvocationHelper.java:124)
at org.testng.internal.Invoker.invokeMethod(Invoker.java:583)
at org.testng.internal.Invoker.invokeTestMethod(Invoker.java:719)
at org.testng.internal.Invoker.invokeTestMethods(Invoker.java:989)
at org.testng.internal.TestMethodWorker.invokeTestMethods(TestMethodWorker.java:125)
at org.testng.internal.TestMethodWorker.run(TestMethodWorker.java:109)
at org.testng.TestRunner.privateRun(TestRunner.java:648)
at org.testng.TestRunner.run(TestRunner.java:505)
at org.testng.SuiteRunner.runTest(SuiteRunner.java:455)
at org.testng.SuiteRunner.runSequentially(SuiteRunner.java:450)
at org.testng.SuiteRunner.privateRun(SuiteRunner.java:415)
at org.testng.SuiteRunner.run(SuiteRunner.java:364)
at org.testng.SuiteRunnerWorker.runSuite(SuiteRunnerWorker.java:52)
at org.testng.SuiteRunnerWorker.run(SuiteRunnerWorker.java:84)
at org.testng.TestNG.runSuitesSequentially(TestNG.java:1208)
at org.testng.TestNG.runSuitesLocally(TestNG.java:1137)
at org.testng.TestNG.runSuites(TestNG.java:1049)
at org.testng.TestNG.run(TestNG.java:1017)
at org.testng.remote.AbstractRemoteTestNG.run(AbstractRemoteTestNG.java:114)
at org.testng.remote.RemoteTestNG.initAndRun(RemoteTestNG.java:251)
at org.testng.remote.RemoteTestNG.main(RemoteTestNG.java:77)
]]>
            </full-stacktrace>
          </exception> <!-- org.openqa.selenium.NoSuchSessionException -->
          <reporter-output>
          </reporter-output>
        </test-method> <!-- testCreateAccountWithInvalidPin -->
        <test-method status="FAIL" signature="testCreateAccountWithValidPin()[pri:8, instance:Tests.testCreateAccount@239963d8]" name="testCreateAccountWithValidPin" duration-ms="8" started-at="2019-01-03T11:43:39Z" finished-at="2019-01-03T11:43:39Z">
          <exception class="org.openqa.selenium.NoSuchSessionException">
            <message>
              <![CDATA[A session is either terminated or not started
Build info: version: '3.141.59', revision: 'e82be7d358', time: '2018-11-14T08:17:03'
System info: host: 'ucreate8-All-Series', ip: '127.0.1.1', os.name: 'Linux', os.arch: 'amd64', os.version: '4.15.0-43-generic', java.version: '1.8.0_191'
Driver info: io.appium.java_client.AppiumDriver
Capabilities {appActivity: com.imfootball.ui.activitie..., appPackage: com.imfootball, databaseEnabled: false, desired: {appActivity: com.imfootball.ui.activitie..., appPackage: com.imfootball, deviceName: ZY223D4K34, platformName: android, platformVersion: 7.0, resetKeyboard: true, unicodeKeyboard: true}, deviceManufacturer: motorola, deviceModel: Moto G (4), deviceName: ZY223D4K34, deviceScreenSize: 1080x1920, deviceUDID: ZY223D4K34, javascriptEnabled: true, locationContextEnabled: false, networkConnectionEnabled: true, platform: LINUX, platformName: LINUX, platformVersion: 7.0, resetKeyboard: true, takesScreenshot: true, unicodeKeyboard: true, warnings: {}, webStorageEnabled: false}
Session ID: 85cbc7db-432a-42bd-a7fb-b2b46037c115]]>
            </message>
            <full-stacktrace>
              <![CDATA[org.openqa.selenium.NoSuchSessionException: A session is either terminated or not started
Build info: version: '3.141.59', revision: 'e82be7d358', time: '2018-11-14T08:17:03'
System info: host: 'ucreate8-All-Series', ip: '127.0.1.1', os.name: 'Linux', os.arch: 'amd64', os.version: '4.15.0-43-generic', java.version: '1.8.0_191'
Driver info: io.appium.java_client.AppiumDriver
Capabilities {appActivity: com.imfootball.ui.activitie..., appPackage: com.imfootball, databaseEnabled: false, desired: {appActivity: com.imfootball.ui.activitie..., appPackage: com.imfootball, deviceName: ZY223D4K34, platformName: android, platformVersion: 7.0, resetKeyboard: true, unicodeKeyboard: true}, deviceManufacturer: motorola, deviceModel: Moto G (4), deviceName: ZY223D4K34, deviceScreenSize: 1080x1920, deviceUDID: ZY223D4K34, javascriptEnabled: true, locationContextEnabled: false, networkConnectionEnabled: true, platform: LINUX, platformName: LINUX, platformVersion: 7.0, resetKeyboard: true, takesScreenshot: true, unicodeKeyboard: true, warnings: {}, webStorageEnabled: false}
Session ID: 85cbc7db-432a-42bd-a7fb-b2b46037c115
at sun.reflect.NativeConstructorAccessorImpl.newInstance0(Native Method)
at sun.reflect.NativeConstructorAccessorImpl.newInstance(NativeConstructorAccessorImpl.java:62)
at sun.reflect.DelegatingConstructorAccessorImpl.newInstance(DelegatingConstructorAccessorImpl.java:45)
at java.lang.reflect.Constructor.newInstance(Constructor.java:423)
at org.openqa.selenium.remote.http.W3CHttpResponseCodec.createException(W3CHttpResponseCodec.java:187)
at org.openqa.selenium.remote.http.W3CHttpResponseCodec.decode(W3CHttpResponseCodec.java:122)
at org.openqa.selenium.remote.http.W3CHttpResponseCodec.decode(W3CHttpResponseCodec.java:49)
at org.openqa.selenium.remote.HttpCommandExecutor.execute(HttpCommandExecutor.java:158)
at io.appium.java_client.remote.AppiumCommandExecutor.execute(AppiumCommandExecutor.java:218)
at org.openqa.selenium.remote.RemoteWebDriver.execute(RemoteWebDriver.java:552)
at io.appium.java_client.DefaultGenericMobileDriver.execute(DefaultGenericMobileDriver.java:46)
at io.appium.java_client.AppiumDriver.execute(AppiumDriver.java:1)
at io.appium.java_client.HasSessionDetails.getSessionDetails(HasSessionDetails.java:39)
at io.appium.java_client.HasSessionDetails.getSessionDetail(HasSessionDetails.java:56)
at io.appium.java_client.HasSessionDetails.getPlatformName(HasSessionDetails.java:65)
at io.appium.java_client.pagefactory.AppiumFieldDecorator.<init>(AppiumFieldDecorator.java:96)
at io.appium.java_client.pagefactory.AppiumFieldDecorator.<init>(AppiumFieldDecorator.java:144)
at createAccountPages.verifyMobileNumber.<init>(verifyMobileNumber.java:26)
at Tests.testCreateAccount.testCreateAccountWithValidPin(testCreateAccount.java:139)
at sun.reflect.NativeMethodAccessorImpl.invoke0(Native Method)
at sun.reflect.NativeMethodAccessorImpl.invoke(NativeMethodAccessorImpl.java:62)
at sun.reflect.DelegatingMethodAccessorImpl.invoke(DelegatingMethodAccessorImpl.java:43)
at java.lang.reflect.Method.invoke(Method.java:498)
at org.testng.internal.MethodInvocationHelper.invokeMethod(MethodInvocationHelper.java:124)
at org.testng.internal.Invoker.invokeMethod(Invoker.java:583)
at org.testng.internal.Invoker.invokeTestMethod(Invoker.java:719)
at org.testng.internal.Invoker.invokeTestMethods(Invoker.java:989)
at org.testng.internal.TestMethodWorker.invokeTestMethods(TestMethodWorker.java:125)
at org.testng.internal.TestMethodWorker.run(TestMethodWorker.java:109)
at org.testng.TestRunner.privateRun(TestRunner.java:648)
at org.testng.TestRunner.run(TestRunner.java:505)
at org.testng.SuiteRunner.runTest(SuiteRunner.java:455)
at org.testng.SuiteRunner.runSequentially(SuiteRunner.java:450)
at org.testng.SuiteRunner.privateRun(SuiteRunner.java:415)
at org.testng.SuiteRunner.run(SuiteRunner.java:364)
at org.testng.SuiteRunnerWorker.runSuite(SuiteRunnerWorker.java:52)
at org.testng.SuiteRunnerWorker.run(SuiteRunnerWorker.java:84)
at org.testng.TestNG.runSuitesSequentially(TestNG.java:1208)
at org.testng.TestNG.runSuitesLocally(TestNG.java:1137)
at org.testng.TestNG.runSuites(TestNG.java:1049)
at org.testng.TestNG.run(TestNG.java:1017)
at org.testng.remote.AbstractRemoteTestNG.run(AbstractRemoteTestNG.java:114)
at org.testng.remote.RemoteTestNG.initAndRun(RemoteTestNG.java:251)
at org.testng.remote.RemoteTestNG.main(RemoteTestNG.java:77)
]]>
            </full-stacktrace>
          </exception> <!-- org.openqa.selenium.NoSuchSessionException -->
          <reporter-output>
          </reporter-output>
        </test-method> <!-- testCreateAccountWithValidPin -->
        <test-method status="FAIL" signature="testManualRegiterLinkWorking()[pri:9, instance:Tests.testCreateAccount@239963d8]" name="testManualRegiterLinkWorking" duration-ms="8" started-at="2019-01-03T11:43:39Z" finished-at="2019-01-03T11:43:39Z">
          <exception class="org.openqa.selenium.NoSuchSessionException">
            <message>
              <![CDATA[A session is either terminated or not started
Build info: version: '3.141.59', revision: 'e82be7d358', time: '2018-11-14T08:17:03'
System info: host: 'ucreate8-All-Series', ip: '127.0.1.1', os.name: 'Linux', os.arch: 'amd64', os.version: '4.15.0-43-generic', java.version: '1.8.0_191'
Driver info: io.appium.java_client.AppiumDriver
Capabilities {appActivity: com.imfootball.ui.activitie..., appPackage: com.imfootball, databaseEnabled: false, desired: {appActivity: com.imfootball.ui.activitie..., appPackage: com.imfootball, deviceName: ZY223D4K34, platformName: android, platformVersion: 7.0, resetKeyboard: true, unicodeKeyboard: true}, deviceManufacturer: motorola, deviceModel: Moto G (4), deviceName: ZY223D4K34, deviceScreenSize: 1080x1920, deviceUDID: ZY223D4K34, javascriptEnabled: true, locationContextEnabled: false, networkConnectionEnabled: true, platform: LINUX, platformName: LINUX, platformVersion: 7.0, resetKeyboard: true, takesScreenshot: true, unicodeKeyboard: true, warnings: {}, webStorageEnabled: false}
Session ID: 85cbc7db-432a-42bd-a7fb-b2b46037c115]]>
            </message>
            <full-stacktrace>
              <![CDATA[org.openqa.selenium.NoSuchSessionException: A session is either terminated or not started
Build info: version: '3.141.59', revision: 'e82be7d358', time: '2018-11-14T08:17:03'
System info: host: 'ucreate8-All-Series', ip: '127.0.1.1', os.name: 'Linux', os.arch: 'amd64', os.version: '4.15.0-43-generic', java.version: '1.8.0_191'
Driver info: io.appium.java_client.AppiumDriver
Capabilities {appActivity: com.imfootball.ui.activitie..., appPackage: com.imfootball, databaseEnabled: false, desired: {appActivity: com.imfootball.ui.activitie..., appPackage: com.imfootball, deviceName: ZY223D4K34, platformName: android, platformVersion: 7.0, resetKeyboard: true, unicodeKeyboard: true}, deviceManufacturer: motorola, deviceModel: Moto G (4), deviceName: ZY223D4K34, deviceScreenSize: 1080x1920, deviceUDID: ZY223D4K34, javascriptEnabled: true, locationContextEnabled: false, networkConnectionEnabled: true, platform: LINUX, platformName: LINUX, platformVersion: 7.0, resetKeyboard: true, takesScreenshot: true, unicodeKeyboard: true, warnings: {}, webStorageEnabled: false}
Session ID: 85cbc7db-432a-42bd-a7fb-b2b46037c115
at sun.reflect.NativeConstructorAccessorImpl.newInstance0(Native Method)
at sun.reflect.NativeConstructorAccessorImpl.newInstance(NativeConstructorAccessorImpl.java:62)
at sun.reflect.DelegatingConstructorAccessorImpl.newInstance(DelegatingConstructorAccessorImpl.java:45)
at java.lang.reflect.Constructor.newInstance(Constructor.java:423)
at org.openqa.selenium.remote.http.W3CHttpResponseCodec.createException(W3CHttpResponseCodec.java:187)
at org.openqa.selenium.remote.http.W3CHttpResponseCodec.decode(W3CHttpResponseCodec.java:122)
at org.openqa.selenium.remote.http.W3CHttpResponseCodec.decode(W3CHttpResponseCodec.java:49)
at org.openqa.selenium.remote.HttpCommandExecutor.execute(HttpCommandExecutor.java:158)
at io.appium.java_client.remote.AppiumCommandExecutor.execute(AppiumCommandExecutor.java:218)
at org.openqa.selenium.remote.RemoteWebDriver.execute(RemoteWebDriver.java:552)
at io.appium.java_client.DefaultGenericMobileDriver.execute(DefaultGenericMobileDriver.java:46)
at io.appium.java_client.AppiumDriver.execute(AppiumDriver.java:1)
at io.appium.java_client.HasSessionDetails.getSessionDetails(HasSessionDetails.java:39)
at io.appium.java_client.HasSessionDetails.getSessionDetail(HasSessionDetails.java:56)
at io.appium.java_client.HasSessionDetails.getPlatformName(HasSessionDetails.java:65)
at io.appium.java_client.pagefactory.AppiumFieldDecorator.<init>(AppiumFieldDecorator.java:96)
at io.appium.java_client.pagefactory.AppiumFieldDecorator.<init>(AppiumFieldDecorator.java:144)
at createAccountPages.completeYourReg.<init>(completeYourReg.java:18)
at Tests.testCreateAccount.testManualRegiterLinkWorking(testCreateAccount.java:150)
at sun.reflect.NativeMethodAccessorImpl.invoke0(Native Method)
at sun.reflect.NativeMethodAccessorImpl.invoke(NativeMethodAccessorImpl.java:62)
at sun.reflect.DelegatingMethodAccessorImpl.invoke(DelegatingMethodAccessorImpl.java:43)
at java.lang.reflect.Method.invoke(Method.java:498)
at org.testng.internal.MethodInvocationHelper.invokeMethod(MethodInvocationHelper.java:124)
at org.testng.internal.Invoker.invokeMethod(Invoker.java:583)
at org.testng.internal.Invoker.invokeTestMethod(Invoker.java:719)
at org.testng.internal.Invoker.invokeTestMethods(Invoker.java:989)
at org.testng.internal.TestMethodWorker.invokeTestMethods(TestMethodWorker.java:125)
at org.testng.internal.TestMethodWorker.run(TestMethodWorker.java:109)
at org.testng.TestRunner.privateRun(TestRunner.java:648)
at org.testng.TestRunner.run(TestRunner.java:505)
at org.testng.SuiteRunner.runTest(SuiteRunner.java:455)
at org.testng.SuiteRunner.runSequentially(SuiteRunner.java:450)
at org.testng.SuiteRunner.privateRun(SuiteRunner.java:415)
at org.testng.SuiteRunner.run(SuiteRunner.java:364)
at org.testng.SuiteRunnerWorker.runSuite(SuiteRunnerWorker.java:52)
at org.testng.SuiteRunnerWorker.run(SuiteRunnerWorker.java:84)
at org.testng.TestNG.runSuitesSequentially(TestNG.java:1208)
at org.testng.TestNG.runSuitesLocally(TestNG.java:1137)
at org.testng.TestNG.runSuites(TestNG.java:1049)
at org.testng.TestNG.run(TestNG.java:1017)
at org.testng.remote.AbstractRemoteTestNG.run(AbstractRemoteTestNG.java:114)
at org.testng.remote.RemoteTestNG.initAndRun(RemoteTestNG.java:251)
at org.testng.remote.RemoteTestNG.main(RemoteTestNG.java:77)
]]>
            </full-stacktrace>
          </exception> <!-- org.openqa.selenium.NoSuchSessionException -->
          <reporter-output>
          </reporter-output>
        </test-method> <!-- testManualRegiterLinkWorking -->
        <test-method status="FAIL" signature="testCreateAccountWithoutDetails()[pri:10, instance:Tests.testCreateAccount@239963d8]" name="testCreateAccountWithoutDetails" duration-ms="7" started-at="2019-01-03T11:43:39Z" finished-at="2019-01-03T11:43:39Z">
          <exception class="org.openqa.selenium.NoSuchSessionException">
            <message>
              <![CDATA[A session is either terminated or not started
Build info: version: '3.141.59', revision: 'e82be7d358', time: '2018-11-14T08:17:03'
System info: host: 'ucreate8-All-Series', ip: '127.0.1.1', os.name: 'Linux', os.arch: 'amd64', os.version: '4.15.0-43-generic', java.version: '1.8.0_191'
Driver info: io.appium.java_client.AppiumDriver
Capabilities {appActivity: com.imfootball.ui.activitie..., appPackage: com.imfootball, databaseEnabled: false, desired: {appActivity: com.imfootball.ui.activitie..., appPackage: com.imfootball, deviceName: ZY223D4K34, platformName: android, platformVersion: 7.0, resetKeyboard: true, unicodeKeyboard: true}, deviceManufacturer: motorola, deviceModel: Moto G (4), deviceName: ZY223D4K34, deviceScreenSize: 1080x1920, deviceUDID: ZY223D4K34, javascriptEnabled: true, locationContextEnabled: false, networkConnectionEnabled: true, platform: LINUX, platformName: LINUX, platformVersion: 7.0, resetKeyboard: true, takesScreenshot: true, unicodeKeyboard: true, warnings: {}, webStorageEnabled: false}
Session ID: 85cbc7db-432a-42bd-a7fb-b2b46037c115]]>
            </message>
            <full-stacktrace>
              <![CDATA[org.openqa.selenium.NoSuchSessionException: A session is either terminated or not started
Build info: version: '3.141.59', revision: 'e82be7d358', time: '2018-11-14T08:17:03'
System info: host: 'ucreate8-All-Series', ip: '127.0.1.1', os.name: 'Linux', os.arch: 'amd64', os.version: '4.15.0-43-generic', java.version: '1.8.0_191'
Driver info: io.appium.java_client.AppiumDriver
Capabilities {appActivity: com.imfootball.ui.activitie..., appPackage: com.imfootball, databaseEnabled: false, desired: {appActivity: com.imfootball.ui.activitie..., appPackage: com.imfootball, deviceName: ZY223D4K34, platformName: android, platformVersion: 7.0, resetKeyboard: true, unicodeKeyboard: true}, deviceManufacturer: motorola, deviceModel: Moto G (4), deviceName: ZY223D4K34, deviceScreenSize: 1080x1920, deviceUDID: ZY223D4K34, javascriptEnabled: true, locationContextEnabled: false, networkConnectionEnabled: true, platform: LINUX, platformName: LINUX, platformVersion: 7.0, resetKeyboard: true, takesScreenshot: true, unicodeKeyboard: true, warnings: {}, webStorageEnabled: false}
Session ID: 85cbc7db-432a-42bd-a7fb-b2b46037c115
at sun.reflect.NativeConstructorAccessorImpl.newInstance0(Native Method)
at sun.reflect.NativeConstructorAccessorImpl.newInstance(NativeConstructorAccessorImpl.java:62)
at sun.reflect.DelegatingConstructorAccessorImpl.newInstance(DelegatingConstructorAccessorImpl.java:45)
at java.lang.reflect.Constructor.newInstance(Constructor.java:423)
at org.openqa.selenium.remote.http.W3CHttpResponseCodec.createException(W3CHttpResponseCodec.java:187)
at org.openqa.selenium.remote.http.W3CHttpResponseCodec.decode(W3CHttpResponseCodec.java:122)
at org.openqa.selenium.remote.http.W3CHttpResponseCodec.decode(W3CHttpResponseCodec.java:49)
at org.openqa.selenium.remote.HttpCommandExecutor.execute(HttpCommandExecutor.java:158)
at io.appium.java_client.remote.AppiumCommandExecutor.execute(AppiumCommandExecutor.java:218)
at org.openqa.selenium.remote.RemoteWebDriver.execute(RemoteWebDriver.java:552)
at io.appium.java_client.DefaultGenericMobileDriver.execute(DefaultGenericMobileDriver.java:46)
at io.appium.java_client.AppiumDriver.execute(AppiumDriver.java:1)
at io.appium.java_client.HasSessionDetails.getSessionDetails(HasSessionDetails.java:39)
at io.appium.java_client.HasSessionDetails.getSessionDetail(HasSessionDetails.java:56)
at io.appium.java_client.HasSessionDetails.getPlatformName(HasSessionDetails.java:65)
at io.appium.java_client.pagefactory.AppiumFieldDecorator.<init>(AppiumFieldDecorator.java:96)
at io.appium.java_client.pagefactory.AppiumFieldDecorator.<init>(AppiumFieldDecorator.java:144)
at createAccountPages.Register.<init>(Register.java:35)
at Tests.testCreateAccount.testCreateAccountWithoutDetails(testCreateAccount.java:162)
at sun.reflect.NativeMethodAccessorImpl.invoke0(Native Method)
at sun.reflect.NativeMethodAccessorImpl.invoke(NativeMethodAccessorImpl.java:62)
at sun.reflect.DelegatingMethodAccessorImpl.invoke(DelegatingMethodAccessorImpl.java:43)
at java.lang.reflect.Method.invoke(Method.java:498)
at org.testng.internal.MethodInvocationHelper.invokeMethod(MethodInvocationHelper.java:124)
at org.testng.internal.Invoker.invokeMethod(Invoker.java:583)
at org.testng.internal.Invoker.invokeTestMethod(Invoker.java:719)
at org.testng.internal.Invoker.invokeTestMethods(Invoker.java:989)
at org.testng.internal.TestMethodWorker.invokeTestMethods(TestMethodWorker.java:125)
at org.testng.internal.TestMethodWorker.run(TestMethodWorker.java:109)
at org.testng.TestRunner.privateRun(TestRunner.java:648)
at org.testng.TestRunner.run(TestRunner.java:505)
at org.testng.SuiteRunner.runTest(SuiteRunner.java:455)
at org.testng.SuiteRunner.runSequentially(SuiteRunner.java:450)
at org.testng.SuiteRunner.privateRun(SuiteRunner.java:415)
at org.testng.SuiteRunner.run(SuiteRunner.java:364)
at org.testng.SuiteRunnerWorker.runSuite(SuiteRunnerWorker.java:52)
at org.testng.SuiteRunnerWorker.run(SuiteRunnerWorker.java:84)
at org.testng.TestNG.runSuitesSequentially(TestNG.java:1208)
at org.testng.TestNG.runSuitesLocally(TestNG.java:1137)
at org.testng.TestNG.runSuites(TestNG.java:1049)
at org.testng.TestNG.run(TestNG.java:1017)
at org.testng.remote.AbstractRemoteTestNG.run(AbstractRemoteTestNG.java:114)
at org.testng.remote.RemoteTestNG.initAndRun(RemoteTestNG.java:251)
at org.testng.remote.RemoteTestNG.main(RemoteTestNG.java:77)
]]>
            </full-stacktrace>
          </exception> <!-- org.openqa.selenium.NoSuchSessionException -->
          <reporter-output>
          </reporter-output>
        </test-method> <!-- testCreateAccountWithoutDetails -->
        <test-method status="FAIL" signature="testCreateAccountWithFirstNameOnly()[pri:11, instance:Tests.testCreateAccount@239963d8]" name="testCreateAccountWithFirstNameOnly" duration-ms="9" started-at="2019-01-03T11:43:39Z" finished-at="2019-01-03T11:43:39Z">
          <exception class="org.openqa.selenium.NoSuchSessionException">
            <message>
              <![CDATA[A session is either terminated or not started
Build info: version: '3.141.59', revision: 'e82be7d358', time: '2018-11-14T08:17:03'
System info: host: 'ucreate8-All-Series', ip: '127.0.1.1', os.name: 'Linux', os.arch: 'amd64', os.version: '4.15.0-43-generic', java.version: '1.8.0_191'
Driver info: io.appium.java_client.AppiumDriver
Capabilities {appActivity: com.imfootball.ui.activitie..., appPackage: com.imfootball, databaseEnabled: false, desired: {appActivity: com.imfootball.ui.activitie..., appPackage: com.imfootball, deviceName: ZY223D4K34, platformName: android, platformVersion: 7.0, resetKeyboard: true, unicodeKeyboard: true}, deviceManufacturer: motorola, deviceModel: Moto G (4), deviceName: ZY223D4K34, deviceScreenSize: 1080x1920, deviceUDID: ZY223D4K34, javascriptEnabled: true, locationContextEnabled: false, networkConnectionEnabled: true, platform: LINUX, platformName: LINUX, platformVersion: 7.0, resetKeyboard: true, takesScreenshot: true, unicodeKeyboard: true, warnings: {}, webStorageEnabled: false}
Session ID: 85cbc7db-432a-42bd-a7fb-b2b46037c115]]>
            </message>
            <full-stacktrace>
              <![CDATA[org.openqa.selenium.NoSuchSessionException: A session is either terminated or not started
Build info: version: '3.141.59', revision: 'e82be7d358', time: '2018-11-14T08:17:03'
System info: host: 'ucreate8-All-Series', ip: '127.0.1.1', os.name: 'Linux', os.arch: 'amd64', os.version: '4.15.0-43-generic', java.version: '1.8.0_191'
Driver info: io.appium.java_client.AppiumDriver
Capabilities {appActivity: com.imfootball.ui.activitie..., appPackage: com.imfootball, databaseEnabled: false, desired: {appActivity: com.imfootball.ui.activitie..., appPackage: com.imfootball, deviceName: ZY223D4K34, platformName: android, platformVersion: 7.0, resetKeyboard: true, unicodeKeyboard: true}, deviceManufacturer: motorola, deviceModel: Moto G (4), deviceName: ZY223D4K34, deviceScreenSize: 1080x1920, deviceUDID: ZY223D4K34, javascriptEnabled: true, locationContextEnabled: false, networkConnectionEnabled: true, platform: LINUX, platformName: LINUX, platformVersion: 7.0, resetKeyboard: true, takesScreenshot: true, unicodeKeyboard: true, warnings: {}, webStorageEnabled: false}
Session ID: 85cbc7db-432a-42bd-a7fb-b2b46037c115
at sun.reflect.NativeConstructorAccessorImpl.newInstance0(Native Method)
at sun.reflect.NativeConstructorAccessorImpl.newInstance(NativeConstructorAccessorImpl.java:62)
at sun.reflect.DelegatingConstructorAccessorImpl.newInstance(DelegatingConstructorAccessorImpl.java:45)
at java.lang.reflect.Constructor.newInstance(Constructor.java:423)
at org.openqa.selenium.remote.http.W3CHttpResponseCodec.createException(W3CHttpResponseCodec.java:187)
at org.openqa.selenium.remote.http.W3CHttpResponseCodec.decode(W3CHttpResponseCodec.java:122)
at org.openqa.selenium.remote.http.W3CHttpResponseCodec.decode(W3CHttpResponseCodec.java:49)
at org.openqa.selenium.remote.HttpCommandExecutor.execute(HttpCommandExecutor.java:158)
at io.appium.java_client.remote.AppiumCommandExecutor.execute(AppiumCommandExecutor.java:218)
at org.openqa.selenium.remote.RemoteWebDriver.execute(RemoteWebDriver.java:552)
at io.appium.java_client.DefaultGenericMobileDriver.execute(DefaultGenericMobileDriver.java:46)
at io.appium.java_client.AppiumDriver.execute(AppiumDriver.java:1)
at io.appium.java_client.HasSessionDetails.getSessionDetails(HasSessionDetails.java:39)
at io.appium.java_client.HasSessionDetails.getSessionDetail(HasSessionDetails.java:56)
at io.appium.java_client.HasSessionDetails.getPlatformName(HasSessionDetails.java:65)
at io.appium.java_client.pagefactory.AppiumFieldDecorator.<init>(AppiumFieldDecorator.java:96)
at io.appium.java_client.pagefactory.AppiumFieldDecorator.<init>(AppiumFieldDecorator.java:144)
at createAccountPages.Register.<init>(Register.java:35)
at Tests.testCreateAccount.testCreateAccountWithFirstNameOnly(testCreateAccount.java:173)
at sun.reflect.NativeMethodAccessorImpl.invoke0(Native Method)
at sun.reflect.NativeMethodAccessorImpl.invoke(NativeMethodAccessorImpl.java:62)
at sun.reflect.DelegatingMethodAccessorImpl.invoke(DelegatingMethodAccessorImpl.java:43)
at java.lang.reflect.Method.invoke(Method.java:498)
at org.testng.internal.MethodInvocationHelper.invokeMethod(MethodInvocationHelper.java:124)
at org.testng.internal.Invoker.invokeMethod(Invoker.java:583)
at org.testng.internal.Invoker.invokeTestMethod(Invoker.java:719)
at org.testng.internal.Invoker.invokeTestMethods(Invoker.java:989)
at org.testng.internal.TestMethodWorker.invokeTestMethods(TestMethodWorker.java:125)
at org.testng.internal.TestMethodWorker.run(TestMethodWorker.java:109)
at org.testng.TestRunner.privateRun(TestRunner.java:648)
at org.testng.TestRunner.run(TestRunner.java:505)
at org.testng.SuiteRunner.runTest(SuiteRunner.java:455)
at org.testng.SuiteRunner.runSequentially(SuiteRunner.java:450)
at org.testng.SuiteRunner.privateRun(SuiteRunner.java:415)
at org.testng.SuiteRunner.run(SuiteRunner.java:364)
at org.testng.SuiteRunnerWorker.runSuite(SuiteRunnerWorker.java:52)
at org.testng.SuiteRunnerWorker.run(SuiteRunnerWorker.java:84)
at org.testng.TestNG.runSuitesSequentially(TestNG.java:1208)
at org.testng.TestNG.runSuitesLocally(TestNG.java:1137)
at org.testng.TestNG.runSuites(TestNG.java:1049)
at org.testng.TestNG.run(TestNG.java:1017)
at org.testng.remote.AbstractRemoteTestNG.run(AbstractRemoteTestNG.java:114)
at org.testng.remote.RemoteTestNG.initAndRun(RemoteTestNG.java:251)
at org.testng.remote.RemoteTestNG.main(RemoteTestNG.java:77)
]]>
            </full-stacktrace>
          </exception> <!-- org.openqa.selenium.NoSuchSessionException -->
          <reporter-output>
          </reporter-output>
        </test-method> <!-- testCreateAccountWithFirstNameOnly -->
        <test-method status="FAIL" signature="testCreateAccountWithFirstAndLastNameOnly()[pri:12, instance:Tests.testCreateAccount@239963d8]" name="testCreateAccountWithFirstAndLastNameOnly" duration-ms="8" started-at="2019-01-03T11:43:39Z" finished-at="2019-01-03T11:43:39Z">
          <exception class="org.openqa.selenium.NoSuchSessionException">
            <message>
              <![CDATA[A session is either terminated or not started
Build info: version: '3.141.59', revision: 'e82be7d358', time: '2018-11-14T08:17:03'
System info: host: 'ucreate8-All-Series', ip: '127.0.1.1', os.name: 'Linux', os.arch: 'amd64', os.version: '4.15.0-43-generic', java.version: '1.8.0_191'
Driver info: io.appium.java_client.AppiumDriver
Capabilities {appActivity: com.imfootball.ui.activitie..., appPackage: com.imfootball, databaseEnabled: false, desired: {appActivity: com.imfootball.ui.activitie..., appPackage: com.imfootball, deviceName: ZY223D4K34, platformName: android, platformVersion: 7.0, resetKeyboard: true, unicodeKeyboard: true}, deviceManufacturer: motorola, deviceModel: Moto G (4), deviceName: ZY223D4K34, deviceScreenSize: 1080x1920, deviceUDID: ZY223D4K34, javascriptEnabled: true, locationContextEnabled: false, networkConnectionEnabled: true, platform: LINUX, platformName: LINUX, platformVersion: 7.0, resetKeyboard: true, takesScreenshot: true, unicodeKeyboard: true, warnings: {}, webStorageEnabled: false}
Session ID: 85cbc7db-432a-42bd-a7fb-b2b46037c115]]>
            </message>
            <full-stacktrace>
              <![CDATA[org.openqa.selenium.NoSuchSessionException: A session is either terminated or not started
Build info: version: '3.141.59', revision: 'e82be7d358', time: '2018-11-14T08:17:03'
System info: host: 'ucreate8-All-Series', ip: '127.0.1.1', os.name: 'Linux', os.arch: 'amd64', os.version: '4.15.0-43-generic', java.version: '1.8.0_191'
Driver info: io.appium.java_client.AppiumDriver
Capabilities {appActivity: com.imfootball.ui.activitie..., appPackage: com.imfootball, databaseEnabled: false, desired: {appActivity: com.imfootball.ui.activitie..., appPackage: com.imfootball, deviceName: ZY223D4K34, platformName: android, platformVersion: 7.0, resetKeyboard: true, unicodeKeyboard: true}, deviceManufacturer: motorola, deviceModel: Moto G (4), deviceName: ZY223D4K34, deviceScreenSize: 1080x1920, deviceUDID: ZY223D4K34, javascriptEnabled: true, locationContextEnabled: false, networkConnectionEnabled: true, platform: LINUX, platformName: LINUX, platformVersion: 7.0, resetKeyboard: true, takesScreenshot: true, unicodeKeyboard: true, warnings: {}, webStorageEnabled: false}
Session ID: 85cbc7db-432a-42bd-a7fb-b2b46037c115
at sun.reflect.NativeConstructorAccessorImpl.newInstance0(Native Method)
at sun.reflect.NativeConstructorAccessorImpl.newInstance(NativeConstructorAccessorImpl.java:62)
at sun.reflect.DelegatingConstructorAccessorImpl.newInstance(DelegatingConstructorAccessorImpl.java:45)
at java.lang.reflect.Constructor.newInstance(Constructor.java:423)
at org.openqa.selenium.remote.http.W3CHttpResponseCodec.createException(W3CHttpResponseCodec.java:187)
at org.openqa.selenium.remote.http.W3CHttpResponseCodec.decode(W3CHttpResponseCodec.java:122)
at org.openqa.selenium.remote.http.W3CHttpResponseCodec.decode(W3CHttpResponseCodec.java:49)
at org.openqa.selenium.remote.HttpCommandExecutor.execute(HttpCommandExecutor.java:158)
at io.appium.java_client.remote.AppiumCommandExecutor.execute(AppiumCommandExecutor.java:218)
at org.openqa.selenium.remote.RemoteWebDriver.execute(RemoteWebDriver.java:552)
at io.appium.java_client.DefaultGenericMobileDriver.execute(DefaultGenericMobileDriver.java:46)
at io.appium.java_client.AppiumDriver.execute(AppiumDriver.java:1)
at io.appium.java_client.HasSessionDetails.getSessionDetails(HasSessionDetails.java:39)
at io.appium.java_client.HasSessionDetails.getSessionDetail(HasSessionDetails.java:56)
at io.appium.java_client.HasSessionDetails.getPlatformName(HasSessionDetails.java:65)
at io.appium.java_client.pagefactory.AppiumFieldDecorator.<init>(AppiumFieldDecorator.java:96)
at io.appium.java_client.pagefactory.AppiumFieldDecorator.<init>(AppiumFieldDecorator.java:144)
at createAccountPages.Register.<init>(Register.java:35)
at Tests.testCreateAccount.testCreateAccountWithFirstAndLastNameOnly(testCreateAccount.java:185)
at sun.reflect.NativeMethodAccessorImpl.invoke0(Native Method)
at sun.reflect.NativeMethodAccessorImpl.invoke(NativeMethodAccessorImpl.java:62)
at sun.reflect.DelegatingMethodAccessorImpl.invoke(DelegatingMethodAccessorImpl.java:43)
at java.lang.reflect.Method.invoke(Method.java:498)
at org.testng.internal.MethodInvocationHelper.invokeMethod(MethodInvocationHelper.java:124)
at org.testng.internal.Invoker.invokeMethod(Invoker.java:583)
at org.testng.internal.Invoker.invokeTestMethod(Invoker.java:719)
at org.testng.internal.Invoker.invokeTestMethods(Invoker.java:989)
at org.testng.internal.TestMethodWorker.invokeTestMethods(TestMethodWorker.java:125)
at org.testng.internal.TestMethodWorker.run(TestMethodWorker.java:109)
at org.testng.TestRunner.privateRun(TestRunner.java:648)
at org.testng.TestRunner.run(TestRunner.java:505)
at org.testng.SuiteRunner.runTest(SuiteRunner.java:455)
at org.testng.SuiteRunner.runSequentially(SuiteRunner.java:450)
at org.testng.SuiteRunner.privateRun(SuiteRunner.java:415)
at org.testng.SuiteRunner.run(SuiteRunner.java:364)
at org.testng.SuiteRunnerWorker.runSuite(SuiteRunnerWorker.java:52)
at org.testng.SuiteRunnerWorker.run(SuiteRunnerWorker.java:84)
at org.testng.TestNG.runSuitesSequentially(TestNG.java:1208)
at org.testng.TestNG.runSuitesLocally(TestNG.java:1137)
at org.testng.TestNG.runSuites(TestNG.java:1049)
at org.testng.TestNG.run(TestNG.java:1017)
at org.testng.remote.AbstractRemoteTestNG.run(AbstractRemoteTestNG.java:114)
at org.testng.remote.RemoteTestNG.initAndRun(RemoteTestNG.java:251)
at org.testng.remote.RemoteTestNG.main(RemoteTestNG.java:77)
]]>
            </full-stacktrace>
          </exception> <!-- org.openqa.selenium.NoSuchSessionException -->
          <reporter-output>
          </reporter-output>
        </test-method> <!-- testCreateAccountWithFirstAndLastNameOnly -->
        <test-method status="FAIL" signature="testCreateAccountWithoutEmail()[pri:13, instance:Tests.testCreateAccount@239963d8]" name="testCreateAccountWithoutEmail" duration-ms="8" started-at="2019-01-03T11:43:39Z" finished-at="2019-01-03T11:43:39Z">
          <exception class="org.openqa.selenium.NoSuchSessionException">
            <message>
              <![CDATA[A session is either terminated or not started
Build info: version: '3.141.59', revision: 'e82be7d358', time: '2018-11-14T08:17:03'
System info: host: 'ucreate8-All-Series', ip: '127.0.1.1', os.name: 'Linux', os.arch: 'amd64', os.version: '4.15.0-43-generic', java.version: '1.8.0_191'
Driver info: io.appium.java_client.AppiumDriver
Capabilities {appActivity: com.imfootball.ui.activitie..., appPackage: com.imfootball, databaseEnabled: false, desired: {appActivity: com.imfootball.ui.activitie..., appPackage: com.imfootball, deviceName: ZY223D4K34, platformName: android, platformVersion: 7.0, resetKeyboard: true, unicodeKeyboard: true}, deviceManufacturer: motorola, deviceModel: Moto G (4), deviceName: ZY223D4K34, deviceScreenSize: 1080x1920, deviceUDID: ZY223D4K34, javascriptEnabled: true, locationContextEnabled: false, networkConnectionEnabled: true, platform: LINUX, platformName: LINUX, platformVersion: 7.0, resetKeyboard: true, takesScreenshot: true, unicodeKeyboard: true, warnings: {}, webStorageEnabled: false}
Session ID: 85cbc7db-432a-42bd-a7fb-b2b46037c115]]>
            </message>
            <full-stacktrace>
              <![CDATA[org.openqa.selenium.NoSuchSessionException: A session is either terminated or not started
Build info: version: '3.141.59', revision: 'e82be7d358', time: '2018-11-14T08:17:03'
System info: host: 'ucreate8-All-Series', ip: '127.0.1.1', os.name: 'Linux', os.arch: 'amd64', os.version: '4.15.0-43-generic', java.version: '1.8.0_191'
Driver info: io.appium.java_client.AppiumDriver
Capabilities {appActivity: com.imfootball.ui.activitie..., appPackage: com.imfootball, databaseEnabled: false, desired: {appActivity: com.imfootball.ui.activitie..., appPackage: com.imfootball, deviceName: ZY223D4K34, platformName: android, platformVersion: 7.0, resetKeyboard: true, unicodeKeyboard: true}, deviceManufacturer: motorola, deviceModel: Moto G (4), deviceName: ZY223D4K34, deviceScreenSize: 1080x1920, deviceUDID: ZY223D4K34, javascriptEnabled: true, locationContextEnabled: false, networkConnectionEnabled: true, platform: LINUX, platformName: LINUX, platformVersion: 7.0, resetKeyboard: true, takesScreenshot: true, unicodeKeyboard: true, warnings: {}, webStorageEnabled: false}
Session ID: 85cbc7db-432a-42bd-a7fb-b2b46037c115
at sun.reflect.NativeConstructorAccessorImpl.newInstance0(Native Method)
at sun.reflect.NativeConstructorAccessorImpl.newInstance(NativeConstructorAccessorImpl.java:62)
at sun.reflect.DelegatingConstructorAccessorImpl.newInstance(DelegatingConstructorAccessorImpl.java:45)
at java.lang.reflect.Constructor.newInstance(Constructor.java:423)
at org.openqa.selenium.remote.http.W3CHttpResponseCodec.createException(W3CHttpResponseCodec.java:187)
at org.openqa.selenium.remote.http.W3CHttpResponseCodec.decode(W3CHttpResponseCodec.java:122)
at org.openqa.selenium.remote.http.W3CHttpResponseCodec.decode(W3CHttpResponseCodec.java:49)
at org.openqa.selenium.remote.HttpCommandExecutor.execute(HttpCommandExecutor.java:158)
at io.appium.java_client.remote.AppiumCommandExecutor.execute(AppiumCommandExecutor.java:218)
at org.openqa.selenium.remote.RemoteWebDriver.execute(RemoteWebDriver.java:552)
at io.appium.java_client.DefaultGenericMobileDriver.execute(DefaultGenericMobileDriver.java:46)
at io.appium.java_client.AppiumDriver.execute(AppiumDriver.java:1)
at io.appium.java_client.HasSessionDetails.getSessionDetails(HasSessionDetails.java:39)
at io.appium.java_client.HasSessionDetails.getSessionDetail(HasSessionDetails.java:56)
at io.appium.java_client.HasSessionDetails.getPlatformName(HasSessionDetails.java:65)
at io.appium.java_client.pagefactory.AppiumFieldDecorator.<init>(AppiumFieldDecorator.java:96)
at io.appium.java_client.pagefactory.AppiumFieldDecorator.<init>(AppiumFieldDecorator.java:144)
at createAccountPages.Register.<init>(Register.java:35)
at Tests.testCreateAccount.testCreateAccountWithoutEmail(testCreateAccount.java:197)
at sun.reflect.NativeMethodAccessorImpl.invoke0(Native Method)
at sun.reflect.NativeMethodAccessorImpl.invoke(NativeMethodAccessorImpl.java:62)
at sun.reflect.DelegatingMethodAccessorImpl.invoke(DelegatingMethodAccessorImpl.java:43)
at java.lang.reflect.Method.invoke(Method.java:498)
at org.testng.internal.MethodInvocationHelper.invokeMethod(MethodInvocationHelper.java:124)
at org.testng.internal.Invoker.invokeMethod(Invoker.java:583)
at org.testng.internal.Invoker.invokeTestMethod(Invoker.java:719)
at org.testng.internal.Invoker.invokeTestMethods(Invoker.java:989)
at org.testng.internal.TestMethodWorker.invokeTestMethods(TestMethodWorker.java:125)
at org.testng.internal.TestMethodWorker.run(TestMethodWorker.java:109)
at org.testng.TestRunner.privateRun(TestRunner.java:648)
at org.testng.TestRunner.run(TestRunner.java:505)
at org.testng.SuiteRunner.runTest(SuiteRunner.java:455)
at org.testng.SuiteRunner.runSequentially(SuiteRunner.java:450)
at org.testng.SuiteRunner.privateRun(SuiteRunner.java:415)
at org.testng.SuiteRunner.run(SuiteRunner.java:364)
at org.testng.SuiteRunnerWorker.runSuite(SuiteRunnerWorker.java:52)
at org.testng.SuiteRunnerWorker.run(SuiteRunnerWorker.java:84)
at org.testng.TestNG.runSuitesSequentially(TestNG.java:1208)
at org.testng.TestNG.runSuitesLocally(TestNG.java:1137)
at org.testng.TestNG.runSuites(TestNG.java:1049)
at org.testng.TestNG.run(TestNG.java:1017)
at org.testng.remote.AbstractRemoteTestNG.run(AbstractRemoteTestNG.java:114)
at org.testng.remote.RemoteTestNG.initAndRun(RemoteTestNG.java:251)
at org.testng.remote.RemoteTestNG.main(RemoteTestNG.java:77)
]]>
            </full-stacktrace>
          </exception> <!-- org.openqa.selenium.NoSuchSessionException -->
          <reporter-output>
          </reporter-output>
        </test-method> <!-- testCreateAccountWithoutEmail -->
        <test-method status="FAIL" signature="testCreateAccountWithInvalidEmail()[pri:14, instance:Tests.testCreateAccount@239963d8]" name="testCreateAccountWithInvalidEmail" duration-ms="5" started-at="2019-01-03T11:43:39Z" finished-at="2019-01-03T11:43:39Z">
          <exception class="org.openqa.selenium.NoSuchSessionException">
            <message>
              <![CDATA[A session is either terminated or not started
Build info: version: '3.141.59', revision: 'e82be7d358', time: '2018-11-14T08:17:03'
System info: host: 'ucreate8-All-Series', ip: '127.0.1.1', os.name: 'Linux', os.arch: 'amd64', os.version: '4.15.0-43-generic', java.version: '1.8.0_191'
Driver info: io.appium.java_client.AppiumDriver
Capabilities {appActivity: com.imfootball.ui.activitie..., appPackage: com.imfootball, databaseEnabled: false, desired: {appActivity: com.imfootball.ui.activitie..., appPackage: com.imfootball, deviceName: ZY223D4K34, platformName: android, platformVersion: 7.0, resetKeyboard: true, unicodeKeyboard: true}, deviceManufacturer: motorola, deviceModel: Moto G (4), deviceName: ZY223D4K34, deviceScreenSize: 1080x1920, deviceUDID: ZY223D4K34, javascriptEnabled: true, locationContextEnabled: false, networkConnectionEnabled: true, platform: LINUX, platformName: LINUX, platformVersion: 7.0, resetKeyboard: true, takesScreenshot: true, unicodeKeyboard: true, warnings: {}, webStorageEnabled: false}
Session ID: 85cbc7db-432a-42bd-a7fb-b2b46037c115]]>
            </message>
            <full-stacktrace>
              <![CDATA[org.openqa.selenium.NoSuchSessionException: A session is either terminated or not started
Build info: version: '3.141.59', revision: 'e82be7d358', time: '2018-11-14T08:17:03'
System info: host: 'ucreate8-All-Series', ip: '127.0.1.1', os.name: 'Linux', os.arch: 'amd64', os.version: '4.15.0-43-generic', java.version: '1.8.0_191'
Driver info: io.appium.java_client.AppiumDriver
Capabilities {appActivity: com.imfootball.ui.activitie..., appPackage: com.imfootball, databaseEnabled: false, desired: {appActivity: com.imfootball.ui.activitie..., appPackage: com.imfootball, deviceName: ZY223D4K34, platformName: android, platformVersion: 7.0, resetKeyboard: true, unicodeKeyboard: true}, deviceManufacturer: motorola, deviceModel: Moto G (4), deviceName: ZY223D4K34, deviceScreenSize: 1080x1920, deviceUDID: ZY223D4K34, javascriptEnabled: true, locationContextEnabled: false, networkConnectionEnabled: true, platform: LINUX, platformName: LINUX, platformVersion: 7.0, resetKeyboard: true, takesScreenshot: true, unicodeKeyboard: true, warnings: {}, webStorageEnabled: false}
Session ID: 85cbc7db-432a-42bd-a7fb-b2b46037c115
at sun.reflect.NativeConstructorAccessorImpl.newInstance0(Native Method)
at sun.reflect.NativeConstructorAccessorImpl.newInstance(NativeConstructorAccessorImpl.java:62)
at sun.reflect.DelegatingConstructorAccessorImpl.newInstance(DelegatingConstructorAccessorImpl.java:45)
at java.lang.reflect.Constructor.newInstance(Constructor.java:423)
at org.openqa.selenium.remote.http.W3CHttpResponseCodec.createException(W3CHttpResponseCodec.java:187)
at org.openqa.selenium.remote.http.W3CHttpResponseCodec.decode(W3CHttpResponseCodec.java:122)
at org.openqa.selenium.remote.http.W3CHttpResponseCodec.decode(W3CHttpResponseCodec.java:49)
at org.openqa.selenium.remote.HttpCommandExecutor.execute(HttpCommandExecutor.java:158)
at io.appium.java_client.remote.AppiumCommandExecutor.execute(AppiumCommandExecutor.java:218)
at org.openqa.selenium.remote.RemoteWebDriver.execute(RemoteWebDriver.java:552)
at io.appium.java_client.DefaultGenericMobileDriver.execute(DefaultGenericMobileDriver.java:46)
at io.appium.java_client.AppiumDriver.execute(AppiumDriver.java:1)
at io.appium.java_client.HasSessionDetails.getSessionDetails(HasSessionDetails.java:39)
at io.appium.java_client.HasSessionDetails.getSessionDetail(HasSessionDetails.java:56)
at io.appium.java_client.HasSessionDetails.getPlatformName(HasSessionDetails.java:65)
at io.appium.java_client.pagefactory.AppiumFieldDecorator.<init>(AppiumFieldDecorator.java:96)
at io.appium.java_client.pagefactory.AppiumFieldDecorator.<init>(AppiumFieldDecorator.java:144)
at createAccountPages.Register.<init>(Register.java:35)
at Tests.testCreateAccount.testCreateAccountWithInvalidEmail(testCreateAccount.java:208)
at sun.reflect.NativeMethodAccessorImpl.invoke0(Native Method)
at sun.reflect.NativeMethodAccessorImpl.invoke(NativeMethodAccessorImpl.java:62)
at sun.reflect.DelegatingMethodAccessorImpl.invoke(DelegatingMethodAccessorImpl.java:43)
at java.lang.reflect.Method.invoke(Method.java:498)
at org.testng.internal.MethodInvocationHelper.invokeMethod(MethodInvocationHelper.java:124)
at org.testng.internal.Invoker.invokeMethod(Invoker.java:583)
at org.testng.internal.Invoker.invokeTestMethod(Invoker.java:719)
at org.testng.internal.Invoker.invokeTestMethods(Invoker.java:989)
at org.testng.internal.TestMethodWorker.invokeTestMethods(TestMethodWorker.java:125)
at org.testng.internal.TestMethodWorker.run(TestMethodWorker.java:109)
at org.testng.TestRunner.privateRun(TestRunner.java:648)
at org.testng.TestRunner.run(TestRunner.java:505)
at org.testng.SuiteRunner.runTest(SuiteRunner.java:455)
at org.testng.SuiteRunner.runSequentially(SuiteRunner.java:450)
at org.testng.SuiteRunner.privateRun(SuiteRunner.java:415)
at org.testng.SuiteRunner.run(SuiteRunner.java:364)
at org.testng.SuiteRunnerWorker.runSuite(SuiteRunnerWorker.java:52)
at org.testng.SuiteRunnerWorker.run(SuiteRunnerWorker.java:84)
at org.testng.TestNG.runSuitesSequentially(TestNG.java:1208)
at org.testng.TestNG.runSuitesLocally(TestNG.java:1137)
at org.testng.TestNG.runSuites(TestNG.java:1049)
at org.testng.TestNG.run(TestNG.java:1017)
at org.testng.remote.AbstractRemoteTestNG.run(AbstractRemoteTestNG.java:114)
at org.testng.remote.RemoteTestNG.initAndRun(RemoteTestNG.java:251)
at org.testng.remote.RemoteTestNG.main(RemoteTestNG.java:77)
]]>
            </full-stacktrace>
          </exception> <!-- org.openqa.selenium.NoSuchSessionException -->
          <reporter-output>
          </reporter-output>
        </test-method> <!-- testCreateAccountWithInvalidEmail -->
        <test-method status="FAIL" signature="testCreateAccountWithoutDOB()[pri:15, instance:Tests.testCreateAccount@239963d8]" name="testCreateAccountWithoutDOB" duration-ms="8" started-at="2019-01-03T11:43:39Z" finished-at="2019-01-03T11:43:39Z">
          <exception class="org.openqa.selenium.NoSuchSessionException">
            <message>
              <![CDATA[A session is either terminated or not started
Build info: version: '3.141.59', revision: 'e82be7d358', time: '2018-11-14T08:17:03'
System info: host: 'ucreate8-All-Series', ip: '127.0.1.1', os.name: 'Linux', os.arch: 'amd64', os.version: '4.15.0-43-generic', java.version: '1.8.0_191'
Driver info: io.appium.java_client.AppiumDriver
Capabilities {appActivity: com.imfootball.ui.activitie..., appPackage: com.imfootball, databaseEnabled: false, desired: {appActivity: com.imfootball.ui.activitie..., appPackage: com.imfootball, deviceName: ZY223D4K34, platformName: android, platformVersion: 7.0, resetKeyboard: true, unicodeKeyboard: true}, deviceManufacturer: motorola, deviceModel: Moto G (4), deviceName: ZY223D4K34, deviceScreenSize: 1080x1920, deviceUDID: ZY223D4K34, javascriptEnabled: true, locationContextEnabled: false, networkConnectionEnabled: true, platform: LINUX, platformName: LINUX, platformVersion: 7.0, resetKeyboard: true, takesScreenshot: true, unicodeKeyboard: true, warnings: {}, webStorageEnabled: false}
Session ID: 85cbc7db-432a-42bd-a7fb-b2b46037c115]]>
            </message>
            <full-stacktrace>
              <![CDATA[org.openqa.selenium.NoSuchSessionException: A session is either terminated or not started
Build info: version: '3.141.59', revision: 'e82be7d358', time: '2018-11-14T08:17:03'
System info: host: 'ucreate8-All-Series', ip: '127.0.1.1', os.name: 'Linux', os.arch: 'amd64', os.version: '4.15.0-43-generic', java.version: '1.8.0_191'
Driver info: io.appium.java_client.AppiumDriver
Capabilities {appActivity: com.imfootball.ui.activitie..., appPackage: com.imfootball, databaseEnabled: false, desired: {appActivity: com.imfootball.ui.activitie..., appPackage: com.imfootball, deviceName: ZY223D4K34, platformName: android, platformVersion: 7.0, resetKeyboard: true, unicodeKeyboard: true}, deviceManufacturer: motorola, deviceModel: Moto G (4), deviceName: ZY223D4K34, deviceScreenSize: 1080x1920, deviceUDID: ZY223D4K34, javascriptEnabled: true, locationContextEnabled: false, networkConnectionEnabled: true, platform: LINUX, platformName: LINUX, platformVersion: 7.0, resetKeyboard: true, takesScreenshot: true, unicodeKeyboard: true, warnings: {}, webStorageEnabled: false}
Session ID: 85cbc7db-432a-42bd-a7fb-b2b46037c115
at sun.reflect.NativeConstructorAccessorImpl.newInstance0(Native Method)
at sun.reflect.NativeConstructorAccessorImpl.newInstance(NativeConstructorAccessorImpl.java:62)
at sun.reflect.DelegatingConstructorAccessorImpl.newInstance(DelegatingConstructorAccessorImpl.java:45)
at java.lang.reflect.Constructor.newInstance(Constructor.java:423)
at org.openqa.selenium.remote.http.W3CHttpResponseCodec.createException(W3CHttpResponseCodec.java:187)
at org.openqa.selenium.remote.http.W3CHttpResponseCodec.decode(W3CHttpResponseCodec.java:122)
at org.openqa.selenium.remote.http.W3CHttpResponseCodec.decode(W3CHttpResponseCodec.java:49)
at org.openqa.selenium.remote.HttpCommandExecutor.execute(HttpCommandExecutor.java:158)
[...]
at org.testng.internal.Invoker.invokeTestMethod(Invoker.java:719)
at org.testng.internal.Invoker.invokeTestMethods(Invoker.java:989)
at org.testng.internal.TestMethodWorker.invokeTestMethods(TestMethodWorker.java:125)
at org.testng.internal.TestMethodWorker.run(TestMethodWorker.java:109)
at org.testng.TestRunner.privateRun(TestRunner.java:648)
at org.testng.TestRunner.run(TestRunner.java:505)
at org.testng.SuiteRunner.runTest(SuiteRunner.java:455)
at org.testng.SuiteRunner.runSequentially(SuiteRunner.java:450)
at org.testng.SuiteRunner.privateRun(SuiteRunner.java:415)
at org.testng.SuiteRunner.run(SuiteRunner.java:364)
at org.testng.SuiteRunnerWorker.runSuite(SuiteRunnerWorker.java:52)
at org.testng.SuiteRunnerWorker.run(SuiteRunnerWorker.java:84)
at org.testng.TestNG.runSuitesSequentially(TestNG.java:1208)
at org.testng.TestNG.runSuitesLocally(TestNG.java:1137)
at org.testng.TestNG.runSuites(TestNG.java:1049)
at org.testng.TestNG.run(TestNG.java:1017)
at org.testng.remote.AbstractRemoteTestNG.run(AbstractRemoteTestNG.java:114)
at org.testng.remote.RemoteTestNG.initAndRun(RemoteTestNG.java:251)
at org.testng.remote.RemoteTestNG.main(RemoteTestNG.java:77)
]]>
            </full-stacktrace>
          </exception> <!-- org.openqa.selenium.NoSuchSessionException -->
          <reporter-output>
          </reporter-output>
        </test-method> <!-- testCreateAccountWithInvaidPasswordCriteria -->
        <test-method status="FAIL" signature="testCreateAccountWith2ndInvaidPasswordCriteria()[pri:18, instance:Tests.testCreateAccount@239963d8]" name="testCreateAccountWith2ndInvaidPasswordCriteria" duration-ms="7" started-at="2019-01-03T11:43:39Z" finished-at="2019-01-03T11:43:39Z">
          <exception class="org.openqa.selenium.NoSuchSessionException">
            <message>
              <![CDATA[A session is either terminated or not started
Build info: version: '3.141.59', revision: 'e82be7d358', time: '2018-11-14T08:17:03'
System info: host: 'ucreate8-All-Series', ip: '127.0.1.1', os.name: 'Linux', os.arch: 'amd64', os.version: '4.15.0-43-generic', java.version: '1.8.0_191'
Driver info: io.appium.java_client.AppiumDriver
Capabilities {appActivity: com.imfootball.ui.activitie..., appPackage: com.imfootball, databaseEnabled: false, desired: {appActivity: com.imfootball.ui.activitie..., appPackage: com.imfootball, deviceName: ZY223D4K34, platformName: android, platformVersion: 7.0, resetKeyboard: true, unicodeKeyboard: true}, deviceManufacturer: motorola, deviceModel: Moto G (4), deviceName: ZY223D4K34, deviceScreenSize: 1080x1920, deviceUDID: ZY223D4K34, javascriptEnabled: true, locationContextEnabled: false, networkConnectionEnabled: true, platform: LINUX, platformName: LINUX, platformVersion: 7.0, resetKeyboard: true, takesScreenshot: true, unicodeKeyboard: true, warnings: {}, webStorageEnabled: false}
Session ID: 85cbc7db-432a-42bd-a7fb-b2b46037c115]]>
            </message>
            <full-stacktrace>
              <![CDATA[org.openqa.selenium.NoSuchSessionException: A session is either terminated or not started
Build info: version: '3.141.59', revision: 'e82be7d358', time: '2018-11-14T08:17:03'
System info: host: 'ucreate8-All-Series', ip: '127.0.1.1', os.name: 'Linux', os.arch: 'amd64', os.version: '4.15.0-43-generic', java.version: '1.8.0_191'
Driver info: io.appium.java_client.AppiumDriver
Capabilities {appActivity: com.imfootball.ui.activitie..., appPackage: com.imfootball, databaseEnabled: false, desired: {appActivity: com.imfootball.ui.activitie..., appPackage: com.imfootball, deviceName: ZY223D4K34, platformName: android, platformVersion: 7.0, resetKeyboard: true, unicodeKeyboard: true}, deviceManufacturer: motorola, deviceModel: Moto G (4), deviceName: ZY223D4K34, deviceScreenSize: 1080x1920, deviceUDID: ZY223D4K34, javascriptEnabled: true, locationContextEnabled: false, networkConnectionEnabled: true, platform: LINUX, platformName: LINUX, platformVersion: 7.0, resetKeyboard: true, takesScreenshot: true, unicodeKeyboard: true, warnings: {}, webStorageEnabled: false}
Session ID: 85cbc7db-432a-42bd-a7fb-b2b46037c115
at sun.reflect.NativeConstructorAccessorImpl.newInstance0(Native Method)
at sun.reflect.NativeConstructorAccessorImpl.newInstance(NativeConstructorAccessorImpl.java:62)
at sun.reflect.DelegatingConstructorAccessorImpl.newInstance(DelegatingConstructorAccessorImpl.java:45)
at java.lang.reflect.Constructor.newInstance(Constructor.java:423)
at org.openqa.selenium.remote.http.W3CHttpResponseCodec.createException(W3CHttpResponseCodec.java:187)
at org.openqa.selenium.remote.http.W3CHttpResponseCodec.decode(W3CHttpResponseCodec.java:122)
at org.openqa.selenium.remote.http.W3CHttpResponseCodec.decode(W3CHttpResponseCodec.java:49)
at org.openqa.selenium.remote.HttpCommandExecutor.execute(HttpCommandExecutor.java:158)
at io.appium.java_client.remote.AppiumCommandExecutor.execute(AppiumCommandExecutor.java:218)
at org.openqa.selenium.remote.RemoteWebDriver.execute(RemoteWebDriver.java:552)
at io.appium.java_client.DefaultGenericMobileDriver.execute(DefaultGenericMobileDriver.java:46)
at io.appium.java_client.AppiumDriver.execute(AppiumDriver.java:1)
at io.appium.java_client.HasSessionDetails.getSessionDetails(HasSessionDetails.java:39)
at io.appium.java_client.HasSessionDetails.getSessionDetail(HasSessionDetails.java:56)
at io.appium.java_client.HasSessionDetails.getPlatformName(HasSessionDetails.java:65)
at io.appium.java_client.pagefactory.AppiumFieldDecorator.<init>(AppiumFieldDecorator.java:96)
at io.appium.java_client.pagefactory.AppiumFieldDecorator.<init>(AppiumFieldDecorator.java:144)
at createAccountPages.Register.<init>(Register.java:35)
at Tests.testCreateAccount.testCreateAccountWith2ndInvaidPasswordCriteria(testCreateAccount.java:256)
at sun.reflect.NativeMethodAccessorImpl.invoke0(Native Method)
at sun.reflect.NativeMethodAccessorImpl.invoke(NativeMethodAccessorImpl.java:62)
at sun.reflect.DelegatingMethodAccessorImpl.invoke(DelegatingMethodAccessorImpl.java:43)
at java.lang.reflect.Method.invoke(Method.java:498)
at org.testng.internal.MethodInvocationHelper.invokeMethod(MethodInvocationHelper.java:124)
at org.testng.internal.Invoker.invokeMethod(Invoker.java:583)
at org.testng.internal.Invoker.invokeTestMethod(Invoker.java:719)
at org.testng.internal.Invoker.invokeTestMethods(Invoker.java:989)
at org.testng.internal.TestMethodWorker.invokeTestMethods(TestMethodWorker.java:125)
at org.testng.internal.TestMethodWorker.run(TestMethodWorker.java:109)
at org.testng.TestRunner.privateRun(TestRunner.java:648)
at org.testng.TestRunner.run(TestRunner.java:505)
at org.testng.SuiteRunner.runTest(SuiteRunner.java:455)
at org.testng.SuiteRunner.runSequentially(SuiteRunner.java:450)
at org.testng.SuiteRunner.privateRun(SuiteRunner.java:415)
at org.testng.SuiteRunner.run(SuiteRunner.java:364)
at org.testng.SuiteRunnerWorker.runSuite(SuiteRunnerWorker.java:52)
at org.testng.SuiteRunnerWorker.run(SuiteRunnerWorker.java:84)
at org.testng.TestNG.runSuitesSequentially(TestNG.java:1208)
at org.testng.TestNG.runSuitesLocally(TestNG.java:1137)
at org.testng.TestNG.runSuites(TestNG.java:1049)
at org.testng.TestNG.run(TestNG.java:1017)
at org.testng.remote.AbstractRemoteTestNG.run(AbstractRemoteTestNG.java:114)
at org.testng.remote.RemoteTestNG.initAndRun(RemoteTestNG.java:251)
at org.testng.remote.RemoteTestNG.main(RemoteTestNG.java:77)
]]>
            </full-stacktrace>
          </exception> <!-- org.openqa.selenium.NoSuchSessionException -->
          <reporter-output>
          </reporter-output>
        </test-method> <!-- testCreateAccountWith2ndInvaidPasswordCriteria -->
        <test-method status="FAIL" signature="testCreateAccountWith3rdInvaidPasswordCriteria()[pri:19, instance:Tests.testCreateAccount@239963d8]" name="testCreateAccountWith3rdInvaidPasswordCriteria" duration-ms="7" started-at="2019-01-03T11:43:39Z" finished-at="2019-01-03T11:43:39Z">
          <exception class="org.openqa.selenium.NoSuchSessionException">
            <message>
              <![CDATA[A session is either terminated or not started
Build info: version: '3.141.59', revision: 'e82be7d358', time: '2018-11-14T08:17:03'
System info: host: 'ucreate8-All-Series', ip: '127.0.1.1', os.name: 'Linux', os.arch: 'amd64', os.version: '4.15.0-43-generic', java.version: '1.8.0_191'
Driver info: io.appium.java_client.AppiumDriver
Capabilities {appActivity: com.imfootball.ui.activitie..., appPackage: com.imfootball, databaseEnabled: false, desired: {appActivity: com.imfootball.ui.activitie..., appPackage: com.imfootball, deviceName: ZY223D4K34, platformName: android, platformVersion: 7.0, resetKeyboard: true, unicodeKeyboard: true}, deviceManufacturer: motorola, deviceModel: Moto G (4), deviceName: ZY223D4K34, deviceScreenSize: 1080x1920, deviceUDID: ZY223D4K34, javascriptEnabled: true, locationContextEnabled: false, networkConnectionEnabled: true, platform: LINUX, platformName: LINUX, platformVersion: 7.0, resetKeyboard: true, takesScreenshot: true, unicodeKeyboard: true, warnings: {}, webStorageEnabled: false}
Session ID: 85cbc7db-432a-42bd-a7fb-b2b46037c115]]>
            </message>
            <full-stacktrace>
              <![CDATA[org.openqa.selenium.NoSuchSessionException: A session is either terminated or not started
Build info: version: '3.141.59', revision: 'e82be7d358', time: '2018-11-14T08:17:03'
System info: host: 'ucreate8-All-Series', ip: '127.0.1.1', os.name: 'Linux', os.arch: 'amd64', os.version: '4.15.0-43-generic', java.version: '1.8.0_191'
Driver info: io.appium.java_client.AppiumDriver
Capabilities {appActivity: com.imfootball.ui.activitie..., appPackage: com.imfootball, databaseEnabled: false, desired: {appActivity: com.imfootball.ui.activitie..., appPackage: com.imfootball, deviceName: ZY223D4K34, platformName: android, platformVersion: 7.0, resetKeyboard: true, unicodeKeyboard: true}, deviceManufacturer: motorola, deviceModel: Moto G (4), deviceName: ZY223D4K34, deviceScreenSize: 1080x1920, deviceUDID: ZY223D4K34, javascriptEnabled: true, locationContextEnabled: false, networkConnectionEnabled: true, platform: LINUX, platformName: LINUX, platformVersion: 7.0, resetKeyboard: true, takesScreenshot: true, unicodeKeyboard: true, warnings: {}, webStorageEnabled: false}
Session ID: 85cbc7db-432a-42bd-a7fb-b2b46037c115
at sun.reflect.NativeConstructorAccessorImpl.newInstance0(Native Method)
at sun.reflect.NativeConstructorAccessorImpl.newInstance(NativeConstructorAccessorImpl.java:62)
at sun.reflect.DelegatingConstructorAccessorImpl.newInstance(DelegatingConstructorAccessorImpl.java:45)
at java.lang.reflect.Constructor.newInstance(Constructor.java:423)
at org.openqa.selenium.remote.http.W3CHttpResponseCodec.createException(W3CHttpResponseCodec.java:187)
at org.openqa.selenium.remote.http.W3CHttpResponseCodec.decode(W3CHttpResponseCodec.java:122)
at org.openqa.selenium.remote.http.W3CHttpResponseCodec.decode(W3CHttpResponseCodec.java:49)
at org.openqa.selenium.remote.HttpCommandExecutor.execute(HttpCommandExecutor.java:158)
at io.appium.java_client.remote.AppiumCommandExecutor.execute(AppiumCommandExecutor.java:218)
at org.openqa.selenium.remote.RemoteWebDriver.execute(RemoteWebDriver.java:552)
at io.appium.java_client.DefaultGenericMobileDriver.execute(DefaultGenericMobileDriver.java:46)
at io.appium.java_client.AppiumDriver.execute(AppiumDriver.java:1)
at io.appium.java_client.HasSessionDetails.getSessionDetails(HasSessionDetails.java:39)
at io.appium.java_client.HasSessionDetails.getSessionDetail(HasSessionDetails.java:56)
at io.appium.java_client.HasSessionDetails.getPlatformName(HasSessionDetails.java:65)
at io.appium.java_client.pagefactory.AppiumFieldDecorator.<init>(AppiumFieldDecorator.java:96)
at io.appium.java_client.pagefactory.AppiumFieldDecorator.<init>(AppiumFieldDecorator.java:144)
at createAccountPages.Register.<init>(Register.java:35)
at Tests.testCreateAccount.testCreateAccountWith3rdInvaidPasswordCriteria(testCreateAccount.java:268)
at sun.reflect.NativeMethodAccessorImpl.invoke0(Native Method)
at sun.reflect.NativeMethodAccessorImpl.invoke(NativeMethodAccessorImpl.java:62)
at sun.reflect.DelegatingMethodAccessorImpl.invoke(DelegatingMethodAccessorImpl.java:43)
at java.lang.reflect.Method.invoke(Method.java:498)
at org.testng.internal.MethodInvocationHelper.invokeMethod(MethodInvocationHelper.java:124)
at org.testng.internal.Invoker.invokeMethod(Invoker.java:583)
at org.testng.internal.Invoker.invokeTestMethod(Invoker.java:719)
at org.testng.internal.Invoker.invokeTestMethods(Invoker.java:989)
at org.testng.internal.TestMethodWorker.invokeTestMethods(TestMethodWorker.java:125)
at org.testng.internal.TestMethodWorker.run(TestMethodWorker.java:109)
at org.testng.TestRunner.privateRun(TestRunner.java:648)
at org.testng.TestRunner.run(TestRunner.java:505)
at org.testng.SuiteRunner.runTest(SuiteRunner.java:455)
at org.testng.SuiteRunner.runSequentially(SuiteRunner.java:450)
at org.testng.SuiteRunner.privateRun(SuiteRunner.java:415)
at org.testng.SuiteRunner.run(SuiteRunner.java:364)
at org.testng.SuiteRunnerWorker.runSuite(SuiteRunnerWorker.java:52)
at org.testng.SuiteRunnerWorker.run(SuiteRunnerWorker.java:84)
at org.testng.TestNG.runSuitesSequentially(TestNG.java:1208)
at org.testng.TestNG.runSuitesLocally(TestNG.java:1137)
at org.testng.TestNG.runSuites(TestNG.java:1049)
at org.testng.TestNG.run(TestNG.java:1017)
at org.testng.remote.AbstractRemoteTestNG.run(AbstractRemoteTestNG.java:114)
at org.testng.remote.RemoteTestNG.initAndRun(RemoteTestNG.java:251)
at org.testng.remote.RemoteTestNG.main(RemoteTestNG.java:77)
]]>
            </full-stacktrace>
          </exception> <!-- org.openqa.selenium.NoSuchSessionException -->
          <reporter-output>
          </reporter-output>
        </test-method> <!-- testCreateAccountWith3rdInvaidPasswordCriteria -->
        <test-method status="FAIL" signature="testInformationIconWorking()[pri:20, instance:Tests.testCreateAccount@239963d8]" name="testInformationIconWorking" duration-ms="5" started-at="2019-01-03T11:43:39Z" finished-at="2019-01-03T11:43:39Z">
          <exception class="org.openqa.selenium.NoSuchSessionException">
            <message>
              <![CDATA[A session is either terminated or not started
Build info: version: '3.141.59', revision: 'e82be7d358', time: '2018-11-14T08:17:03'
System info: host: 'ucreate8-All-Series', ip: '127.0.1.1', os.name: 'Linux', os.arch: 'amd64', os.version: '4.15.0-43-generic', java.version: '1.8.0_191'
Driver info: io.appium.java_client.AppiumDriver
Capabilities {appActivity: com.imfootball.ui.activitie..., appPackage: com.imfootball, databaseEnabled: false, desired: {appActivity: com.imfootball.ui.activitie..., appPackage: com.imfootball, deviceName: ZY223D4K34, platformName: android, platformVersion: 7.0, resetKeyboard: true, unicodeKeyboard: true}, deviceManufacturer: motorola, deviceModel: Moto G (4), deviceName: ZY223D4K34, deviceScreenSize: 1080x1920, deviceUDID: ZY223D4K34, javascriptEnabled: true, locationContextEnabled: false, networkConnectionEnabled: true, platform: LINUX, platformName: LINUX, platformVersion: 7.0, resetKeyboard: true, takesScreenshot: true, unicodeKeyboard: true, warnings: {}, webStorageEnabled: false}
Session ID: 85cbc7db-432a-42bd-a7fb-b2b46037c115]]>
            </message>
            <full-stacktrace>
              <![CDATA[org.openqa.selenium.NoSuchSessionException: A session is either terminated or not started
Build info: version: '3.141.59', revision: 'e82be7d358', time: '2018-11-14T08:17:03'
System info: host: 'ucreate8-All-Series', ip: '127.0.1.1', os.name: 'Linux', os.arch: 'amd64', os.version: '4.15.0-43-generic', java.version: '1.8.0_191'
Driver info: io.appium.java_client.AppiumDriver
Capabilities {appActivity: com.imfootball.ui.activitie..., appPackage: com.imfootball, databaseEnabled: false, desired: {appActivity: com.imfootball.ui.activitie..., appPackage: com.imfootball, deviceName: ZY223D4K34, platformName: android, platformVersion: 7.0, resetKeyboard: true, unicodeKeyboard: true}, deviceManufacturer: motorola, deviceModel: Moto G (4), deviceName: ZY223D4K34, deviceScreenSize: 1080x1920, deviceUDID: ZY223D4K34, javascriptEnabled: true, locationContextEnabled: false, networkConnectionEnabled: true, platform: LINUX, platformName: LINUX, platformVersion: 7.0, resetKeyboard: true, takesScreenshot: true, unicodeKeyboard: true, warnings: {}, webStorageEnabled: false}
Session ID: 85cbc7db-432a-42bd-a7fb-b2b46037c115
at sun.reflect.GeneratedConstructorAccessor14.newInstance(Unknown Source)
at sun.reflect.DelegatingConstructorAccessorImpl.newInstance(DelegatingConstructorAccessorImpl.java:45)
at java.lang.reflect.Constructor.newInstance(Constructor.java:423)
at org.openqa.selenium.remote.http.W3CHttpResponseCodec.createException(W3CHttpResponseCodec.java:187)
at org.openqa.selenium.remote.http.W3CHttpResponseCodec.decode(W3CHttpResponseCodec.java:122)
at org.openqa.selenium.remote.http.W3CHttpResponseCodec.decode(W3CHttpResponseCodec.java:49)
at org.openqa.selenium.remote.HttpCommandExecutor.execute(HttpCommandExecutor.java:158)
at io.appium.java_client.remote.AppiumCommandExecutor.execute(AppiumCommandExecutor.java:218)
at org.openqa.selenium.remote.RemoteWebDriver.execute(RemoteWebDriver.java:552)
at io.appium.java_client.DefaultGenericMobileDriver.execute(DefaultGenericMobileDriver.java:46)
at io.appium.java_client.AppiumDriver.execute(AppiumDriver.java:1)
at io.appium.java_client.HasSessionDetails.getSessionDetails(HasSessionDetails.java:39)
at io.appium.java_client.HasSessionDetails.getSessionDetail(HasSessionDetails.java:56)
at io.appium.java_client.HasSessionDetails.getPlatformName(HasSessionDetails.java:65)
at io.appium.java_client.pagefactory.AppiumFieldDecorator.<init>(AppiumFieldDecorator.java:96)
at io.appium.java_client.pagefactory.AppiumFieldDecorator.<init>(AppiumFieldDecorator.java:144)
at createAccountPages.Register.<init>(Register.java:35)
at Tests.testCreateAccount.testInformationIconWorking(testCreateAccount.java:280)
at sun.reflect.NativeMethodAccessorImpl.invoke0(Native Method)
at sun.reflect.NativeMethodAccessorImpl.invoke(NativeMethodAccessorImpl.java:62)
at sun.reflect.DelegatingMethodAccessorImpl.invoke(DelegatingMethodAccessorImpl.java:43)
at java.lang.reflect.Method.invoke(Method.java:498)
at org.testng.internal.MethodInvocationHelper.invokeMethod(MethodInvocationHelper.java:124)
at org.testng.internal.Invoker.invokeMethod(Invoker.java:583)
at org.testng.internal.Invoker.invokeTestMethod(Invoker.java:719)
at org.testng.internal.Invoker.invokeTestMethods(Invoker.java:989)
at org.testng.internal.TestMethodWorker.invokeTestMethods(TestMethodWorker.java:125)
at org.testng.internal.TestMethodWorker.run(TestMethodWorker.java:109)
at org.testng.TestRunner.privateRun(TestRunner.java:648)
at org.testng.TestRunner.run(TestRunner.java:505)
at org.testng.SuiteRunner.runTest(SuiteRunner.java:455)
at org.testng.SuiteRunner.runSequentially(SuiteRunner.java:450)
at org.testng.SuiteRunner.privateRun(SuiteRunner.java:415)
at org.testng.SuiteRunner.run(SuiteRunner.java:364)
at org.testng.SuiteRunnerWorker.runSuite(SuiteRunnerWorker.java:52)
at org.testng.SuiteRunnerWorker.run(SuiteRunnerWorker.java:84)
at org.testng.TestNG.runSuitesSequentially(TestNG.java:1208)
at org.testng.TestNG.runSuitesLocally(TestNG.java:1137)
at org.testng.TestNG.runSuites(TestNG.java:1049)
at org.testng.TestNG.run(TestNG.java:1017)
at org.testng.remote.AbstractRemoteTestNG.run(AbstractRemoteTestNG.java:114)
at org.testng.remote.RemoteTestNG.initAndRun(RemoteTestNG.java:251)
at org.testng.remote.RemoteTestNG.main(RemoteTestNG.java:77)
]]>
            </full-stacktrace>
          </exception> <!-- org.openqa.selenium.NoSuchSessionException -->
          <reporter-output>
          </reporter-output>
        </test-method> <!-- testInformationIconWorking -->
      </class> <!-- Tests.testCreateAccount -->
    </test> <!-- Default test -->
  </suite> <!-- Default suite -->
</testng-results>
