<?xml version="1.0" encoding="UTF-8"?>
<!-- Generated by org.testng.reporters.JUnitReportReporter -->
<testsuite skipped="0" hostname="ucreate8-All-Series" name="Tests.testCreateAccount" tests="21" failures="0" timestamp="03 Jan 2019 11:43:40 GMT" time="765.051" errors="18">
  <testcase name="testCreateAccountButtonWorking" time="11.539" classname="Tests.testCreateAccount"/>
  <testcase name="testInternationalTeamSelected" time="16.361" classname="Tests.testCreateAccount"/>
  <testcase name="testLeagueSelected" time="5.887" classname="Tests.testCreateAccount"/>
  <testcase name="testDomesticTeamSelected" time="618.055" classname="Tests.testCreateAccount">
    <error type="org.openqa.selenium.WebDriverException" message="java.io.IOException: unexpected end of stream on Connection{0.0.0.0:4723, proxy=DIRECT hostAddress=/0.0.0.0:4723 cipherSuite=none protocol=http/1.1}
Build info: version: &#039;3.141.59&#039;, revision: &#039;e82be7d358&#039;, time: &#039;2018-11-14T08:17:03&#039;
System info: host: &#039;ucreate8-All-Series&#039;, ip: &#039;127.0.1.1&#039;, os.name: &#039;Linux&#039;, os.arch: &#039;amd64&#039;, os.version: &#039;4.15.0-43-generic&#039;, java.version: &#039;1.8.0_191&#039;
Driver info: driver.version: AppiumDriver">
      <![CDATA[org.openqa.selenium.WebDriverException: java.io.IOException: unexpected end of stream on Connection{0.0.0.0:4723, proxy=DIRECT hostAddress=/0.0.0.0:4723 cipherSuite=none protocol=http/1.1}
Build info: version: '3.141.59', revision: 'e82be7d358', time: '2018-11-14T08:17:03'
System info: host: 'ucreate8-All-Series', ip: '127.0.1.1', os.name: 'Linux', os.arch: 'amd64', os.version: '4.15.0-43-generic', java.version: '1.8.0_191'
Driver info: driver.version: AppiumDriver
at io.appium.java_client.remote.AppiumCommandExecutor.execute(AppiumCommandExecutor.java:233)
at org.openqa.selenium.remote.RemoteWebDriver.execute(RemoteWebDriver.java:552)
at io.appium.java_client.DefaultGenericMobileDriver.execute(DefaultGenericMobileDriver.java:42)
at io.appium.java_client.AppiumDriver.execute(AppiumDriver.java:1)
at org.openqa.selenium.remote.RemoteWebDriver.findElement(RemoteWebDriver.java:323)
at io.appium.java_client.DefaultGenericMobileDriver.findElement(DefaultGenericMobileDriver.java:62)
at io.appium.java_client.AppiumDriver.findElement(AppiumDriver.java:1)
at org.openqa.selenium.remote.RemoteWebDriver.findElementByXPath(RemoteWebDriver.java:428)
at io.appium.java_client.DefaultGenericMobileDriver.findElementByXPath(DefaultGenericMobileDriver.java:152)
at io.appium.java_client.AppiumDriver.findElementByXPath(AppiumDriver.java:1)
at Tests.testCreateAccount.testDomesticTeamSelected(testCreateAccount.java:84)
at sun.reflect.NativeMethodAccessorImpl.invoke0(Native Method)
at sun.reflect.NativeMethodAccessorImpl.invoke(NativeMethodAccessorImpl.java:62)
at sun.reflect.DelegatingMethodAccessorImpl.invoke(DelegatingMethodAccessorImpl.java:43)
at java.lang.reflect.Method.invoke(Method.java:498)
at org.testng.internal.MethodInvocationHelper.invokeMethod(MethodInvocationHelper.java:124)
at org.testng.internal.Invoker.invokeMethod(Invoker.java:583)
at org.testng.internal.Invoker.invokeTestMethod(Invoker.java:719)
at org.testng.internal.Invoker.invokeTestMethods(Invoker.java:989)
at org.testng.internal.TestMethodWorker.invokeTestMethods(TestMethodWorker.java:125)
at org.testng.internal.TestMethodWorker.run(TestMethodWorker.java:109)
at org.testng.TestRunner.privateRun(TestRunner.java:648)
at org.testng.TestRunner.run(TestRunner.java:505)
at org.testng.SuiteRunner.runTest(SuiteRunner.java:455)
at org.testng.SuiteRunner.runSequentially(SuiteRunner.java:450)
at org.testng.SuiteRunner.privateRun(SuiteRunner.java:415)
at org.testng.SuiteRunner.run(SuiteRunner.java:364)
at org.testng.SuiteRunnerWorker.runSuite(SuiteRunnerWorker.java:52)
at org.testng.SuiteRunnerWorker.run(SuiteRunnerWorker.java:84)
at org.testng.TestNG.runSuitesSequentially(TestNG.java:1208)
at org.testng.TestNG.runSuitesLocally(TestNG.java:1137)
at org.testng.TestNG.runSuites(TestNG.java:1049)
at org.testng.TestNG.run(TestNG.java:1017)
at org.testng.remote.AbstractRemoteTestNG.run(AbstractRemoteTestNG.java:114)
at org.testng.remote.RemoteTestNG.initAndRun(RemoteTestNG.java:251)
at org.testng.remote.RemoteTestNG.main(RemoteTestNG.java:77)
Caused by: java.io.IOException: unexpected end of stream on Connection{0.0.0.0:4723, proxy=DIRECT hostAddress=/0.0.0.0:4723 cipherSuite=none protocol=http/1.1}
at okhttp3.internal.http1.Http1Codec.readResponseHeaders(Http1Codec.java:208)
at okhttp3.internal.http.CallServerInterceptor.intercept(CallServerInterceptor.java:88)
at okhttp3.internal.http.RealInterceptorChain.proceed(RealInterceptorChain.java:147)
at okhttp3.internal.http.RealInterceptorChain.proceed(RealInterceptorChain.java:121)
at org.openqa.selenium.remote.internal.OkHttpClient$Factory$1.lambda$createClient$1(OkHttpClient.java:152)
at okhttp3.internal.http.RealInterceptorChain.proceed(RealInterceptorChain.java:147)
at okhttp3.internal.connection.ConnectInterceptor.intercept(ConnectInterceptor.java:45)
at okhttp3.internal.http.RealInterceptorChain.proceed(RealInterceptorChain.java:147)
at okhttp3.internal.http.RealInterceptorChain.proceed(RealInterceptorChain.java:121)
at okhttp3.internal.cache.CacheInterceptor.intercept(CacheInterceptor.java:93)
at okhttp3.internal.http.RealInterceptorChain.proceed(RealInterceptorChain.java:147)
at okhttp3.internal.http.RealInterceptorChain.proceed(RealInterceptorChain.java:121)
at okhttp3.internal.http.BridgeInterceptor.intercept(BridgeInterceptor.java:93)
at okhttp3.internal.http.RealInterceptorChain.proceed(RealInterceptorChain.java:147)
at okhttp3.internal.http.RetryAndFollowUpInterceptor.intercept(RetryAndFollowUpInterceptor.java:126)
at okhttp3.internal.http.RealInterceptorChain.proceed(RealInterceptorChain.java:147)
at okhttp3.internal.http.RealInterceptorChain.proceed(RealInterceptorChain.java:121)
at okhttp3.RealCall.getResponseWithInterceptorChain(RealCall.java:200)
at okhttp3.RealCall.execute(RealCall.java:77)
at org.openqa.selenium.remote.internal.OkHttpClient.execute(OkHttpClient.java:103)
at org.openqa.selenium.remote.HttpCommandExecutor.execute(HttpCommandExecutor.java:155)
at io.appium.java_client.remote.AppiumCommandExecutor.execute(AppiumCommandExecutor.java:218)
... 35 more
Caused by: java.io.EOFException: \n not found: limit=0 content=…
at okio.RealBufferedSource.readUtf8LineStrict(RealBufferedSource.java:237)
at okhttp3.internal.http1.Http1Codec.readHeaderLine(Http1Codec.java:215)
at okhttp3.internal.http1.Http1Codec.readResponseHeaders(Http1Codec.java:189)
... 56 more
]]>
    </error>
  </testcase> <!-- testDomesticTeamSelected -->
  <testcase name="testTermsCondAccpeted" time="113.092" classname="Tests.testCreateAccount">
    <error type="org.openqa.selenium.NoSuchSessionException" message="A session is either terminated or not started
Build info: version: &#039;3.141.59&#039;, revision: &#039;e82be7d358&#039;, time: &#039;2018-11-14T08:17:03&#039;
System info: host: &#039;ucreate8-All-Series&#039;, ip: &#039;127.0.1.1&#039;, os.name: &#039;Linux&#039;, os.arch: &#039;amd64&#039;, os.version: &#039;4.15.0-43-generic&#039;, java.version: &#039;1.8.0_191&#039;
Driver info: io.appium.java_client.AppiumDriver
Capabilities {appActivity: com.imfootball.ui.activitie..., appPackage: com.imfootball, databaseEnabled: false, desired: {appActivity: com.imfootball.ui.activitie..., appPackage: com.imfootball, deviceName: ZY223D4K34, platformName: android, platformVersion: 7.0, resetKeyboard: true, unicodeKeyboard: true}, deviceManufacturer: motorola, deviceModel: Moto G (4), deviceName: ZY223D4K34, deviceScreenSize: 1080x1920, deviceUDID: ZY223D4K34, javascriptEnabled: true, locationContextEnabled: false, networkConnectionEnabled: true, platform: LINUX, platformName: LINUX, platformVersion: 7.0, resetKeyboard: true, takesScreenshot: true, unicodeKeyboard: true, warnings: {}, webStorageEnabled: false}
Session ID: 85cbc7db-432a-42bd-a7fb-b2b46037c115">
      <![CDATA[org.openqa.selenium.NoSuchSessionException: A session is either terminated or not started
Build info: version: '3.141.59', revision: 'e82be7d358', time: '2018-11-14T08:17:03'
System info: host: 'ucreate8-All-Series', ip: '127.0.1.1', os.name: 'Linux', os.arch: 'amd64', os.version: '4.15.0-43-generic', java.version: '1.8.0_191'
Driver info: io.appium.java_client.AppiumDriver
Capabilities {appActivity: com.imfootball.ui.activitie..., appPackage: com.imfootball, databaseEnabled: false, desired: {appActivity: com.imfootball.ui.activitie..., appPackage: com.imfootball, deviceName: ZY223D4K34, platformName: android, platformVersion: 7.0, resetKeyboard: true, unicodeKeyboard: true}, deviceManufacturer: motorola, deviceModel: Moto G (4), deviceName: ZY223D4K34, deviceScreenSize: 1080x1920, deviceUDID: ZY223D4K34, javascriptEnabled: true, locationContextEnabled: false, networkConnectionEnabled: true, platform: LINUX, platformName: LINUX, platformVersion: 7.0, resetKeyboard: true, takesScreenshot: true, unicodeKeyboard: true, warnings: {}, webStorageEnabled: false}
Session ID: 85cbc7db-432a-42bd-a7fb-b2b46037c115
at sun.reflect.NativeConstructorAccessorImpl.newInstance0(Native Method)
at sun.reflect.NativeConstructorAccessorImpl.newInstance(NativeConstructorAccessorImpl.java:62)
at sun.reflect.DelegatingConstructorAccessorImpl.newInstance(DelegatingConstructorAccessorImpl.java:45)
at java.lang.reflect.Constructor.newInstance(Constructor.java:423)
at org.openqa.selenium.remote.http.W3CHttpResponseCodec.createException(W3CHttpResponseCodec.java:187)
at org.openqa.selenium.remote.http.W3CHttpResponseCodec.decode(W3CHttpResponseCodec.java:122)
at org.openqa.selenium.remote.http.W3CHttpResponseCodec.decode(W3CHttpResponseCodec.java:49)
at org.openqa.selenium.remote.HttpCommandExecutor.execute(HttpCommandExecutor.java:158)
at io.appium.java_client.remote.AppiumCommandExecutor.execute(AppiumCommandExecutor.java:218)
at org.openqa.selenium.remote.RemoteWebDriver.execute(RemoteWebDriver.java:552)
at io.appium.java_client.DefaultGenericMobileDriver.execute(DefaultGenericMobileDriver.java:46)
at io.appium.java_client.AppiumDriver.execute(AppiumDriver.java:1)
at io.appium.java_client.HasSessionDetails.getSessionDetails(HasSessionDetails.java:39)
at io.appium.java_client.HasSessionDetails.getSessionDetail(HasSessionDetails.java:56)
at io.appium.java_client.HasSessionDetails.isBrowser(HasSessionDetails.java:86)
at io.appium.java_client.AppiumDriver.isBrowser(AppiumDriver.java:271)
at io.appium.java_client.pagefactory.utils.WebDriverUnpackUtility.lambda$0(WebDriverUnpackUtility.java:87)
at java.util.Optional.map(Optional.java:215)
at io.appium.java_client.pagefactory.utils.WebDriverUnpackUtility.getCurrentContentType(WebDriverUnpackUtility.java:83)
at io.appium.java_client.pagefactory.AppiumElementLocator.getBy(AppiumElementLocator.java:90)
at io.appium.java_client.pagefactory.AppiumElementLocator.findElement(AppiumElementLocator.java:117)
at io.appium.java_client.pagefactory.interceptors.InterceptorOfASingleElement.intercept(InterceptorOfASingleElement.java:60)
at io.appium.java_client.android.AndroidElement$$EnhancerByCGLIB$$b598166c.click(<generated>)
at createAccountPages.Terms.clickContinue1(Terms.java:26)
at Tests.testCreateAccount.testTermsCondAccpeted(testCreateAccount.java:93)
at sun.reflect.NativeMethodAccessorImpl.invoke0(Native Method)
at sun.reflect.NativeMethodAccessorImpl.invoke(NativeMethodAccessorImpl.java:62)
at sun.reflect.DelegatingMethodAccessorImpl.invoke(DelegatingMethodAccessorImpl.java:43)
at java.lang.reflect.Method.invoke(Method.java:498)
at org.testng.internal.MethodInvocationHelper.invokeMethod(MethodInvocationHelper.java:124)
at org.testng.internal.Invoker.invokeMethod(Invoker.java:583)
at org.testng.internal.Invoker.invokeTestMethod(Invoker.java:719)
at org.testng.internal.Invoker.invokeTestMethods(Invoker.java:989)
at org.testng.internal.TestMethodWorker.invokeTestMethods(TestMethodWorker.java:125)
at org.testng.internal.TestMethodWorker.run(TestMethodWorker.java:109)
at org.testng.TestRunner.privateRun(TestRunner.java:648)
at org.testng.TestRunner.run(TestRunner.java:505)
at org.testng.SuiteRunner.runTest(SuiteRunner.java:455)
at org.testng.SuiteRunner.runSequentially(SuiteRunner.java:450)
at org.testng.SuiteRunner.privateRun(SuiteRunner.java:415)
at org.testng.SuiteRunner.run(SuiteRunner.java:364)
at org.testng.SuiteRunnerWorker.runSuite(SuiteRunnerWorker.java:52)
at org.testng.SuiteRunnerWorker.run(SuiteRunnerWorker.java:84)
at org.testng.TestNG.runSuitesSequentially(TestNG.java:1208)
at org.testng.TestNG.runSuitesLocally(TestNG.java:1137)
at org.testng.TestNG.runSuites(TestNG.java:1049)
at org.testng.TestNG.run(TestNG.java:1017)
at org.testng.remote.AbstractRemoteTestNG.run(AbstractRemoteTestNG.java:114)
at org.testng.remote.RemoteTestNG.initAndRun(RemoteTestNG.java:251)
at org.testng.remote.RemoteTestNG.main(RemoteTestNG.java:77)
]]>
    </error>
  </testcase> <!-- testTermsCondAccpeted -->
  <testcase name="testCreateAccountWithoutMobileNumber" time="0.012" classname="Tests.testCreateAccount">
    <error type="org.openqa.selenium.NoSuchSessionException" message="A session is either terminated or not started
Build info: version: &#039;3.141.59&#039;, revision: &#039;e82be7d358&#039;, time: &#039;2018-11-14T08:17:03&#039;
System info: host: &#039;ucreate8-All-Series&#039;, ip: &#039;127.0.1.1&#039;, os.name: &#039;Linux&#039;, os.arch: &#039;amd64&#039;, os.version: &#039;4.15.0-43-generic&#039;, java.version: &#039;1.8.0_191&#039;
Driver info: io.appium.java_client.AppiumDriver
Capabilities {appActivity: com.imfootball.ui.activitie..., appPackage: com.imfootball, databaseEnabled: false, desired: {appActivity: com.imfootball.ui.activitie..., appPackage: com.imfootball, deviceName: ZY223D4K34, platformName: android, platformVersion: 7.0, resetKeyboard: true, unicodeKeyboard: true}, deviceManufacturer: motorola, deviceModel: Moto G (4), deviceName: ZY223D4K34, deviceScreenSize: 1080x1920, deviceUDID: ZY223D4K34, javascriptEnabled: true, locationContextEnabled: false, networkConnectionEnabled: true, platform: LINUX, platformName: LINUX, platformVersion: 7.0, resetKeyboard: true, takesScreenshot: true, unicodeKeyboard: true, warnings: {}, webStorageEnabled: false}
Session ID: 85cbc7db-432a-42bd-a7fb-b2b46037c115">
      <![CDATA[org.openqa.selenium.NoSuchSessionException: A session is either terminated or not started
Build info: version: '3.141.59', revision: 'e82be7d358', time: '2018-11-14T08:17:03'
System info: host: 'ucreate8-All-Series', ip: '127.0.1.1', os.name: 'Linux', os.arch: 'amd64', os.version: '4.15.0-43-generic', java.version: '1.8.0_191'
Driver info: io.appium.java_client.AppiumDriver
Capabilities {appActivity: com.imfootball.ui.activitie..., appPackage: com.imfootball, databaseEnabled: false, desired: {appActivity: com.imfootball.ui.activitie..., appPackage: com.imfootball, deviceName: ZY223D4K34, platformName: android, platformVersion: 7.0, resetKeyboard: true, unicodeKeyboard: true}, deviceManufacturer: motorola, deviceModel: Moto G (4), deviceName: ZY223D4K34, deviceScreenSize: 1080x1920, deviceUDID: ZY223D4K34, javascriptEnabled: true, locationContextEnabled: false, networkConnectionEnabled: true, platform: LINUX, platformName: LINUX, platformVersion: 7.0, resetKeyboard: true, takesScreenshot: true, unicodeKeyboard: true, warnings: {}, webStorageEnabled: false}
Session ID: 85cbc7db-432a-42bd-a7fb-b2b46037c115
at sun.reflect.NativeConstructorAccessorImpl.newInstance0(Native Method)
at sun.reflect.NativeConstructorAccessorImpl.newInstance(NativeConstructorAccessorImpl.java:62)
at sun.reflect.DelegatingConstructorAccessorImpl.newInstance(DelegatingConstructorAccessorImpl.java:45)
at java.lang.reflect.Constructor.newInstance(Constructor.java:423)
at org.openqa.selenium.remote.http.W3CHttpResponseCodec.createException(W3CHttpResponseCodec.java:187)
at org.openqa.selenium.remote.http.W3CHttpResponseCodec.decode(W3CHttpResponseCodec.java:122)
at org.openqa.selenium.remote.http.W3CHttpResponseCodec.decode(W3CHttpResponseCodec.java:49)
at org.openqa.selenium.remote.HttpCommandExecutor.execute(HttpCommandExecutor.java:158)
at io.appium.java_client.remote.AppiumCommandExecutor.execute(AppiumCommandExecutor.java:218)
at org.openqa.selenium.remote.RemoteWebDriver.execute(RemoteWebDriver.java:552)
at io.appium.java_client.DefaultGenericMobileDriver.execute(DefaultGenericMobileDriver.java:46)
at io.appium.java_client.AppiumDriver.execute(AppiumDriver.java:1)
at io.appium.java_client.HasSessionDetails.getSessionDetails(HasSessionDetails.java:39)
at io.appium.java_client.HasSessionDetails.getSessionDetail(HasSessionDetails.java:56)
at io.appium.java_client.HasSessionDetails.getPlatformName(HasSessionDetails.java:65)
at io.appium.java_client.pagefactory.AppiumFieldDecorator.<init>(AppiumFieldDecorator.java:96)
at io.appium.java_client.pagefactory.AppiumFieldDecorator.<init>(AppiumFieldDecorator.java:144)
at createAccountPages.enterYourMobile.<init>(enterYourMobile.java:24)
at Tests.testCreateAccount.testCreateAccountWithoutMobileNumber(testCreateAccount.java:104)
at sun.reflect.NativeMethodAccessorImpl.invoke0(Native Method)
at sun.reflect.NativeMethodAccessorImpl.invoke(NativeMethodAccessorImpl.java:62)
at sun.reflect.DelegatingMethodAccessorImpl.invoke(DelegatingMethodAccessorImpl.java:43)
at java.lang.reflect.Method.invoke(Method.java:498)
at org.testng.internal.MethodInvocationHelper.invokeMethod(MethodInvocationHelper.java:124)
at org.testng.internal.Invoker.invokeMethod(Invoker.java:583)
at org.testng.internal.Invoker.invokeTestMethod(Invoker.java:719)
at org.testng.internal.Invoker.invokeTestMethods(Invoker.java:989)
at org.testng.internal.TestMethodWorker.invokeTestMethods(TestMethodWorker.java:125)
at org.testng.internal.TestMethodWorker.run(TestMethodWorker.java:109)
at org.testng.TestRunner.privateRun(TestRunner.java:648)
at org.testng.TestRunner.run(TestRunner.java:505)
at org.testng.SuiteRunner.runTest(SuiteRunner.java:455)
at org.testng.SuiteRunner.runSequentially(SuiteRunner.java:450)
at org.testng.SuiteRunner.privateRun(SuiteRunner.java:415)
at org.testng.SuiteRunner.run(SuiteRunner.java:364)
at org.testng.SuiteRunnerWorker.runSuite(SuiteRunnerWorker.java:52)
at org.testng.SuiteRunnerWorker.run(SuiteRunnerWorker.java:84)
at org.testng.TestNG.runSuitesSequentially(TestNG.java:1208)
at org.testng.TestNG.runSuitesLocally(TestNG.java:1137)
at org.testng.TestNG.runSuites(TestNG.java:1049)
at org.testng.TestNG.run(TestNG.java:1017)
at org.testng.remote.AbstractRemoteTestNG.run(AbstractRemoteTestNG.java:114)
at org.testng.remote.RemoteTestNG.initAndRun(RemoteTestNG.java:251)
at org.testng.remote.RemoteTestNG.main(RemoteTestNG.java:77)
]]>
    </error>
  </testcase> <!-- testCreateAccountWithoutMobileNumber -->
  <testcase name="testCreateAccountWithValidMobileNumber" time="0.006" classname="Tests.testCreateAccount">
    <error type="org.openqa.selenium.NoSuchSessionException" message="A session is either terminated or not started
Build info: version: &#039;3.141.59&#039;, revision: &#039;e82be7d358&#039;, time: &#039;2018-11-14T08:17:03&#039;
System info: host: &#039;ucreate8-All-Series&#039;, ip: &#039;127.0.1.1&#039;, os.name: &#039;Linux&#039;, os.arch: &#039;amd64&#039;, os.version: &#039;4.15.0-43-generic&#039;, java.version: &#039;1.8.0_191&#039;
Driver info: io.appium.java_client.AppiumDriver
Capabilities {appActivity: com.imfootball.ui.activitie..., appPackage: com.imfootball, databaseEnabled: false, desired: {appActivity: com.imfootball.ui.activitie..., appPackage: com.imfootball, deviceName: ZY223D4K34, platformName: android, platformVersion: 7.0, resetKeyboard: true, unicodeKeyboard: true}, deviceManufacturer: motorola, deviceModel: Moto G (4), deviceName: ZY223D4K34, deviceScreenSize: 1080x1920, deviceUDID: ZY223D4K34, javascriptEnabled: true, locationContextEnabled: false, networkConnectionEnabled: true, platform: LINUX, platformName: LINUX, platformVersion: 7.0, resetKeyboard: true, takesScreenshot: true, unicodeKeyboard: true, warnings: {}, webStorageEnabled: false}
Session ID: 85cbc7db-432a-42bd-a7fb-b2b46037c115">
      <![CDATA[org.openqa.selenium.NoSuchSessionException: A session is either terminated or not started
Build info: version: '3.141.59', revision: 'e82be7d358', time: '2018-11-14T08:17:03'
System info: host: 'ucreate8-All-Series', ip: '127.0.1.1', os.name: 'Linux', os.arch: 'amd64', os.version: '4.15.0-43-generic', java.version: '1.8.0_191'
Driver info: io.appium.java_client.AppiumDriver
Capabilities {appActivity: com.imfootball.ui.activitie..., appPackage: com.imfootball, databaseEnabled: false, desired: {appActivity: com.imfootball.ui.activitie..., appPackage: com.imfootball, deviceName: ZY223D4K34, platformName: android, platformVersion: 7.0, resetKeyboard: true, unicodeKeyboard: true}, deviceManufacturer: motorola, deviceModel: Moto G (4), deviceName: ZY223D4K34, deviceScreenSize: 1080x1920, deviceUDID: ZY223D4K34, javascriptEnabled: true, locationContextEnabled: false, networkConnectionEnabled: true, platform: LINUX, platformName: LINUX, platformVersion: 7.0, resetKeyboard: true, takesScreenshot: true, unicodeKeyboard: true, warnings: {}, webStorageEnabled: false}
Session ID: 85cbc7db-432a-42bd-a7fb-b2b46037c115
at sun.reflect.NativeConstructorAccessorImpl.newInstance0(Native Method)
at sun.reflect.NativeConstructorAccessorImpl.newInstance(NativeConstructorAccessorImpl.java:62)
at sun.reflect.DelegatingConstructorAccessorImpl.newInstance(DelegatingConstructorAccessorImpl.java:45)
at java.lang.reflect.Constructor.newInstance(Constructor.java:423)
at org.openqa.selenium.remote.http.W3CHttpResponseCodec.createException(W3CHttpResponseCodec.java:187)
at org.openqa.selenium.remote.http.W3CHttpResponseCodec.decode(W3CHttpResponseCodec.java:122)
at org.openqa.selenium.remote.http.W3CHttpResponseCodec.decode(W3CHttpResponseCodec.java:49)
at org.openqa.selenium.remote.HttpCommandExecutor.execute(HttpCommandExecutor.java:158)
at io.appium.java_client.remote.AppiumCommandExecutor.execute(AppiumCommandExecutor.java:218)
at org.openqa.selenium.remote.RemoteWebDriver.execute(RemoteWebDriver.java:552)
at io.appium.java_client.DefaultGenericMobileDriver.execute(DefaultGenericMobileDriver.java:46)
at io.appium.java_client.AppiumDriver.execute(AppiumDriver.java:1)
at io.appium.java_client.HasSessionDetails.getSessionDetails(HasSessionDetails.java:39)
at io.appium.java_client.HasSessionDetails.getSessionDetail(HasSessionDetails.java:56)
at io.appium.java_client.HasSessionDetails.getPlatformName(HasSessionDetails.java:65)
at io.appium.java_client.pagefactory.AppiumFieldDecorator.<init>(AppiumFieldDecorator.java:96)
at io.appium.java_client.pagefactory.AppiumFieldDecorator.<init>(AppiumFieldDecorator.java:144)
at createAccountPages.enterYourMobile.<init>(enterYourMobile.java:24)
at Tests.testCreateAccount.testCreateAccountWithValidMobileNumber(testCreateAccount.java:115)
at sun.reflect.NativeMethodAccessorImpl.invoke0(Native Method)
at sun.reflect.NativeMethodAccessorImpl.invoke(NativeMethodAccessorImpl.java:62)
at sun.reflect.DelegatingMethodAccessorImpl.invoke(DelegatingMethodAccessorImpl.java:43)
at java.lang.reflect.Method.invoke(Method.java:498)
at org.testng.internal.MethodInvocationHelper.invokeMethod(MethodInvocationHelper.java:124)
at org.testng.internal.Invoker.invokeMethod(Invoker.java:583)
at org.testng.internal.Invoker.invokeTestMethod(Invoker.java:719)
at org.testng.internal.Invoker.invokeTestMethods(Invoker.java:989)
at org.testng.internal.TestMethodWorker.invokeTestMethods(TestMethodWorker.java:125)
at org.testng.internal.TestMethodWorker.run(TestMethodWorker.java:109)
at org.testng.TestRunner.privateRun(TestRunner.java:648)
at org.testng.TestRunner.run(TestRunner.java:505)
at org.testng.SuiteRunner.runTest(SuiteRunner.java:455)
at org.testng.SuiteRunner.runSequentially(SuiteRunner.java:450)
at org.testng.SuiteRunner.privateRun(SuiteRunner.java:415)
at org.testng.SuiteRunner.run(SuiteRunner.java:364)
at org.testng.SuiteRunnerWorker.runSuite(SuiteRunnerWorker.java:52)
at org.testng.SuiteRunnerWorker.run(SuiteRunnerWorker.java:84)
at org.testng.TestNG.runSuitesSequentially(TestNG.java:1208)
at org.testng.TestNG.runSuitesLocally(TestNG.java:1137)
at org.testng.TestNG.runSuites(TestNG.java:1049)
at org.testng.TestNG.run(TestNG.java:1017)
at org.testng.remote.AbstractRemoteTestNG.run(AbstractRemoteTestNG.java:114)
at org.testng.remote.RemoteTestNG.initAndRun(RemoteTestNG.java:251)
at org.testng.remote.RemoteTestNG.main(RemoteTestNG.java:77)
]]>
    </error>
  </testcase> <!-- testCreateAccountWithValidMobileNumber -->
  <testcase name="testCreateAccountWithInvalidPin" time="0.007" classname="Tests.testCreateAccount">
    <error type="org.openqa.selenium.NoSuchSessionException" message="A session is either terminated or not started
Build info: version: &#039;3.141.59&#039;, revision: &#039;e82be7d358&#039;, time: &#039;2018-11-14T08:17:03&#039;
System info: host: &#039;ucreate8-All-Series&#039;, ip: &#039;127.0.1.1&#039;, os.name: &#039;Linux&#039;, os.arch: &#039;amd64&#039;, os.version: &#039;4.15.0-43-generic&#039;, java.version: &#039;1.8.0_191&#039;
Driver info: io.appium.java_client.AppiumDriver
Capabilities {appActivity: com.imfootball.ui.activitie..., appPackage: com.imfootball, databaseEnabled: false, desired: {appActivity: com.imfootball.ui.activitie..., appPackage: com.imfootball, deviceName: ZY223D4K34, platformName: android, platformVersion: 7.0, resetKeyboard: true, unicodeKeyboard: true}, deviceManufacturer: motorola, deviceModel: Moto G (4), deviceName: ZY223D4K34, deviceScreenSize: 1080x1920, deviceUDID: ZY223D4K34, javascriptEnabled: true, locationContextEnabled: false, networkConnectionEnabled: true, platform: LINUX, platformName: LINUX, platformVersion: 7.0, resetKeyboard: true, takesScreenshot: true, unicodeKeyboard: true, warnings: {}, webStorageEnabled: false}
Session ID: 85cbc7db-432a-42bd-a7fb-b2b46037c115">
      <![CDATA[org.openqa.selenium.NoSuchSessionException: A session is either terminated or not started
Build info: version: '3.141.59', revision: 'e82be7d358', time: '2018-11-14T08:17:03'
System info: host: 'ucreate8-All-Series', ip: '127.0.1.1', os.name: 'Linux', os.arch: 'amd64', os.version: '4.15.0-43-generic', java.version: '1.8.0_191'
Driver info: io.appium.java_client.AppiumDriver
Capabilities {appActivity: com.imfootball.ui.activitie..., appPackage: com.imfootball, databaseEnabled: false, desired: {appActivity: com.imfootball.ui.activitie..., appPackage: com.imfootball, deviceName: ZY223D4K34, platformName: android, platformVersion: 7.0, resetKeyboard: true, unicodeKeyboard: true}, deviceManufacturer: motorola, deviceModel: Moto G (4), deviceName: ZY223D4K34, deviceScreenSize: 1080x1920, deviceUDID: ZY223D4K34, javascriptEnabled: true, locationContextEnabled: false, networkConnectionEnabled: true, platform: LINUX, platformName: LINUX, platformVersion: 7.0, resetKeyboard: true, takesScreenshot: true, unicodeKeyboard: true, warnings: {}, webStorageEnabled: false}
Session ID: 85cbc7db-432a-42bd-a7fb-b2b46037c115
at sun.reflect.NativeConstructorAccessorImpl.newInstance0(Native Method)
at sun.reflect.NativeConstructorAccessorImpl.newInstance(NativeConstructorAccessorImpl.java:62)
at sun.reflect.DelegatingConstructorAccessorImpl.newInstance(DelegatingConstructorAccessorImpl.java:45)
at java.lang.reflect.Constructor.newInstance(Constructor.java:423)
at org.openqa.selenium.remote.http.W3CHttpResponseCodec.createException(W3CHttpResponseCodec.java:187)
at org.openqa.selenium.remote.http.W3CHttpResponseCodec.decode(W3CHttpResponseCodec.java:122)
at org.openqa.selenium.remote.http.W3CHttpResponseCodec.decode(W3CHttpResponseCodec.java:49)
at org.openqa.selenium.remote.HttpCommandExecutor.execute(HttpCommandExecutor.java:158)
at io.appium.java_client.remote.AppiumCommandExecutor.execute(AppiumCommandExecutor.java:218)
at org.openqa.selenium.remote.RemoteWebDriver.execute(RemoteWebDriver.java:552)
at io.appium.java_client.DefaultGenericMobileDriver.execute(DefaultGenericMobileDriver.java:46)
at io.appium.java_client.AppiumDriver.execute(AppiumDriver.java:1)
at io.appium.java_client.HasSessionDetails.getSessionDetails(HasSessionDetails.java:39)
at io.appium.java_client.HasSessionDetails.getSessionDetail(HasSessionDetails.java:56)
at io.appium.java_client.HasSessionDetails.getPlatformName(HasSessionDetails.java:65)
at io.appium.java_client.pagefactory.AppiumFieldDecorator.<init>(AppiumFieldDecorator.java:96)
at io.appium.java_client.pagefactory.AppiumFieldDecorator.<init>(AppiumFieldDecorator.java:144)
at createAccountPages.verifyMobileNumber.<init>(verifyMobileNumber.java:26)
at Tests.testCreateAccount.testCreateAccountWithInvalidPin(testCreateAccount.java:128)
at sun.reflect.NativeMethodAccessorImpl.invoke0(Native Method)
at sun.reflect.NativeMethodAccessorImpl.invoke(NativeMethodAccessorImpl.java:62)
at sun.reflect.DelegatingMethodAccessorImpl.invoke(DelegatingMethodAccessorImpl.java:43)
at java.lang.reflect.Method.invoke(Method.java:498)
at org.testng.internal.MethodInvocationHelper.invokeMethod(MethodInvocationHelper.java:124)
at org.testng.internal.Invoker.invokeMethod(Invoker.java:583)
at org.testng.internal.Invoker.invokeTestMethod(Invoker.java:719)
at org.testng.internal.Invoker.invokeTestMethods(Invoker.java:989)
at org.testng.internal.TestMethodWorker.invokeTestMethods(TestMethodWorker.java:125)
at org.testng.internal.TestMethodWorker.run(TestMethodWorker.java:109)
at org.testng.TestRunner.privateRun(TestRunner.java:648)
at org.testng.TestRunner.run(TestRunner.java:505)
at org.testng.SuiteRunner.runTest(SuiteRunner.java:455)
at org.testng.SuiteRunner.runSequentially(SuiteRunner.java:450)
at org.testng.SuiteRunner.privateRun(SuiteRunner.java:415)
at org.testng.SuiteRunner.run(SuiteRunner.java:364)
at org.testng.SuiteRunnerWorker.runSuite(SuiteRunnerWorker.java:52)
at org.testng.SuiteRunnerWorker.run(SuiteRunnerWorker.java:84)
at org.testng.TestNG.runSuitesSequentially(TestNG.java:1208)
at org.testng.TestNG.runSuitesLocally(TestNG.java:1137)
at org.testng.TestNG.runSuites(TestNG.java:1049)
at org.testng.TestNG.run(TestNG.java:1017)
at org.testng.remote.AbstractRemoteTestNG.run(AbstractRemoteTestNG.java:114)
at org.testng.remote.RemoteTestNG.initAndRun(RemoteTestNG.java:251)
at org.testng.remote.RemoteTestNG.main(RemoteTestNG.java:77)
]]>
    </error>
  </testcase> <!-- testCreateAccountWithInvalidPin -->
  <testcase name="testCreateAccountWithValidPin" time="0.008" classname="Tests.testCreateAccount">
    <error type="org.openqa.selenium.NoSuchSessionException" message="A session is either terminated or not started
Build info: version: &#039;3.141.59&#039;, revision: &#039;e82be7d358&#039;, time: &#039;2018-11-14T08:17:03&#039;
System info: host: &#039;ucreate8-All-Series&#039;, ip: &#039;127.0.1.1&#039;, os.name: &#039;Linux&#039;, os.arch: &#039;amd64&#039;, os.version: &#039;4.15.0-43-generic&#039;, java.version: &#039;1.8.0_191&#039;
Driver info: io.appium.java_client.AppiumDriver
Capabilities {appActivity: com.imfootball.ui.activitie..., appPackage: com.imfootball, databaseEnabled: false, desired: {appActivity: com.imfootball.ui.activitie..., appPackage: com.imfootball, deviceName: ZY223D4K34, platformName: android, platformVersion: 7.0, resetKeyboard: true, unicodeKeyboard: true}, deviceManufacturer: motorola, deviceModel: Moto G (4), deviceName: ZY223D4K34, deviceScreenSize: 1080x1920, deviceUDID: ZY223D4K34, javascriptEnabled: true, locationContextEnabled: false, networkConnectionEnabled: true, platform: LINUX, platformName: LINUX, platformVersion: 7.0, resetKeyboard: true, takesScreenshot: true, unicodeKeyboard: true, warnings: {}, webStorageEnabled: false}
Session ID: 85cbc7db-432a-42bd-a7fb-b2b46037c115">
      <![CDATA[org.openqa.selenium.NoSuchSessionException: A session is either terminated or not started
Build info: version: '3.141.59', revision: 'e82be7d358', time: '2018-11-14T08:17:03'
System info: host: 'ucreate8-All-Series', ip: '127.0.1.1', os.name: 'Linux', os.arch: 'amd64', os.version: '4.15.0-43-generic', java.version: '1.8.0_191'
Driver info: io.appium.java_client.AppiumDriver
Capabilities {appActivity: com.imfootball.ui.activitie..., appPackage: com.imfootball, databaseEnabled: false, desired: {appActivity: com.imfootball.ui.activitie..., appPackage: com.imfootball, deviceName: ZY223D4K34, platformName: android, platformVersion: 7.0, resetKeyboard: true, unicodeKeyboard: true}, deviceManufacturer: motorola, deviceModel: Moto G (4), deviceName: ZY223D4K34, deviceScreenSize: 1080x1920, deviceUDID: ZY223D4K34, javascriptEnabled: true, locationContextEnabled: false, networkConnectionEnabled: true, platform: LINUX, platformName: LINUX, platformVersion: 7.0, resetKeyboard: true, takesScreenshot: true, unicodeKeyboard: true, warnings: {}, webStorageEnabled: false}
Session ID: 85cbc7db-432a-42bd-a7fb-b2b46037c115
at sun.reflect.NativeConstructorAccessorImpl.newInstance0(Native Method)
at sun.reflect.NativeConstructorAccessorImpl.newInstance(NativeConstructorAccessorImpl.java:62)
at sun.reflect.DelegatingConstructorAccessorImpl.newInstance(DelegatingConstructorAccessorImpl.java:45)
at java.lang.reflect.Constructor.newInstance(Constructor.java:423)
at org.openqa.selenium.remote.http.W3CHttpResponseCodec.createException(W3CHttpResponseCodec.java:187)
at org.openqa.selenium.remote.http.W3CHttpResponseCodec.decode(W3CHttpResponseCodec.java:122)
at org.openqa.selenium.remote.http.W3CHttpResponseCodec.decode(W3CHttpResponseCodec.java:49)
at org.openqa.selenium.remote.HttpCommandExecutor.execute(HttpCommandExecutor.java:158)
at io.appium.java_client.remote.AppiumCommandExecutor.execute(AppiumCommandExecutor.java:218)
at org.openqa.selenium.remote.RemoteWebDriver.execute(RemoteWebDriver.java:552)
at io.appium.java_client.DefaultGenericMobileDriver.execute(DefaultGenericMobileDriver.java:46)
at io.appium.java_client.AppiumDriver.execute(AppiumDriver.java:1)
at io.appium.java_client.HasSessionDetails.getSessionDetails(HasSessionDetails.java:39)
at io.appium.java_client.HasSessionDetails.getSessionDetail(HasSessionDetails.java:56)
at io.appium.java_client.HasSessionDetails.getPlatformName(HasSessionDetails.java:65)
at io.appium.java_client.pagefactory.AppiumFieldDecorator.<init>(AppiumFieldDecorator.java:96)
at io.appium.java_client.pagefactory.AppiumFieldDecorator.<init>(AppiumFieldDecorator.java:144)
at createAccountPages.verifyMobileNumber.<init>(verifyMobileNumber.java:26)
at Tests.testCreateAccount.testCreateAccountWithValidPin(testCreateAccount.java:139)
at sun.reflect.NativeMethodAccessorImpl.invoke0(Native Method)
at sun.reflect.NativeMethodAccessorImpl.invoke(NativeMethodAccessorImpl.java:62)
at sun.reflect.DelegatingMethodAccessorImpl.invoke(DelegatingMethodAccessorImpl.java:43)
at java.lang.reflect.Method.invoke(Method.java:498)
at org.testng.internal.MethodInvocationHelper.invokeMethod(MethodInvocationHelper.java:124)
at org.testng.internal.Invoker.invokeMethod(Invoker.java:583)
at org.testng.internal.Invoker.invokeTestMethod(Invoker.java:719)
at org.testng.internal.Invoker.invokeTestMethods(Invoker.java:989)
at org.testng.internal.TestMethodWorker.invokeTestMethods(TestMethodWorker.java:125)
at org.testng.internal.TestMethodWorker.run(TestMethodWorker.java:109)
at org.testng.TestRunner.privateRun(TestRunner.java:648)
at org.testng.TestRunner.run(TestRunner.java:505)
at org.testng.SuiteRunner.runTest(SuiteRunner.java:455)
at org.testng.SuiteRunner.runSequentially(SuiteRunner.java:450)
at org.testng.SuiteRunner.privateRun(SuiteRunner.java:415)
at org.testng.SuiteRunner.run(SuiteRunner.java:364)
at org.testng.SuiteRunnerWorker.runSuite(SuiteRunnerWorker.java:52)
at org.testng.SuiteRunnerWorker.run(SuiteRunnerWorker.java:84)
at org.testng.TestNG.runSuitesSequentially(TestNG.java:1208)
at org.testng.TestNG.runSuitesLocally(TestNG.java:1137)
at org.testng.TestNG.runSuites(TestNG.java:1049)
at org.testng.TestNG.run(TestNG.java:1017)
at org.testng.remote.AbstractRemoteTestNG.run(AbstractRemoteTestNG.java:114)
at org.testng.remote.RemoteTestNG.initAndRun(RemoteTestNG.java:251)
at org.testng.remote.RemoteTestNG.main(RemoteTestNG.java:77)
]]>
    </error>
  </testcase> <!-- testCreateAccountWithValidPin -->
  <testcase name="testManualRegiterLinkWorking" time="0.008" classname="Tests.testCreateAccount">
    <error type="org.openqa.selenium.NoSuchSessionException" message="A session is either terminated or not started
Build info: version: &#039;3.141.59&#039;, revision: &#039;e82be7d358&#039;, time: &#039;2018-11-14T08:17:03&#039;
System info: host: &#039;ucreate8-All-Series&#039;, ip: &#039;127.0.1.1&#039;, os.name: &#039;Linux&#039;, os.arch: &#039;amd64&#039;, os.version: &#039;4.15.0-43-generic&#039;, java.version: &#039;1.8.0_191&#039;
Driver info: io.appium.java_client.AppiumDriver
Capabilities {appActivity: com.imfootball.ui.activitie..., appPackage: com.imfootball, databaseEnabled: false, desired: {appActivity: com.imfootball.ui.activitie..., appPackage: com.imfootball, deviceName: ZY223D4K34, platformName: android, platformVersion: 7.0, resetKeyboard: true, unicodeKeyboard: true}, deviceManufacturer: motorola, deviceModel: Moto G (4), deviceName: ZY223D4K34, deviceScreenSize: 1080x1920, deviceUDID: ZY223D4K34, javascriptEnabled: true, locationContextEnabled: false, networkConnectionEnabled: true, platform: LINUX, platformName: LINUX, platformVersion: 7.0, resetKeyboard: true, takesScreenshot: true, unicodeKeyboard: true, warnings: {}, webStorageEnabled: false}
Session ID: 85cbc7db-432a-42bd-a7fb-b2b46037c115">
      <![CDATA[org.openqa.selenium.NoSuchSessionException: A session is either terminated or not started
Build info: version: '3.141.59', revision: 'e82be7d358', time: '2018-11-14T08:17:03'
System info: host: 'ucreate8-All-Series', ip: '127.0.1.1', os.name: 'Linux', os.arch: 'amd64', os.version: '4.15.0-43-generic', java.version: '1.8.0_191'
Driver info: io.appium.java_client.AppiumDriver
Capabilities {appActivity: com.imfootball.ui.activitie..., appPackage: com.imfootball, databaseEnabled: false, desired: {appActivity: com.imfootball.ui.activitie..., appPackage: com.imfootball, deviceName: ZY223D4K34, platformName: android, platformVersion: 7.0, resetKeyboard: true, unicodeKeyboard: true}, deviceManufacturer: motorola, deviceModel: Moto G (4), deviceName: ZY223D4K34, deviceScreenSize: 1080x1920, deviceUDID: ZY223D4K34, javascriptEnabled: true, locationContextEnabled: false, networkConnectionEnabled: true, platform: LINUX, platformName: LINUX, platformVersion: 7.0, resetKeyboard: true, takesScreenshot: true, unicodeKeyboard: true, warnings: {}, webStorageEnabled: false}
Session ID: 85cbc7db-432a-42bd-a7fb-b2b46037c115
at sun.reflect.NativeConstructorAccessorImpl.newInstance0(Native Method)
at sun.reflect.NativeConstructorAccessorImpl.newInstance(NativeConstructorAccessorImpl.java:62)
at sun.reflect.DelegatingConstructorAccessorImpl.newInstance(DelegatingConstructorAccessorImpl.java:45)
at java.lang.reflect.Constructor.newInstance(Constructor.java:423)
at org.openqa.selenium.remote.http.W3CHttpResponseCodec.createException(W3CHttpResponseCodec.java:187)
at org.openqa.selenium.remote.http.W3CHttpResponseCodec.decode(W3CHttpResponseCodec.java:122)
at org.openqa.selenium.remote.http.W3CHttpResponseCodec.decode(W3CHttpResponseCodec.java:49)
at org.openqa.selenium.remote.HttpCommandExecutor.execute(HttpCommandExecutor.java:158)
at io.appium.java_client.remote.AppiumCommandExecutor.execute(AppiumCommandExecutor.java:218)
at org.openqa.selenium.remote.RemoteWebDriver.execute(RemoteWebDriver.java:552)
at io.appium.java_client.DefaultGenericMobileDriver.execute(DefaultGenericMobileDriver.java:46)
at io.appium.java_client.AppiumDriver.execute(AppiumDriver.java:1)
at io.appium.java_client.HasSessionDetails.getSessionDetails(HasSessionDetails.java:39)
at io.appium.java_client.HasSessionDetails.getSessionDetail(HasSessionDetails.java:56)
at io.appium.java_client.HasSessionDetails.getPlatformName(HasSessionDetails.java:65)
at io.appium.java_client.pagefactory.AppiumFieldDecorator.<init>(AppiumFieldDecorator.java:96)
at io.appium.java_client.pagefactory.AppiumFieldDecorator.<init>(AppiumFieldDecorator.java:144)
at createAccountPages.completeYourReg.<init>(completeYourReg.java:18)
at Tests.testCreateAccount.testManualRegiterLinkWorking(testCreateAccount.java:150)
at sun.reflect.NativeMethodAccessorImpl.invoke0(Native Method)
at sun.reflect.NativeMethodAccessorImpl.invoke(NativeMethodAccessorImpl.java:62)
at sun.reflect.DelegatingMethodAccessorImpl.invoke(DelegatingMethodAccessorImpl.java:43)
at java.lang.reflect.Method.invoke(Method.java:498)
at org.testng.internal.MethodInvocationHelper.invokeMethod(MethodInvocationHelper.java:124)
at org.testng.internal.Invoker.invokeMethod(Invoker.java:583)
at org.testng.internal.Invoker.invokeTestMethod(Invoker.java:719)
at org.testng.internal.Invoker.invokeTestMethods(Invoker.java:989)
at org.testng.internal.TestMethodWorker.invokeTestMethods(TestMethodWorker.java:125)
at org.testng.internal.TestMethodWorker.run(TestMethodWorker.java:109)
at org.testng.TestRunner.privateRun(TestRunner.java:648)
at org.testng.TestRunner.run(TestRunner.java:505)
at org.testng.SuiteRunner.runTest(SuiteRunner.java:455)
at org.testng.SuiteRunner.runSequentially(SuiteRunner.java:450)
at org.testng.SuiteRunner.privateRun(SuiteRunner.java:415)
at org.testng.SuiteRunner.run(SuiteRunner.java:364)
at org.testng.SuiteRunnerWorker.runSuite(SuiteRunnerWorker.java:52)
at org.testng.SuiteRunnerWorker.run(SuiteRunnerWorker.java:84)
at org.testng.TestNG.runSuitesSequentially(TestNG.java:1208)
at org.testng.TestNG.runSuitesLocally(TestNG.java:1137)
at org.testng.TestNG.runSuites(TestNG.java:1049)
at org.testng.TestNG.run(TestNG.java:1017)
at org.testng.remote.AbstractRemoteTestNG.run(AbstractRemoteTestNG.java:114)
at org.testng.remote.RemoteTestNG.initAndRun(RemoteTestNG.java:251)
at org.testng.remote.RemoteTestNG.main(RemoteTestNG.java:77)
]]>
    </error>
  </testcase> <!-- testManualRegiterLinkWorking -->
  <testcase name="testCreateAccountWithoutDetails" time="0.007" classname="Tests.testCreateAccount">
    <error type="org.openqa.selenium.NoSuchSessionException" message="A session is either terminated or not started
Build info: version: &#039;3.141.59&#039;, revision: &#039;e82be7d358&#039;, time: &#039;2018-11-14T08:17:03&#039;
System info: host: &#039;ucreate8-All-Series&#039;, ip: &#039;127.0.1.1&#039;, os.name: &#039;Linux&#039;, os.arch: &#039;amd64&#039;, os.version: &#039;4.15.0-43-generic&#039;, java.version: &#039;1.8.0_191&#039;
Driver info: io.appium.java_client.AppiumDriver
Capabilities {appActivity: com.imfootball.ui.activitie..., appPackage: com.imfootball, databaseEnabled: false, desired: {appActivity: com.imfootball.ui.activitie..., appPackage: com.imfootball, deviceName: ZY223D4K34, platformName: android, platformVersion: 7.0, resetKeyboard: true, unicodeKeyboard: true}, deviceManufacturer: motorola, deviceModel: Moto G (4), deviceName: ZY223D4K34, deviceScreenSize: 1080x1920, deviceUDID: ZY223D4K34, javascriptEnabled: true, locationContextEnabled: false, networkConnectionEnabled: true, platform: LINUX, platformName: LINUX, platformVersion: 7.0, resetKeyboard: true, takesScreenshot: true, unicodeKeyboard: true, warnings: {}, webStorageEnabled: false}
Session ID: 85cbc7db-432a-42bd-a7fb-b2b46037c115">
      <![CDATA[org.openqa.selenium.NoSuchSessionException: A session is either terminated or not started
Build info: version: '3.141.59', revision: 'e82be7d358', time: '2018-11-14T08:17:03'
System info: host: 'ucreate8-All-Series', ip: '127.0.1.1', os.name: 'Linux', os.arch: 'amd64', os.version: '4.15.0-43-generic', java.version: '1.8.0_191'
Driver info: io.appium.java_client.AppiumDriver
Capabilities {appActivity: com.imfootball.ui.activitie..., appPackage: com.imfootball, databaseEnabled: false, desired: {appActivity: com.imfootball.ui.activitie..., appPackage: com.imfootball, deviceName: ZY223D4K34, platformName: android, platformVersion: 7.0, resetKeyboard: true, unicodeKeyboard: true}, deviceManufacturer: motorola, deviceModel: Moto G (4), deviceName: ZY223D4K34, deviceScreenSize: 1080x1920, deviceUDID: ZY223D4K34, javascriptEnabled: true, locationContextEnabled: false, networkConnectionEnabled: true, platform: LINUX, platformName: LINUX, platformVersion: 7.0, resetKeyboard: true, takesScreenshot: true, unicodeKeyboard: true, warnings: {}, webStorageEnabled: false}
Session ID: 85cbc7db-432a-42bd-a7fb-b2b46037c115
at sun.reflect.NativeConstructorAccessorImpl.newInstance0(Native Method)
at sun.reflect.NativeConstructorAccessorImpl.newInstance(NativeConstructorAccessorImpl.java:62)
at sun.reflect.DelegatingConstructorAccessorImpl.newInstance(DelegatingConstructorAccessorImpl.java:45)
at java.lang.reflect.Constructor.newInstance(Constructor.java:423)
at org.openqa.selenium.remote.http.W3CHttpResponseCodec.createException(W3CHttpResponseCodec.java:187)
at org.openqa.selenium.remote.http.W3CHttpResponseCodec.decode(W3CHttpResponseCodec.java:122)
at org.openqa.selenium.remote.http.W3CHttpResponseCodec.decode(W3CHttpResponseCodec.java:49)
at org.openqa.selenium.remote.HttpCommandExecutor.execute(HttpCommandExecutor.java:158)
at io.appium.java_client.remote.AppiumCommandExecutor.execute(AppiumCommandExecutor.java:218)
at org.openqa.selenium.remote.RemoteWebDriver.execute(RemoteWebDriver.java:552)
at io.appium.java_client.DefaultGenericMobileDriver.execute(DefaultGenericMobileDriver.java:46)
at io.appium.java_client.AppiumDriver.execute(AppiumDriver.java:1)
at io.appium.java_client.HasSessionDetails.getSessionDetails(HasSessionDetails.java:39)
at io.appium.java_client.HasSessionDetails.getSessionDetail(HasSessionDetails.java:56)
at io.appium.java_client.HasSessionDetails.getPlatformName(HasSessionDetails.java:65)
at io.appium.java_client.pagefactory.AppiumFieldDecorator.<init>(AppiumFieldDecorator.java:96)
at io.appium.java_client.pagefactory.AppiumFieldDecorator.<init>(AppiumFieldDecorator.java:144)
at createAccountPages.Register.<init>(Register.java:35)
at Tests.testCreateAccount.testCreateAccountWithoutDetails(testCreateAccount.java:162)
at sun.reflect.NativeMethodAccessorImpl.invoke0(Native Method)
at sun.reflect.NativeMethodAccessorImpl.invoke(NativeMethodAccessorImpl.java:62)
at sun.reflect.DelegatingMethodAccessorImpl.invoke(DelegatingMethodAccessorImpl.java:43)
at java.lang.reflect.Method.invoke(Method.java:498)
at org.testng.internal.MethodInvocationHelper.invokeMethod(MethodInvocationHelper.java:124)
at org.testng.internal.Invoker.invokeMethod(Invoker.java:583)
at org.testng.internal.Invoker.invokeTestMethod(Invoker.java:719)
at org.testng.internal.Invoker.invokeTestMethods(Invoker.java:989)
at org.testng.internal.TestMethodWorker.invokeTestMethods(TestMethodWorker.java:125)
at org.testng.internal.TestMethodWorker.run(TestMethodWorker.java:109)
at org.testng.TestRunner.privateRun(TestRunner.java:648)
at org.testng.TestRunner.run(TestRunner.java:505)
at org.testng.SuiteRunner.runTest(SuiteRunner.java:455)
at org.testng.SuiteRunner.runSequentially(SuiteRunner.java:450)
at org.testng.SuiteRunner.privateRun(SuiteRunner.java:415)
at org.testng.SuiteRunner.run(SuiteRunner.java:364)
at org.testng.SuiteRunnerWorker.runSuite(SuiteRunnerWorker.java:52)
at org.testng.SuiteRunnerWorker.run(SuiteRunnerWorker.java:84)
at org.testng.TestNG.runSuitesSequentially(TestNG.java:1208)
at org.testng.TestNG.runSuitesLocally(TestNG.java:1137)
at org.testng.TestNG.runSuites(TestNG.java:1049)
at org.testng.TestNG.run(TestNG.java:1017)
at org.testng.remote.AbstractRemoteTestNG.run(AbstractRemoteTestNG.java:114)
at org.testng.remote.RemoteTestNG.initAndRun(RemoteTestNG.java:251)
at org.testng.remote.RemoteTestNG.main(RemoteTestNG.java:77)
]]>
    </error>
  </testcase> <!-- testCreateAccountWithoutDetails -->
  <testcase name="testCreateAccountWithFirstNameOnly" time="0.009" classname="Tests.testCreateAccount">
    <error type="org.openqa.selenium.NoSuchSessionException" message="A session is either terminated or not started
Build info: version: &#039;3.141.59&#039;, revision: &#039;e82be7d358&#039;, time: &#039;2018-11-14T08:17:03&#039;
System info: host: &#039;ucreate8-All-Series&#039;, ip: &#039;127.0.1.1&#039;, os.name: &#039;Linux&#039;, os.arch: &#039;amd64&#039;, os.version: &#039;4.15.0-43-generic&#039;, java.version: &#039;1.8.0_191&#039;
Driver info: io.appium.java_client.AppiumDriver
Capabilities {appActivity: com.imfootball.ui.activitie..., appPackage: com.imfootball, databaseEnabled: false, desired: {appActivity: com.imfootball.ui.activitie..., appPackage: com.imfootball, deviceName: ZY223D4K34, platformName: android, platformVersion: 7.0, resetKeyboard: true, unicodeKeyboard: true}, deviceManufacturer: motorola, deviceModel: Moto G (4), deviceName: ZY223D4K34, deviceScreenSize: 1080x1920, deviceUDID: ZY223D4K34, javascriptEnabled: true, locationContextEnabled: false, networkConnectionEnabled: true, platform: LINUX, platformName: LINUX, platformVersion: 7.0, resetKeyboard: true, takesScreenshot: true, unicodeKeyboard: true, warnings: {}, webStorageEnabled: false}
Session ID: 85cbc7db-432a-42bd-a7fb-b2b46037c115">
      <![CDATA[org.openqa.selenium.NoSuchSessionException: A session is either terminated or not started
Build info: version: '3.141.59', revision: 'e82be7d358', time: '2018-11-14T08:17:03'
System info: host: 'ucreate8-All-Series', ip: '127.0.1.1', os.name: 'Linux', os.arch: 'amd64', os.version: '4.15.0-43-generic', java.version: '1.8.0_191'
Driver info: io.appium.java_client.AppiumDriver
Capabilities {appActivity: com.imfootball.ui.activitie..., appPackage: com.imfootball, databaseEnabled: false, desired: {appActivity: com.imfootball.ui.activitie..., appPackage: com.imfootball, deviceName: ZY223D4K34, platformName: android, platformVersion: 7.0, resetKeyboard: true, unicodeKeyboard: true}, deviceManufacturer: motorola, deviceModel: Moto G (4), deviceName: ZY223D4K34, deviceScreenSize: 1080x1920, deviceUDID: ZY223D4K34, javascriptEnabled: true, locationContextEnabled: false, networkConnectionEnabled: true, platform: LINUX, platformName: LINUX, platformVersion: 7.0, resetKeyboard: true, takesScreenshot: true, unicodeKeyboard: true, warnings: {}, webStorageEnabled: false}
Session ID: 85cbc7db-432a-42bd-a7fb-b2b46037c115
at sun.reflect.NativeConstructorAccessorImpl.newInstance0(Native Method)
at sun.reflect.NativeConstructorAccessorImpl.newInstance(NativeConstructorAccessorImpl.java:62)
at sun.reflect.DelegatingConstructorAccessorImpl.newInstance(DelegatingConstructorAccessorImpl.java:45)
at java.lang.reflect.Constructor.newInstance(Constructor.java:423)
at org.openqa.selenium.remote.http.W3CHttpResponseCodec.createException(W3CHttpResponseCodec.java:187)
at org.openqa.selenium.remote.http.W3CHttpResponseCodec.decode(W3CHttpResponseCodec.java:122)
at org.openqa.selenium.remote.http.W3CHttpResponseCodec.decode(W3CHttpResponseCodec.java:49)
at org.openqa.selenium.remote.HttpCommandExecutor.execute(HttpCommandExecutor.java:158)
at io.appium.java_client.remote.AppiumCommandExecutor.execute(AppiumCommandExecutor.java:218)
at org.openqa.selenium.remote.RemoteWebDriver.execute(RemoteWebDriver.java:552)
at io.appium.java_client.DefaultGenericMobileDriver.execute(DefaultGenericMobileDriver.java:46)
at io.appium.java_client.AppiumDriver.execute(AppiumDriver.java:1)
at io.appium.java_client.HasSessionDetails.getSessionDetails(HasSessionDetails.java:39)
at io.appium.java_client.HasSessionDetails.getSessionDetail(HasSessionDetails.java:56)
at io.appium.java_client.HasSessionDetails.getPlatformName(HasSessionDetails.java:65)
at io.appium.java_client.pagefactory.AppiumFieldDecorator.<init>(AppiumFieldDecorator.java:96)
at io.appium.java_client.pagefactory.AppiumFieldDecorator.<init>(AppiumFieldDecorator.java:144)
at createAccountPages.Register.<init>(Register.java:35)
at Tests.testCreateAccount.testCreateAccountWithFirstNameOnly(testCreateAccount.java:173)
at sun.reflect.NativeMethodAccessorImpl.invoke0(Native Method)
at sun.reflect.NativeMethodAccessorImpl.invoke(NativeMethodAccessorImpl.java:62)
at sun.reflect.DelegatingMethodAccessorImpl.invoke(DelegatingMethodAccessorImpl.java:43)
at java.lang.reflect.Method.invoke(Method.java:498)
at org.testng.internal.MethodInvocationHelper.invokeMethod(MethodInvocationHelper.java:124)
at org.testng.internal.Invoker.invokeMethod(Invoker.java:583)
at org.testng.internal.Invoker.invokeTestMethod(Invoker.java:719)
at org.testng.internal.Invoker.invokeTestMethods(Invoker.java:989)
at org.testng.internal.TestMethodWorker.invokeTestMethods(TestMethodWorker.java:125)
at org.testng.internal.TestMethodWorker.run(TestMethodWorker.java:109)
at org.testng.TestRunner.privateRun(TestRunner.java:648)
at org.testng.TestRunner.run(TestRunner.java:505)
at org.testng.SuiteRunner.runTest(SuiteRunner.java:455)
at org.testng.SuiteRunner.runSequentially(SuiteRunner.java:450)
at org.testng.SuiteRunner.privateRun(SuiteRunner.java:415)
at org.testng.SuiteRunner.run(SuiteRunner.java:364)
at org.testng.SuiteRunnerWorker.runSuite(SuiteRunnerWorker.java:52)
at org.testng.SuiteRunnerWorker.run(SuiteRunnerWorker.java:84)
at org.testng.TestNG.runSuitesSequentially(TestNG.java:1208)
at org.testng.TestNG.runSuitesLocally(TestNG.java:1137)
at org.testng.TestNG.runSuites(TestNG.java:1049)
at org.testng.TestNG.run(TestNG.java:1017)
at org.testng.remote.AbstractRemoteTestNG.run(AbstractRemoteTestNG.java:114)
at org.testng.remote.RemoteTestNG.initAndRun(RemoteTestNG.java:251)
at org.testng.remote.RemoteTestNG.main(RemoteTestNG.java:77)
]]>
    </error>
  </testcase> <!-- testCreateAccountWithFirstNameOnly -->
  <testcase name="testCreateAccountWithFirstAndLastNameOnly" time="0.008" classname="Tests.testCreateAccount">
    <error type="org.openqa.selenium.NoSuchSessionException" message="A session is either terminated or not started
Build info: version: &#039;3.141.59&#039;, revision: &#039;e82be7d358&#039;, time: &#039;2018-11-14T08:17:03&#039;
System info: host: &#039;ucreate8-All-Series&#039;, ip: &#039;127.0.1.1&#039;, os.name: &#039;Linux&#039;, os.arch: &#039;amd64&#039;, os.version: &#039;4.15.0-43-generic&#039;, java.version: &#039;1.8.0_191&#039;
Driver info: io.appium.java_client.AppiumDriver
Capabilities {appActivity: com.imfootball.ui.activitie..., appPackage: com.imfootball, databaseEnabled: false, desired: {appActivity: com.imfootball.ui.activitie..., appPackage: com.imfootball, deviceName: ZY223D4K34, platformName: android, platformVersion: 7.0, resetKeyboard: true, unicodeKeyboard: true}, deviceManufacturer: motorola, deviceModel: Moto G (4), deviceName: ZY223D4K34, deviceScreenSize: 1080x1920, deviceUDID: ZY223D4K34, javascriptEnabled: true, locationContextEnabled: false, networkConnectionEnabled: true, platform: LINUX, platformName: LINUX, platformVersion: 7.0, resetKeyboard: true, takesScreenshot: true, unicodeKeyboard: true, warnings: {}, webStorageEnabled: false}
Session ID: 85cbc7db-432a-42bd-a7fb-b2b46037c115">
      <![CDATA[org.openqa.selenium.NoSuchSessionException: A session is either terminated or not started
Build info: version: '3.141.59', revision: 'e82be7d358', time: '2018-11-14T08:17:03'
System info: host: 'ucreate8-All-Series', ip: '127.0.1.1', os.name: 'Linux', os.arch: 'amd64', os.version: '4.15.0-43-generic', java.version: '1.8.0_191'
Driver info: io.appium.java_client.AppiumDriver
Capabilities {appActivity: com.imfootball.ui.activitie..., appPackage: com.imfootball, databaseEnabled: false, desired: {appActivity: com.imfootball.ui.activitie..., appPackage: com.imfootball, deviceName: ZY223D4K34, platformName: android, platformVersion: 7.0, resetKeyboard: true, unicodeKeyboard: true}, deviceManufacturer: motorola, deviceModel: Moto G (4), deviceName: ZY223D4K34, deviceScreenSize: 1080x1920, deviceUDID: ZY223D4K34, javascriptEnabled: true, locationContextEnabled: false, networkConnectionEnabled: true, platform: LINUX, platformName: LINUX, platformVersion: 7.0, resetKeyboard: true, takesScreenshot: true, unicodeKeyboard: true, warnings: {}, webStorageEnabled: false}
Session ID: 85cbc7db-432a-42bd-a7fb-b2b46037c115
at sun.reflect.NativeConstructorAccessorImpl.newInstance0(Native Method)
at sun.reflect.NativeConstructorAccessorImpl.newInstance(NativeConstructorAccessorImpl.java:62)
at sun.reflect.DelegatingConstructorAccessorImpl.newInstance(DelegatingConstructorAccessorImpl.java:45)
at java.lang.reflect.Constructor.newInstance(Constructor.java:423)
at org.openqa.selenium.remote.http.W3CHttpResponseCodec.createException(W3CHttpResponseCodec.java:187)
at org.openqa.selenium.remote.http.W3CHttpResponseCodec.decode(W3CHttpResponseCodec.java:122)
at org.openqa.selenium.remote.http.W3CHttpResponseCodec.decode(W3CHttpResponseCodec.java:49)
at org.openqa.selenium.remote.HttpCommandExecutor.execute(HttpCommandExecutor.java:158)
at io.appium.java_client.remote.AppiumCommandExecutor.execute(AppiumCommandExecutor.java:218)
at org.openqa.selenium.remote.RemoteWebDriver.execute(RemoteWebDriver.java:552)
at io.appium.java_client.DefaultGenericMobileDriver.execute(DefaultGenericMobileDriver.java:46)
at io.appium.java_client.AppiumDriver.execute(AppiumDriver.java:1)
at io.appium.java_client.HasSessionDetails.getSessionDetails(HasSessionDetails.java:39)
at io.appium.java_client.HasSessionDetails.getSessionDetail(HasSessionDetails.java:56)
at io.appium.java_client.HasSessionDetails.getPlatformName(HasSessionDetails.java:65)
at io.appium.java_client.pagefactory.AppiumFieldDecorator.<init>(AppiumFieldDecorator.java:96)
at io.appium.java_client.pagefactory.AppiumFieldDecorator.<init>(AppiumFieldDecorator.java:144)
at createAccountPages.Register.<init>(Register.java:35)
at Tests.testCreateAccount.testCreateAccountWithFirstAndLastNameOnly(testCreateAccount.java:185)
at sun.reflect.NativeMethodAccessorImpl.invoke0(Native Method)
at sun.reflect.NativeMethodAccessorImpl.invoke(NativeMethodAccessorImpl.java:62)
at sun.reflect.DelegatingMethodAccessorImpl.invoke(DelegatingMethodAccessorImpl.java:43)
at java.lang.reflect.Method.invoke(Method.java:498)
at org.testng.internal.MethodInvocationHelper.invokeMethod(MethodInvocationHelper.java:124)
at org.testng.internal.Invoker.invokeMethod(Invoker.java:583)
at org.testng.internal.Invoker.invokeTestMethod(Invoker.java:719)
at org.testng.internal.Invoker.invokeTestMethods(Invoker.java:989)
at org.testng.internal.TestMethodWorker.invokeTestMethods(TestMethodWorker.java:125)
at org.testng.internal.TestMethodWorker.run(TestMethodWorker.java:109)
at org.testng.TestRunner.privateRun(TestRunner.java:648)
at org.testng.TestRunner.run(TestRunner.java:505)
at org.testng.SuiteRunner.runTest(SuiteRunner.java:455)
at org.testng.SuiteRunner.runSequentially(SuiteRunner.java:450)
at org.testng.SuiteRunner.privateRun(SuiteRunner.java:415)
at org.testng.SuiteRunner.run(SuiteRunner.java:364)
at org.testng.SuiteRunnerWorker.runSuite(SuiteRunnerWorker.java:52)
at org.testng.SuiteRunnerWorker.run(SuiteRunnerWorker.java:84)
at org.testng.TestNG.runSuitesSequentially(TestNG.java:1208)
at org.testng.TestNG.runSuitesLocally(TestNG.java:1137)
at org.testng.TestNG.runSuites(TestNG.java:1049)
at org.testng.TestNG.run(TestNG.java:1017)
at org.testng.remote.AbstractRemoteTestNG.run(AbstractRemoteTestNG.java:114)
at org.testng.remote.RemoteTestNG.initAndRun(RemoteTestNG.java:251)
at org.testng.remote.RemoteTestNG.main(RemoteTestNG.java:77)
]]>
    </error>
  </testcase> <!-- testCreateAccountWithFirstAndLastNameOnly -->
  <testcase name="testCreateAccountWithoutEmail" time="0.008" classname="Tests.testCreateAccount">
    <error type="org.openqa.selenium.NoSuchSessionException" message="A session is either terminated or not started
Build info: version: &#039;3.141.59&#039;, revision: &#039;e82be7d358&#039;, time: &#039;2018-11-14T08:17:03&#039;
System info: host: &#039;ucreate8-All-Series&#039;, ip: &#039;127.0.1.1&#039;, os.name: &#039;Linux&#039;, os.arch: &#039;amd64&#039;, os.version: &#039;4.15.0-43-generic&#039;, java.version: &#039;1.8.0_191&#039;
Driver info: io.appium.java_client.AppiumDriver
Capabilities {appActivity: com.imfootball.ui.activitie..., appPackage: com.imfootball, databaseEnabled: false, desired: {appActivity: com.imfootball.ui.activitie..., appPackage: com.imfootball, deviceName: ZY223D4K34, platformName: android, platformVersion: 7.0, resetKeyboard: true, unicodeKeyboard: true}, deviceManufacturer: motorola, deviceModel: Moto G (4), deviceName: ZY223D4K34, deviceScreenSize: 1080x1920, deviceUDID: ZY223D4K34, javascriptEnabled: true, locationContextEnabled: false, networkConnectionEnabled: true, platform: LINUX, platformName: LINUX, platformVersion: 7.0, resetKeyboard: true, takesScreenshot: true, unicodeKeyboard: true, warnings: {}, webStorageEnabled: false}
Session ID: 85cbc7db-432a-42bd-a7fb-b2b46037c115">
      <![CDATA[org.openqa.selenium.NoSuchSessionException: A session is either terminated or not started
Build info: version: '3.141.59', revision: 'e82be7d358', time: '2018-11-14T08:17:03'
System info: host: 'ucreate8-All-Series', ip: '127.0.1.1', os.name: 'Linux', os.arch: 'amd64', os.version: '4.15.0-43-generic', java.version: '1.8.0_191'
Driver info: io.appium.java_client.AppiumDriver
Capabilities {appActivity: com.imfootball.ui.activitie..., appPackage: com.imfootball, databaseEnabled: false, desired: {appActivity: com.imfootball.ui.activitie..., appPackage: com.imfootball, deviceName: ZY223D4K34, platformName: android, platformVersion: 7.0, resetKeyboard: true, unicodeKeyboard: true}, deviceManufacturer: motorola, deviceModel: Moto G (4), deviceName: ZY223D4K34, deviceScreenSize: 1080x1920, deviceUDID: ZY223D4K34, javascriptEnabled: true, locationContextEnabled: false, networkConnectionEnabled: true, platform: LINUX, platformName: LINUX, platformVersion: 7.0, resetKeyboard: true, takesScreenshot: true, unicodeKeyboard: true, warnings: {}, webStorageEnabled: false}
Session ID: 85cbc7db-432a-42bd-a7fb-b2b46037c115
at sun.reflect.NativeConstructorAccessorImpl.newInstance0(Native Method)
at sun.reflect.NativeConstructorAccessorImpl.newInstance(NativeConstructorAccessorImpl.java:62)
at sun.reflect.DelegatingConstructorAccessorImpl.newInstance(DelegatingConstructorAccessorImpl.java:45)
at java.lang.reflect.Constructor.newInstance(Constructor.java:423)
at org.openqa.selenium.remote.http.W3CHttpResponseCodec.createException(W3CHttpResponseCodec.java:187)
at org.openqa.selenium.remote.http.W3CHttpResponseCodec.decode(W3CHttpResponseCodec.java:122)
at org.openqa.selenium.remote.http.W3CHttpResponseCodec.decode(W3CHttpResponseCodec.java:49)
at org.openqa.selenium.remote.HttpCommandExecutor.execute(HttpCommandExecutor.java:158)
at io.appium.java_client.remote.AppiumCommandExecutor.execute(AppiumCommandExecutor.java:218)
at org.openqa.selenium.remote.RemoteWebDriver.execute(RemoteWebDriver.java:552)
at io.appium.java_client.DefaultGenericMobileDriver.execute(DefaultGenericMobileDriver.java:46)
at io.appium.java_client.AppiumDriver.execute(AppiumDriver.java:1)
at io.appium.java_client.HasSessionDetails.getSessionDetails(HasSessionDetails.java:39)
at io.appium.java_client.HasSessionDetails.getSessionDetail(HasSessionDetails.java:56)
at io.appium.java_client.HasSessionDetails.getPlatformName(HasSessionDetails.java:65)
at io.appium.java_client.pagefactory.AppiumFieldDecorator.<init>(AppiumFieldDecorator.java:96)
at io.appium.java_client.pagefactory.AppiumFieldDecorator.<init>(AppiumFieldDecorator.java:144)
at createAccountPages.Register.<init>(Register.java:35)
at Tests.testCreateAccount.testCreateAccountWithoutEmail(testCreateAccount.java:197)
at sun.reflect.NativeMethodAccessorImpl.invoke0(Native Method)
at sun.reflect.NativeMethodAccessorImpl.invoke(NativeMethodAccessorImpl.java:62)
at sun.reflect.DelegatingMethodAccessorImpl.invoke(DelegatingMethodAccessorImpl.java:43)
at java.lang.reflect.Method.invoke(Method.java:498)
at org.testng.internal.MethodInvocationHelper.invokeMethod(MethodInvocationHelper.java:124)
at org.testng.internal.Invoker.invokeMethod(Invoker.java:583)
at org.testng.internal.Invoker.invokeTestMethod(Invoker.java:719)
at org.testng.internal.Invoker.invokeTestMethods(Invoker.java:989)
at org.testng.internal.TestMethodWorker.invokeTestMethods(TestMethodWorker.java:125)
at org.testng.internal.TestMethodWorker.run(TestMethodWorker.java:109)
at org.testng.TestRunner.privateRun(TestRunner.java:648)
at org.testng.TestRunner.run(TestRunner.java:505)
at org.testng.SuiteRunner.runTest(SuiteRunner.java:455)
at org.testng.SuiteRunner.runSequentially(SuiteRunner.java:450)
at org.testng.SuiteRunner.privateRun(SuiteRunner.java:415)
at org.testng.SuiteRunner.run(SuiteRunner.java:364)
at org.testng.SuiteRunnerWorker.runSuite(SuiteRunnerWorker.java:52)
at org.testng.SuiteRunnerWorker.run(SuiteRunnerWorker.java:84)
at org.testng.TestNG.runSuitesSequentially(TestNG.java:1208)
at org.testng.TestNG.runSuitesLocally(TestNG.java:1137)
at org.testng.TestNG.runSuites(TestNG.java:1049)
at org.testng.TestNG.run(TestNG.java:1017)
at org.testng.remote.AbstractRemoteTestNG.run(AbstractRemoteTestNG.java:114)
at org.testng.remote.RemoteTestNG.initAndRun(RemoteTestNG.java:251)
at org.testng.remote.RemoteTestNG.main(RemoteTestNG.java:77)
]]>
    </error>
  </testcase> <!-- testCreateAccountWithoutEmail -->
  <testcase name="testCreateAccountWithInvalidEmail" time="0.005" classname="Tests.testCreateAccount">
    <error type="org.openqa.selenium.NoSuchSessionException" message="A session is either terminated or not started
Build info: version: &#039;3.141.59&#039;, revision: &#039;e82be7d358&#039;, time: &#039;2018-11-14T08:17:03&#039;
System info: host: &#039;ucreate8-All-Series&#039;, ip: &#039;127.0.1.1&#039;, os.name: &#039;Linux&#039;, os.arch: &#039;amd64&#039;, os.version: &#039;4.15.0-43-generic&#039;, java.version: &#039;1.8.0_191&#039;
Driver info: io.appium.java_client.AppiumDriver
Capabilities {appActivity: com.imfootball.ui.activitie..., appPackage: com.imfootball, databaseEnabled: false, desired: {appActivity: com.imfootball.ui.activitie..., appPackage: com.imfootball, deviceName: ZY223D4K34, platformName: android, platformVersion: 7.0, resetKeyboard: true, unicodeKeyboard: true}, deviceManufacturer: motorola, deviceModel: Moto G (4), deviceName: ZY223D4K34, deviceScreenSize: 1080x1920, deviceUDID: ZY223D4K34, javascriptEnabled: true, locationContextEnabled: false, networkConnectionEnabled: true, platform: LINUX, platformName: LINUX, platformVersion: 7.0, resetKeyboard: true, takesScreenshot: true, unicodeKeyboard: true, warnings: {}, webStorageEnabled: false}
Session ID: 85cbc7db-432a-42bd-a7fb-b2b46037c115">
      <![CDATA[org.openqa.selenium.NoSuchSessionException: A session is either terminated or not started
Build info: version: '3.141.59', revision: 'e82be7d358', time: '2018-11-14T08:17:03'
System info: host: 'ucreate8-All-Series', ip: '127.0.1.1', os.name: 'Linux', os.arch: 'amd64', os.version: '4.15.0-43-generic', java.version: '1.8.0_191'
Driver info: io.appium.java_client.AppiumDriver
Capabilities {appActivity: com.imfootball.ui.activitie..., appPackage: com.imfootball, databaseEnabled: false, desired: {appActivity: com.imfootball.ui.activitie..., appPackage: com.imfootball, deviceName: ZY223D4K34, platformName: android, platformVersion: 7.0, resetKeyboard: true, unicodeKeyboard: true}, deviceManufacturer: motorola, deviceModel: Moto G (4), deviceName: ZY223D4K34, deviceScreenSize: 1080x1920, deviceUDID: ZY223D4K34, javascriptEnabled: true, locationContextEnabled: false, networkConnectionEnabled: true, platform: LINUX, platformName: LINUX, platformVersion: 7.0, resetKeyboard: true, takesScreenshot: true, unicodeKeyboard: true, warnings: {}, webStorageEnabled: false}
Session ID: 85cbc7db-432a-42bd-a7fb-b2b46037c115
at sun.reflect.NativeConstructorAccessorImpl.newInstance0(Native Method)
at sun.reflect.NativeConstructorAccessorImpl.newInstance(NativeConstructorAccessorImpl.java:62)
at sun.reflect.DelegatingConstructorAccessorImpl.newInstance(DelegatingConstructorAccessorImpl.java:45)
at java.lang.reflect.Constructor.newInstance(Constructor.java:423)
at org.openqa.selenium.remote.http.W3CHttpResponseCodec.createException(W3CHttpResponseCodec.java:187)
at org.openqa.selenium.remote.http.W3CHttpResponseCodec.decode(W3CHttpResponseCodec.java:122)
at org.openqa.selenium.remote.http.W3CHttpResponseCodec.decode(W3CHttpResponseCodec.java:49)
at org.openqa.selenium.remote.HttpCommandExecutor.execute(HttpCommandExecutor.java:158)
at io.appium.java_client.remote.AppiumCommandExecutor.execute(AppiumCommandExecutor.java:218)
at org.openqa.selenium.remote.RemoteWebDriver.execute(RemoteWebDriver.java:552)
at io.appium.java_client.DefaultGenericMobileDriver.execute(DefaultGenericMobileDriver.java:46)
at io.appium.java_client.AppiumDriver.execute(AppiumDriver.java:1)
at io.appium.java_client.HasSessionDetails.getSessionDetails(HasSessionDetails.java:39)
at io.appium.java_client.HasSessionDetails.getSessionDetail(HasSessionDetails.java:56)
at io.appium.java_client.HasSessionDetails.getPlatformName(HasSessionDetails.java:65)
at io.appium.java_client.pagefactory.AppiumFieldDecorator.<init>(AppiumFieldDecorator.java:96)
at io.appium.java_client.pagefactory.AppiumFieldDecorator.<init>(AppiumFieldDecorator.java:144)
at createAccountPages.Register.<init>(Register.java:35)
at Tests.testCreateAccount.testCreateAccountWithInvalidEmail(testCreateAccount.java:208)
at sun.reflect.NativeMethodAccessorImpl.invoke0(Native Method)
at sun.reflect.NativeMethodAccessorImpl.invoke(NativeMethodAccessorImpl.java:62)
at sun.reflect.DelegatingMethodAccessorImpl.invoke(DelegatingMethodAccessorImpl.java:43)
at java.lang.reflect.Method.invoke(Method.java:498)
at org.testng.internal.MethodInvocationHelper.invokeMethod(MethodInvocationHelper.java:124)
at org.testng.internal.Invoker.invokeMethod(Invoker.java:583)
at org.testng.internal.Invoker.invokeTestMethod(Invoker.java:719)
at org.testng.internal.Invoker.invokeTestMethods(Invoker.java:989)
at org.testng.internal.TestMethodWorker.invokeTestMethods(TestMethodWorker.java:125)
at org.testng.internal.TestMethodWorker.run(TestMethodWorker.java:109)
at org.testng.TestRunner.privateRun(TestRunner.java:648)
at org.testng.TestRunner.run(TestRunner.java:505)
at org.testng.SuiteRunner.runTest(SuiteRunner.java:455)
at org.testng.SuiteRunner.runSequentially(SuiteRunner.java:450)
at org.testng.SuiteRunner.privateRun(SuiteRunner.java:415)
at org.testng.SuiteRunner.run(SuiteRunner.java:364)
at org.testng.SuiteRunnerWorker.runSuite(SuiteRunnerWorker.java:52)
at org.testng.SuiteRunnerWorker.run(SuiteRunnerWorker.java:84)
at org.testng.TestNG.runSuitesSequentially(TestNG.java:1208)
at org.testng.TestNG.runSuitesLocally(TestNG.java:1137)
at org.testng.TestNG.runSuites(TestNG.java:1049)
at org.testng.TestNG.run(TestNG.java:1017)
at org.testng.remote.AbstractRemoteTestNG.run(AbstractRemoteTestNG.java:114)
at org.testng.remote.RemoteTestNG.initAndRun(RemoteTestNG.java:251)
at org.testng.remote.RemoteTestNG.main(RemoteTestNG.java:77)
]]>
    </error>
  </testcase> <!-- testCreateAccountWithInvalidEmail -->
  <testcase name="testCreateAccountWithoutDOB" time="0.008" classname="Tests.testCreateAccount">
    <error type="org.openqa.selenium.NoSuchSessionException" message="A session is either terminated or not started
Build info: version: &#039;3.141.59&#039;, revision: &#039;e82be7d358&#039;, time: &#039;2018-11-14T08:17:03&#039;
System info: host: &#039;ucreate8-All-Series&#039;, ip: &#039;127.0.1.1&#039;, os.name: &#039;Linux&#039;, os.arch: &#039;amd64&#039;, os.version: &#039;4.15.0-43-generic&#039;, java.version: &#039;1.8.0_191&#039;
Driver info: io.appium.java_client.AppiumDriver
Capabilities {appActivity: com.imfootball.ui.activitie..., appPackage: com.imfootball, databaseEnabled: false, desired: {appActivity: com.imfootball.ui.activitie..., appPackage: com.imfootball, deviceName: ZY223D4K34, platformName: android, platformVersion: 7.0, resetKeyboard: true, unicodeKeyboard: true}, deviceManufacturer: motorola, deviceModel: Moto G (4), deviceName: ZY223D4K34, deviceScreenSize: 1080x1920, deviceUDID: ZY223D4K34, javascriptEnabled: true, locationContextEnabled: false, networkConnectionEnabled: true, platform: LINUX, platformName: LINUX, platformVersion: 7.0, resetKeyboard: true, takesScreenshot: true, unicodeKeyboard: true, warnings: {}, webStorageEnabled: false}
Session ID: 85cbc7db-432a-42bd-a7fb-b2b46037c115">
      <![CDATA[org.openqa.selenium.NoSuchSessionException: A session is either terminated or not started
Build info: version: '3.141.59', revision: 'e82be7d358', time: '2018-11-14T08:17:03'
System info: host: 'ucreate8-All-Series', ip: '127.0.1.1', os.name: 'Linux', os.arch: 'amd64', os.version: '4.15.0-43-generic', java.version: '1.8.0_191'
Driver info: io.appium.java_client.AppiumDriver
Capabilities {appActivity: com.imfootball.ui.activitie..., appPackage: com.imfootball, databaseEnabled: false, desired: {appActivity: com.imfootball.ui.activitie..., appPackage: com.imfootball, deviceName: ZY223D4K34, platformName: android, platformVersion: 7.0, resetKeyboard: true, unicodeKeyboard: true}, deviceManufacturer: motorola, deviceModel: Moto G (4), deviceName: ZY223D4K34, deviceScreenSize: 1080x1920, deviceUDID: ZY223D4K34, javascriptEnabled: true, locationContextEnabled: false, networkConnectionEnabled: true, platform: LINUX, platformName: LINUX, platformVersion: 7.0, resetKeyboard: true, takesScreenshot: true, unicodeKeyboard: true, warnings: {}, webStorageEnabled: false}
Session ID: 85cbc7db-432a-42bd-a7fb-b2b46037c115
at sun.reflect.NativeConstructorAccessorImpl.newInstance0(Native Method)
at sun.reflect.NativeConstructorAccessorImpl.newInstance(NativeConstructorAccessorImpl.java:62)
at sun.reflect.DelegatingConstructorAccessorImpl.newInstance(DelegatingConstructorAccessorImpl.java:45)
at java.lang.reflect.Constructor.newInstance(Constructor.java:423)
at org.openqa.selenium.remote.http.W3CHttpResponseCodec.createException(W3CHttpResponseCodec.java:187)
at org.openqa.selenium.remote.http.W3CHttpResponseCodec.decode(W3CHttpResponseCodec.java:122)
at org.openqa.selenium.remote.http.W3CHttpResponseCodec.decode(W3CHttpResponseCodec.java:49)
at org.openqa.selenium.remote.HttpCommandExecutor.execute(HttpCommandExecutor.java:158)
at io.appium.java_client.remote.AppiumCommandExecutor.execute(AppiumCommandExecutor.java:218)
at org.openqa.selenium.remote.RemoteWebDriver.execute(RemoteWebDriver.java:552)
at io.appium.java_client.DefaultGenericMobileDriver.execute(DefaultGenericMobileDriver.java:46)
at io.appium.java_client.AppiumDriver.execute(AppiumDriver.java:1)
at io.appium.java_client.HasSessionDetails.getSessionDetails(HasSessionDetails.java:39)
at io.appium.java_client.HasSessionDetails.getSessionDetail(HasSessionDetails.java:56)
at io.appium.java_client.HasSessionDetails.getPlatformName(HasSessionDetails.java:65)
at io.appium.java_client.pagefactory.AppiumFieldDecorator.<init>(AppiumFieldDecorator.java:96)
at io.appium.java_client.pagefactory.AppiumFieldDecorator.<init>(AppiumFieldDecorator.java:144)
at createAccountPages.Register.<init>(Register.java:35)
at Tests.testCreateAccount.testCreateAccountWithoutDOB(testCreateAccount.java:220)
at sun.reflect.NativeMethodAccessorImpl.invoke0(Native Method)
at sun.reflect.NativeMethodAccessorImpl.invoke(NativeMethodAccessorImpl.java:62)
at sun.reflect.DelegatingMethodAccessorImpl.invoke(DelegatingMethodAccessorImpl.java:43)
at java.lang.reflect.Method.invoke(Method.java:498)
at org.testng.internal.MethodInvocationHelper.invokeMethod(MethodInvocationHelper.java:124)
at org.testng.internal.Invoker.invokeMethod(Invoker.java:583)
at org.testng.internal.Invoker.invokeTestMethod(Invoker.java:719)
at org.testng.internal.Invoker.invokeTestMethods(Invoker.java:989)
at org.testng.internal.TestMethodWorker.invokeTestMethods(TestMethodWorker.java:125)
at org.testng.internal.TestMethodWorker.run(TestMethodWorker.java:109)
at org.testng.TestRunner.privateRun(TestRunner.java:648)
at org.testng.TestRunner.run(TestRunner.java:505)
at org.testng.SuiteRunner.runTest(SuiteRunner.java:455)
at org.testng.SuiteRunner.runSequentially(SuiteRunner.java:450)
at org.testng.SuiteRunner.privateRun(SuiteRunner.java:415)
at org.testng.SuiteRunner.run(SuiteRunner.java:364)
at org.testng.SuiteRunnerWorker.runSuite(SuiteRunnerWorker.java:52)
at org.testng.SuiteRunnerWorker.run(SuiteRunnerWorker.java:84)
at org.testng.TestNG.runSuitesSequentially(TestNG.java:1208)
at org.testng.TestNG.runSuitesLocally(TestNG.java:1137)
at org.testng.TestNG.runSuites(TestNG.java:1049)
at org.testng.TestNG.run(TestNG.java:1017)
at org.testng.remote.AbstractRemoteTestNG.run(AbstractRemoteTestNG.java:114)
at org.testng.remote.RemoteTestNG.initAndRun(RemoteTestNG.java:251)
at org.testng.remote.RemoteTestNG.main(RemoteTestNG.java:77)
]]>
    </error>
  </testcase> <!-- testCreateAccountWithoutDOB -->
  <testcase name="testCreateAccountWithoutPassword" time="0.007" classname="Tests.testCreateAccount">
    <error type="org.openqa.selenium.NoSuchSessionException" message="A session is either terminated or not started
Build info: version: &#039;3.141.59&#039;, revision: &#039;e82be7d358&#039;, time: &#039;2018-11-14T08:17:03&#039;
System info: host: &#039;ucreate8-All-Series&#039;, ip: &#039;127.0.1.1&#039;, os.name: &#039;Linux&#039;, os.arch: &#039;amd64&#039;, os.version: &#039;4.15.0-43-generic&#039;, java.version: &#039;1.8.0_191&#039;
Driver info: io.appium.java_client.AppiumDriver
Capabilities {appActivity: com.imfootball.ui.activitie..., appPackage: com.imfootball, databaseEnabled: false, desired: {appActivity: com.imfootball.ui.activitie..., appPackage: com.imfootball, deviceName: ZY223D4K34, platformName: android, platformVersion: 7.0, resetKeyboard: true, unicodeKeyboard: true}, deviceManufacturer: motorola, deviceModel: Moto G (4), deviceName: ZY223D4K34, deviceScreenSize: 1080x1920, deviceUDID: ZY223D4K34, javascriptEnabled: true, locationContextEnabled: false, networkConnectionEnabled: true, platform: LINUX, platformName: LINUX, platformVersion: 7.0, resetKeyboard: true, takesScreenshot: true, unicodeKeyboard: true, warnings: {}, webStorageEnabled: false}
Session ID: 85cbc7db-432a-42bd-a7fb-b2b46037c115">
      <![CDATA[org.openqa.selenium.NoSuchSessionException: A session is either terminated or not started
Build info: version: '3.141.59', revision: 'e82be7d358', time: '2018-11-14T08:17:03'
System info: host: 'ucreate8-All-Series', ip: '127.0.1.1', os.name: 'Linux', os.arch: 'amd64', os.version: '4.15.0-43-generic', java.version: '1.8.0_191'
Driver info: io.appium.java_client.AppiumDriver
Capabilities {appActivity: com.imfootball.ui.activitie..., appPackage: com.imfootball, databaseEnabled: false, desired: {appActivity: com.imfootball.ui.activitie..., appPackage: com.imfootball, deviceName: ZY223D4K34, platformName: android, platformVersion: 7.0, resetKeyboard: true, unicodeKeyboard: true}, deviceManufacturer: motorola, deviceModel: Moto G (4), deviceName: ZY223D4K34, deviceScreenSize: 1080x1920, deviceUDID: ZY223D4K34, javascriptEnabled: true, locationContextEnabled: false, networkConnectionEnabled: true, platform: LINUX, platformName: LINUX, platformVersion: 7.0, resetKeyboard: true, takesScreenshot: true, unicodeKeyboard: true, warnings: {}, webStorageEnabled: false}
Session ID: 85cbc7db-432a-42bd-a7fb-b2b46037c115
at sun.reflect.NativeConstructorAccessorImpl.newInstance0(Native Method)
at sun.reflect.NativeConstructorAccessorImpl.newInstance(NativeConstructorAccessorImpl.java:62)
at sun.reflect.DelegatingConstructorAccessorImpl.newInstance(DelegatingConstructorAccessorImpl.java:45)
at java.lang.reflect.Constructor.newInstance(Constructor.java:423)
at org.openqa.selenium.remote.http.W3CHttpResponseCodec.createException(W3CHttpResponseCodec.java:187)
[...]
at io.appium.java_client.DefaultGenericMobileDriver.execute(DefaultGenericMobileDriver.java:46)
at io.appium.java_client.AppiumDriver.execute(AppiumDriver.java:1)
at io.appium.java_client.HasSessionDetails.getSessionDetails(HasSessionDetails.java:39)
at io.appium.java_client.HasSessionDetails.getSessionDetail(HasSessionDetails.java:56)
at io.appium.java_client.HasSessionDetails.getPlatformName(HasSessionDetails.java:65)
at io.appium.java_client.pagefactory.AppiumFieldDecorator.<init>(AppiumFieldDecorator.java:96)
at io.appium.java_client.pagefactory.AppiumFieldDecorator.<init>(AppiumFieldDecorator.java:144)
at createAccountPages.Register.<init>(Register.java:35)
at Tests.testCreateAccount.testCreateAccountWithInvaidPasswordCriteria(testCreateAccount.java:244)
at sun.reflect.NativeMethodAccessorImpl.invoke0(Native Method)
at sun.reflect.NativeMethodAccessorImpl.invoke(NativeMethodAccessorImpl.java:62)
at sun.reflect.DelegatingMethodAccessorImpl.invoke(DelegatingMethodAccessorImpl.java:43)
at java.lang.reflect.Method.invoke(Method.java:498)
at org.testng.internal.MethodInvocationHelper.invokeMethod(MethodInvocationHelper.java:124)
at org.testng.internal.Invoker.invokeMethod(Invoker.java:583)
at org.testng.internal.Invoker.invokeTestMethod(Invoker.java:719)
at org.testng.internal.Invoker.invokeTestMethods(Invoker.java:989)
at org.testng.internal.TestMethodWorker.invokeTestMethods(TestMethodWorker.java:125)
at org.testng.internal.TestMethodWorker.run(TestMethodWorker.java:109)
at org.testng.TestRunner.privateRun(TestRunner.java:648)
at org.testng.TestRunner.run(TestRunner.java:505)
at org.testng.SuiteRunner.runTest(SuiteRunner.java:455)
at org.testng.SuiteRunner.runSequentially(SuiteRunner.java:450)
at org.testng.SuiteRunner.privateRun(SuiteRunner.java:415)
at org.testng.SuiteRunner.run(SuiteRunner.java:364)
at org.testng.SuiteRunnerWorker.runSuite(SuiteRunnerWorker.java:52)
at org.testng.SuiteRunnerWorker.run(SuiteRunnerWorker.java:84)
at org.testng.TestNG.runSuitesSequentially(TestNG.java:1208)
at org.testng.TestNG.runSuitesLocally(TestNG.java:1137)
at org.testng.TestNG.runSuites(TestNG.java:1049)
at org.testng.TestNG.run(TestNG.java:1017)
at org.testng.remote.AbstractRemoteTestNG.run(AbstractRemoteTestNG.java:114)
at org.testng.remote.RemoteTestNG.initAndRun(RemoteTestNG.java:251)
at org.testng.remote.RemoteTestNG.main(RemoteTestNG.java:77)
]]>
    </error>
  </testcase> <!-- testCreateAccountWithInvaidPasswordCriteria -->
  <testcase name="testCreateAccountWith2ndInvaidPasswordCriteria" time="0.007" classname="Tests.testCreateAccount">
    <error type="org.openqa.selenium.NoSuchSessionException" message="A session is either terminated or not started
Build info: version: &#039;3.141.59&#039;, revision: &#039;e82be7d358&#039;, time: &#039;2018-11-14T08:17:03&#039;
System info: host: &#039;ucreate8-All-Series&#039;, ip: &#039;127.0.1.1&#039;, os.name: &#039;Linux&#039;, os.arch: &#039;amd64&#039;, os.version: &#039;4.15.0-43-generic&#039;, java.version: &#039;1.8.0_191&#039;
Driver info: io.appium.java_client.AppiumDriver
Capabilities {appActivity: com.imfootball.ui.activitie..., appPackage: com.imfootball, databaseEnabled: false, desired: {appActivity: com.imfootball.ui.activitie..., appPackage: com.imfootball, deviceName: ZY223D4K34, platformName: android, platformVersion: 7.0, resetKeyboard: true, unicodeKeyboard: true}, deviceManufacturer: motorola, deviceModel: Moto G (4), deviceName: ZY223D4K34, deviceScreenSize: 1080x1920, deviceUDID: ZY223D4K34, javascriptEnabled: true, locationContextEnabled: false, networkConnectionEnabled: true, platform: LINUX, platformName: LINUX, platformVersion: 7.0, resetKeyboard: true, takesScreenshot: true, unicodeKeyboard: true, warnings: {}, webStorageEnabled: false}
Session ID: 85cbc7db-432a-42bd-a7fb-b2b46037c115">
      <![CDATA[org.openqa.selenium.NoSuchSessionException: A session is either terminated or not started
Build info: version: '3.141.59', revision: 'e82be7d358', time: '2018-11-14T08:17:03'
System info: host: 'ucreate8-All-Series', ip: '127.0.1.1', os.name: 'Linux', os.arch: 'amd64', os.version: '4.15.0-43-generic', java.version: '1.8.0_191'
Driver info: io.appium.java_client.AppiumDriver
Capabilities {appActivity: com.imfootball.ui.activitie..., appPackage: com.imfootball, databaseEnabled: false, desired: {appActivity: com.imfootball.ui.activitie..., appPackage: com.imfootball, deviceName: ZY223D4K34, platformName: android, platformVersion: 7.0, resetKeyboard: true, unicodeKeyboard: true}, deviceManufacturer: motorola, deviceModel: Moto G (4), deviceName: ZY223D4K34, deviceScreenSize: 1080x1920, deviceUDID: ZY223D4K34, javascriptEnabled: true, locationContextEnabled: false, networkConnectionEnabled: true, platform: LINUX, platformName: LINUX, platformVersion: 7.0, resetKeyboard: true, takesScreenshot: true, unicodeKeyboard: true, warnings: {}, webStorageEnabled: false}
Session ID: 85cbc7db-432a-42bd-a7fb-b2b46037c115
at sun.reflect.NativeConstructorAccessorImpl.newInstance0(Native Method)
at sun.reflect.NativeConstructorAccessorImpl.newInstance(NativeConstructorAccessorImpl.java:62)
at sun.reflect.DelegatingConstructorAccessorImpl.newInstance(DelegatingConstructorAccessorImpl.java:45)
at java.lang.reflect.Constructor.newInstance(Constructor.java:423)
at org.openqa.selenium.remote.http.W3CHttpResponseCodec.createException(W3CHttpResponseCodec.java:187)
at org.openqa.selenium.remote.http.W3CHttpResponseCodec.decode(W3CHttpResponseCodec.java:122)
at org.openqa.selenium.remote.http.W3CHttpResponseCodec.decode(W3CHttpResponseCodec.java:49)
at org.openqa.selenium.remote.HttpCommandExecutor.execute(HttpCommandExecutor.java:158)
at io.appium.java_client.remote.AppiumCommandExecutor.execute(AppiumCommandExecutor.java:218)
at org.openqa.selenium.remote.RemoteWebDriver.execute(RemoteWebDriver.java:552)
at io.appium.java_client.DefaultGenericMobileDriver.execute(DefaultGenericMobileDriver.java:46)
at io.appium.java_client.AppiumDriver.execute(AppiumDriver.java:1)
at io.appium.java_client.HasSessionDetails.getSessionDetails(HasSessionDetails.java:39)
at io.appium.java_client.HasSessionDetails.getSessionDetail(HasSessionDetails.java:56)
at io.appium.java_client.HasSessionDetails.getPlatformName(HasSessionDetails.java:65)
at io.appium.java_client.pagefactory.AppiumFieldDecorator.<init>(AppiumFieldDecorator.java:96)
at io.appium.java_client.pagefactory.AppiumFieldDecorator.<init>(AppiumFieldDecorator.java:144)
at createAccountPages.Register.<init>(Register.java:35)
at Tests.testCreateAccount.testCreateAccountWith2ndInvaidPasswordCriteria(testCreateAccount.java:256)
at sun.reflect.NativeMethodAccessorImpl.invoke0(Native Method)
at sun.reflect.NativeMethodAccessorImpl.invoke(NativeMethodAccessorImpl.java:62)
at sun.reflect.DelegatingMethodAccessorImpl.invoke(DelegatingMethodAccessorImpl.java:43)
at java.lang.reflect.Method.invoke(Method.java:498)
at org.testng.internal.MethodInvocationHelper.invokeMethod(MethodInvocationHelper.java:124)
at org.testng.internal.Invoker.invokeMethod(Invoker.java:583)
at org.testng.internal.Invoker.invokeTestMethod(Invoker.java:719)
at org.testng.internal.Invoker.invokeTestMethods(Invoker.java:989)
at org.testng.internal.TestMethodWorker.invokeTestMethods(TestMethodWorker.java:125)
at org.testng.internal.TestMethodWorker.run(TestMethodWorker.java:109)
at org.testng.TestRunner.privateRun(TestRunner.java:648)
at org.testng.TestRunner.run(TestRunner.java:505)
at org.testng.SuiteRunner.runTest(SuiteRunner.java:455)
at org.testng.SuiteRunner.runSequentially(SuiteRunner.java:450)
at org.testng.SuiteRunner.privateRun(SuiteRunner.java:415)
at org.testng.SuiteRunner.run(SuiteRunner.java:364)
at org.testng.SuiteRunnerWorker.runSuite(SuiteRunnerWorker.java:52)
at org.testng.SuiteRunnerWorker.run(SuiteRunnerWorker.java:84)
at org.testng.TestNG.runSuitesSequentially(TestNG.java:1208)
at org.testng.TestNG.runSuitesLocally(TestNG.java:1137)
at org.testng.TestNG.runSuites(TestNG.java:1049)
at org.testng.TestNG.run(TestNG.java:1017)
at org.testng.remote.AbstractRemoteTestNG.run(AbstractRemoteTestNG.java:114)
at org.testng.remote.RemoteTestNG.initAndRun(RemoteTestNG.java:251)
at org.testng.remote.RemoteTestNG.main(RemoteTestNG.java:77)
]]>
    </error>
  </testcase> <!-- testCreateAccountWith2ndInvaidPasswordCriteria -->
  <testcase name="testCreateAccountWith3rdInvaidPasswordCriteria" time="0.007" classname="Tests.testCreateAccount">
    <error type="org.openqa.selenium.NoSuchSessionException" message="A session is either terminated or not started
Build info: version: &#039;3.141.59&#039;, revision: &#039;e82be7d358&#039;, time: &#039;2018-11-14T08:17:03&#039;
System info: host: &#039;ucreate8-All-Series&#039;, ip: &#039;127.0.1.1&#039;, os.name: &#039;Linux&#039;, os.arch: &#039;amd64&#039;, os.version: &#039;4.15.0-43-generic&#039;, java.version: &#039;1.8.0_191&#039;
Driver info: io.appium.java_client.AppiumDriver
Capabilities {appActivity: com.imfootball.ui.activitie..., appPackage: com.imfootball, databaseEnabled: false, desired: {appActivity: com.imfootball.ui.activitie..., appPackage: com.imfootball, deviceName: ZY223D4K34, platformName: android, platformVersion: 7.0, resetKeyboard: true, unicodeKeyboard: true}, deviceManufacturer: motorola, deviceModel: Moto G (4), deviceName: ZY223D4K34, deviceScreenSize: 1080x1920, deviceUDID: ZY223D4K34, javascriptEnabled: true, locationContextEnabled: false, networkConnectionEnabled: true, platform: LINUX, platformName: LINUX, platformVersion: 7.0, resetKeyboard: true, takesScreenshot: true, unicodeKeyboard: true, warnings: {}, webStorageEnabled: false}
Session ID: 85cbc7db-432a-42bd-a7fb-b2b46037c115">
      <![CDATA[org.openqa.selenium.NoSuchSessionException: A session is either terminated or not started
Build info: version: '3.141.59', revision: 'e82be7d358', time: '2018-11-14T08:17:03'
System info: host: 'ucreate8-All-Series', ip: '127.0.1.1', os.name: 'Linux', os.arch: 'amd64', os.version: '4.15.0-43-generic', java.version: '1.8.0_191'
Driver info: io.appium.java_client.AppiumDriver
Capabilities {appActivity: com.imfootball.ui.activitie..., appPackage: com.imfootball, databaseEnabled: false, desired: {appActivity: com.imfootball.ui.activitie..., appPackage: com.imfootball, deviceName: ZY223D4K34, platformName: android, platformVersion: 7.0, resetKeyboard: true, unicodeKeyboard: true}, deviceManufacturer: motorola, deviceModel: Moto G (4), deviceName: ZY223D4K34, deviceScreenSize: 1080x1920, deviceUDID: ZY223D4K34, javascriptEnabled: true, locationContextEnabled: false, networkConnectionEnabled: true, platform: LINUX, platformName: LINUX, platformVersion: 7.0, resetKeyboard: true, takesScreenshot: true, unicodeKeyboard: true, warnings: {}, webStorageEnabled: false}
Session ID: 85cbc7db-432a-42bd-a7fb-b2b46037c115
at sun.reflect.NativeConstructorAccessorImpl.newInstance0(Native Method)
at sun.reflect.NativeConstructorAccessorImpl.newInstance(NativeConstructorAccessorImpl.java:62)
at sun.reflect.DelegatingConstructorAccessorImpl.newInstance(DelegatingConstructorAccessorImpl.java:45)
at java.lang.reflect.Constructor.newInstance(Constructor.java:423)
at org.openqa.selenium.remote.http.W3CHttpResponseCodec.createException(W3CHttpResponseCodec.java:187)
at org.openqa.selenium.remote.http.W3CHttpResponseCodec.decode(W3CHttpResponseCodec.java:122)
at org.openqa.selenium.remote.http.W3CHttpResponseCodec.decode(W3CHttpResponseCodec.java:49)
at org.openqa.selenium.remote.HttpCommandExecutor.execute(HttpCommandExecutor.java:158)
at io.appium.java_client.remote.AppiumCommandExecutor.execute(AppiumCommandExecutor.java:218)
at org.openqa.selenium.remote.RemoteWebDriver.execute(RemoteWebDriver.java:552)
at io.appium.java_client.DefaultGenericMobileDriver.execute(DefaultGenericMobileDriver.java:46)
at io.appium.java_client.AppiumDriver.execute(AppiumDriver.java:1)
at io.appium.java_client.HasSessionDetails.getSessionDetails(HasSessionDetails.java:39)
at io.appium.java_client.HasSessionDetails.getSessionDetail(HasSessionDetails.java:56)
at io.appium.java_client.HasSessionDetails.getPlatformName(HasSessionDetails.java:65)
at io.appium.java_client.pagefactory.AppiumFieldDecorator.<init>(AppiumFieldDecorator.java:96)
at io.appium.java_client.pagefactory.AppiumFieldDecorator.<init>(AppiumFieldDecorator.java:144)
at createAccountPages.Register.<init>(Register.java:35)
at Tests.testCreateAccount.testCreateAccountWith3rdInvaidPasswordCriteria(testCreateAccount.java:268)
at sun.reflect.NativeMethodAccessorImpl.invoke0(Native Method)
at sun.reflect.NativeMethodAccessorImpl.invoke(NativeMethodAccessorImpl.java:62)
at sun.reflect.DelegatingMethodAccessorImpl.invoke(DelegatingMethodAccessorImpl.java:43)
at java.lang.reflect.Method.invoke(Method.java:498)
at org.testng.internal.MethodInvocationHelper.invokeMethod(MethodInvocationHelper.java:124)
at org.testng.internal.Invoker.invokeMethod(Invoker.java:583)
at org.testng.internal.Invoker.invokeTestMethod(Invoker.java:719)
at org.testng.internal.Invoker.invokeTestMethods(Invoker.java:989)
at org.testng.internal.TestMethodWorker.invokeTestMethods(TestMethodWorker.java:125)
at org.testng.internal.TestMethodWorker.run(TestMethodWorker.java:109)
at org.testng.TestRunner.privateRun(TestRunner.java:648)
at org.testng.TestRunner.run(TestRunner.java:505)
at org.testng.SuiteRunner.runTest(SuiteRunner.java:455)
at org.testng.SuiteRunner.runSequentially(SuiteRunner.java:450)
at org.testng.SuiteRunner.privateRun(SuiteRunner.java:415)
at org.testng.SuiteRunner.run(SuiteRunner.java:364)
at org.testng.SuiteRunnerWorker.runSuite(SuiteRunnerWorker.java:52)
at org.testng.SuiteRunnerWorker.run(SuiteRunnerWorker.java:84)
at org.testng.TestNG.runSuitesSequentially(TestNG.java:1208)
at org.testng.TestNG.runSuitesLocally(TestNG.java:1137)
at org.testng.TestNG.runSuites(TestNG.java:1049)
at org.testng.TestNG.run(TestNG.java:1017)
at org.testng.remote.AbstractRemoteTestNG.run(AbstractRemoteTestNG.java:114)
at org.testng.remote.RemoteTestNG.initAndRun(RemoteTestNG.java:251)
at org.testng.remote.RemoteTestNG.main(RemoteTestNG.java:77)
]]>
    </error>
  </testcase> <!-- testCreateAccountWith3rdInvaidPasswordCriteria -->
  <testcase name="testInformationIconWorking" time="0.005" classname="Tests.testCreateAccount">
    <error type="org.openqa.selenium.NoSuchSessionException" message="A session is either terminated or not started
Build info: version: &#039;3.141.59&#039;, revision: &#039;e82be7d358&#039;, time: &#039;2018-11-14T08:17:03&#039;
System info: host: &#039;ucreate8-All-Series&#039;, ip: &#039;127.0.1.1&#039;, os.name: &#039;Linux&#039;, os.arch: &#039;amd64&#039;, os.version: &#039;4.15.0-43-generic&#039;, java.version: &#039;1.8.0_191&#039;
Driver info: io.appium.java_client.AppiumDriver
Capabilities {appActivity: com.imfootball.ui.activitie..., appPackage: com.imfootball, databaseEnabled: false, desired: {appActivity: com.imfootball.ui.activitie..., appPackage: com.imfootball, deviceName: ZY223D4K34, platformName: android, platformVersion: 7.0, resetKeyboard: true, unicodeKeyboard: true}, deviceManufacturer: motorola, deviceModel: Moto G (4), deviceName: ZY223D4K34, deviceScreenSize: 1080x1920, deviceUDID: ZY223D4K34, javascriptEnabled: true, locationContextEnabled: false, networkConnectionEnabled: true, platform: LINUX, platformName: LINUX, platformVersion: 7.0, resetKeyboard: true, takesScreenshot: true, unicodeKeyboard: true, warnings: {}, webStorageEnabled: false}
Session ID: 85cbc7db-432a-42bd-a7fb-b2b46037c115">
      <![CDATA[org.openqa.selenium.NoSuchSessionException: A session is either terminated or not started
Build info: version: '3.141.59', revision: 'e82be7d358', time: '2018-11-14T08:17:03'
System info: host: 'ucreate8-All-Series', ip: '127.0.1.1', os.name: 'Linux', os.arch: 'amd64', os.version: '4.15.0-43-generic', java.version: '1.8.0_191'
Driver info: io.appium.java_client.AppiumDriver
Capabilities {appActivity: com.imfootball.ui.activitie..., appPackage: com.imfootball, databaseEnabled: false, desired: {appActivity: com.imfootball.ui.activitie..., appPackage: com.imfootball, deviceName: ZY223D4K34, platformName: android, platformVersion: 7.0, resetKeyboard: true, unicodeKeyboard: true}, deviceManufacturer: motorola, deviceModel: Moto G (4), deviceName: ZY223D4K34, deviceScreenSize: 1080x1920, deviceUDID: ZY223D4K34, javascriptEnabled: true, locationContextEnabled: false, networkConnectionEnabled: true, platform: LINUX, platformName: LINUX, platformVersion: 7.0, resetKeyboard: true, takesScreenshot: true, unicodeKeyboard: true, warnings: {}, webStorageEnabled: false}
Session ID: 85cbc7db-432a-42bd-a7fb-b2b46037c115
at sun.reflect.GeneratedConstructorAccessor14.newInstance(Unknown Source)
at sun.reflect.DelegatingConstructorAccessorImpl.newInstance(DelegatingConstructorAccessorImpl.java:45)
at java.lang.reflect.Constructor.newInstance(Constructor.java:423)
at org.openqa.selenium.remote.http.W3CHttpResponseCodec.createException(W3CHttpResponseCodec.java:187)
at org.openqa.selenium.remote.http.W3CHttpResponseCodec.decode(W3CHttpResponseCodec.java:122)
at org.openqa.selenium.remote.http.W3CHttpResponseCodec.decode(W3CHttpResponseCodec.java:49)
at org.openqa.selenium.remote.HttpCommandExecutor.execute(HttpCommandExecutor.java:158)
at io.appium.java_client.remote.AppiumCommandExecutor.execute(AppiumCommandExecutor.java:218)
at org.openqa.selenium.remote.RemoteWebDriver.execute(RemoteWebDriver.java:552)
at io.appium.java_client.DefaultGenericMobileDriver.execute(DefaultGenericMobileDriver.java:46)
at io.appium.java_client.AppiumDriver.execute(AppiumDriver.java:1)
at io.appium.java_client.HasSessionDetails.getSessionDetails(HasSessionDetails.java:39)
at io.appium.java_client.HasSessionDetails.getSessionDetail(HasSessionDetails.java:56)
at io.appium.java_client.HasSessionDetails.getPlatformName(HasSessionDetails.java:65)
at io.appium.java_client.pagefactory.AppiumFieldDecorator.<init>(AppiumFieldDecorator.java:96)
at io.appium.java_client.pagefactory.AppiumFieldDecorator.<init>(AppiumFieldDecorator.java:144)
at createAccountPages.Register.<init>(Register.java:35)
at Tests.testCreateAccount.testInformationIconWorking(testCreateAccount.java:280)
at sun.reflect.NativeMethodAccessorImpl.invoke0(Native Method)
at sun.reflect.NativeMethodAccessorImpl.invoke(NativeMethodAccessorImpl.java:62)
at sun.reflect.DelegatingMethodAccessorImpl.invoke(DelegatingMethodAccessorImpl.java:43)
at java.lang.reflect.Method.invoke(Method.java:498)
at org.testng.internal.MethodInvocationHelper.invokeMethod(MethodInvocationHelper.java:124)
at org.testng.internal.Invoker.invokeMethod(Invoker.java:583)
at org.testng.internal.Invoker.invokeTestMethod(Invoker.java:719)
at org.testng.internal.Invoker.invokeTestMethods(Invoker.java:989)
at org.testng.internal.TestMethodWorker.invokeTestMethods(TestMethodWorker.java:125)
at org.testng.internal.TestMethodWorker.run(TestMethodWorker.java:109)
at org.testng.TestRunner.privateRun(TestRunner.java:648)
at org.testng.TestRunner.run(TestRunner.java:505)
at org.testng.SuiteRunner.runTest(SuiteRunner.java:455)
at org.testng.SuiteRunner.runSequentially(SuiteRunner.java:450)
at org.testng.SuiteRunner.privateRun(SuiteRunner.java:415)
at org.testng.SuiteRunner.run(SuiteRunner.java:364)
at org.testng.SuiteRunnerWorker.runSuite(SuiteRunnerWorker.java:52)
at org.testng.SuiteRunnerWorker.run(SuiteRunnerWorker.java:84)
at org.testng.TestNG.runSuitesSequentially(TestNG.java:1208)
at org.testng.TestNG.runSuitesLocally(TestNG.java:1137)
at org.testng.TestNG.runSuites(TestNG.java:1049)
at org.testng.TestNG.run(TestNG.java:1017)
at org.testng.remote.AbstractRemoteTestNG.run(AbstractRemoteTestNG.java:114)
at org.testng.remote.RemoteTestNG.initAndRun(RemoteTestNG.java:251)
at org.testng.remote.RemoteTestNG.main(RemoteTestNG.java:77)
]]>
    </error>
  </testcase> <!-- testInformationIconWorking -->
</testsuite> <!-- Tests.testCreateAccount -->
